# JRE version: OpenJDK Runtime Environment (17.0.6) (build 17.0.6+0-b2043.56-10027231)
# Java VM: OpenJDK 64-Bit Server VM (17.0.6+0-b2043.56-10027231, mixed mode, tiered, compressed oops, compressed class ptrs, g1 gc, windows-amd64)
GC Precious Log:
 CPUs: 4 total, 4 available
 Memory: 8083M
 Large Page Support: Disabled
 NUMA Support: Disabled
 Compressed Oops: Enabled (32-bit)
 Heap Region Size: 1M
 Heap Min Capacity: 8M
 Heap Initial Capacity: 128M
 Heap Max Capacity: 2G
 Pre-touch: Disabled
 Parallel Workers: 4
 Concurrent Workers: 1
 Concurrent Refinement Workers: 4
 Periodic GC: Disabled
Heap:
 garbage-first heap   total 487424K, used 143360K [0x0000000080000000, 0x0000000100000000)
  region size 1024K, 13 young (13312K), 5 survivors (5120K)
 Metaspace       used 101066K, committed 101760K, reserved 1138688K
  class space    used 13695K, committed 14016K, reserved 1048576K
GC Heap History (20 events):
Event: 21.713 GC heap before
{Heap before GC invocations=32 (full 0):
 garbage-first heap   total 164864K, used 130006K [0x0000000080000000, 0x0000000100000000)
  region size 1024K, 55 young (56320K), 1 survivors (1024K)
 Metaspace       used 85934K, committed 86592K, reserved 1130496K
  class space    used 11699K, committed 12032K, reserved 1048576K
}
Event: 21.725 GC heap after
{Heap after GC invocations=33 (full 0):
 garbage-first heap   total 164864K, used 78185K [0x0000000080000000, 0x0000000100000000)
  region size 1024K, 5 young (5120K), 5 survivors (5120K)
 Metaspace       used 85934K, committed 86592K, reserved 1130496K
  class space    used 11699K, committed 12032K, reserved 1048576K
}
Event: 23.551 GC heap before
{Heap before GC invocations=34 (full 0):
 garbage-first heap   total 164864K, used 130409K [0x0000000080000000, 0x0000000100000000)
  region size 1024K, 56 young (57344K), 5 survivors (5120K)
 Metaspace       used 91456K, committed 92160K, reserved 1130496K
  class space    used 12467K, committed 12800K, reserved 1048576K
}
Event: 23.568 GC heap after
{Heap after GC invocations=35 (full 0):
 garbage-first heap   total 164864K, used 82959K [0x0000000080000000, 0x0000000100000000)
  region size 1024K, 5 young (5120K), 5 survivors (5120K)
 Metaspace       used 91456K, committed 92160K, reserved 1130496K
  class space    used 12467K, committed 12800K, reserved 1048576K
}
Event: 23.698 GC heap before
{Heap before GC invocations=35 (full 0):
 garbage-first heap   total 164864K, used 86031K [0x0000000080000000, 0x0000000100000000)
  region size 1024K, 8 young (8192K), 5 survivors (5120K)
 Metaspace       used 91685K, committed 92352K, reserved 1130496K
  class space    used 12502K, committed 12800K, reserved 1048576K
}
Event: 23.712 GC heap after
{Heap after GC invocations=36 (full 0):
 garbage-first heap   total 164864K, used 83046K [0x0000000080000000, 0x0000000100000000)
  region size 1024K, 1 young (1024K), 1 survivors (1024K)
 Metaspace       used 91685K, committed 92352K, reserved 1130496K
  class space    used 12502K, committed 12800K, reserved 1048576K
}
Event: 24.554 GC heap before
{Heap before GC invocations=36 (full 0):
 garbage-first heap   total 164864K, used 132198K [0x0000000080000000, 0x0000000100000000)
  region size 1024K, 49 young (50176K), 1 survivors (1024K)
 Metaspace       used 92038K, committed 92736K, reserved 1130496K
  class space    used 12539K, committed 12864K, reserved 1048576K
}
Event: 24.572 GC heap after
{Heap after GC invocations=37 (full 0):
 garbage-first heap   total 164864K, used 90555K [0x0000000080000000, 0x0000000100000000)
  region size 1024K, 7 young (7168K), 7 survivors (7168K)
 Metaspace       used 92038K, committed 92736K, reserved 1130496K
  class space    used 12539K, committed 12864K, reserved 1048576K
}
Event: 29.319 GC heap before
{Heap before GC invocations=38 (full 0):
 garbage-first heap   total 164864K, used 131515K [0x0000000080000000, 0x0000000100000000)
  region size 1024K, 48 young (49152K), 7 survivors (7168K)
 Metaspace       used 94380K, committed 95040K, reserved 1130496K
  class space    used 12949K, committed 13248K, reserved 1048576K
}
Event: 29.341 GC heap after
{Heap after GC invocations=39 (full 0):
 garbage-first heap   total 164864K, used 95848K [0x0000000080000000, 0x0000000100000000)
  region size 1024K, 5 young (5120K), 5 survivors (5120K)
 Metaspace       used 94380K, committed 95040K, reserved 1130496K
  class space    used 12949K, committed 13248K, reserved 1048576K
}
Event: 29.440 GC heap before
{Heap before GC invocations=39 (full 0):
 garbage-first heap   total 164864K, used 97896K [0x0000000080000000, 0x0000000100000000)
  region size 1024K, 8 young (8192K), 5 survivors (5120K)
 Metaspace       used 94390K, committed 95040K, reserved 1130496K
  class space    used 12949K, committed 13248K, reserved 1048576K
}
Event: 29.455 GC heap after
{Heap after GC invocations=40 (full 0):
 garbage-first heap   total 164864K, used 96535K [0x0000000080000000, 0x0000000100000000)
  region size 1024K, 1 young (1024K), 1 survivors (1024K)
 Metaspace       used 94390K, committed 95040K, reserved 1130496K
  class space    used 12949K, committed 13248K, reserved 1048576K
}
Event: 31.122 GC heap before
{Heap before GC invocations=40 (full 0):
 garbage-first heap   total 164864K, used 132375K [0x0000000080000000, 0x0000000100000000)
  region size 1024K, 37 young (37888K), 1 survivors (1024K)
 Metaspace       used 94766K, committed 95488K, reserved 1138688K
  class space    used 12961K, committed 13312K, reserved 1048576K
}
Event: 31.134 GC heap after
{Heap after GC invocations=41 (full 0):
 garbage-first heap   total 164864K, used 99324K [0x0000000080000000, 0x0000000100000000)
  region size 1024K, 4 young (4096K), 4 survivors (4096K)
 Metaspace       used 94766K, committed 95488K, reserved 1138688K
  class space    used 12961K, committed 13312K, reserved 1048576K
}
Event: 33.058 GC heap before
{Heap before GC invocations=42 (full 0):
 garbage-first heap   total 183296K, used 136188K [0x0000000080000000, 0x0000000100000000)
  region size 1024K, 38 young (38912K), 4 survivors (4096K)
 Metaspace       used 98118K, committed 98752K, reserved 1138688K
  class space    used 13334K, committed 13632K, reserved 1048576K
}
Event: 33.075 GC heap after
{Heap after GC invocations=43 (full 0):
 garbage-first heap   total 183296K, used 109568K [0x0000000080000000, 0x0000000100000000)
  region size 1024K, 5 young (5120K), 5 survivors (5120K)
 Metaspace       used 98118K, committed 98752K, reserved 1138688K
  class space    used 13334K, committed 13632K, reserved 1048576K
}
Event: 33.102 GC heap before
{Heap before GC invocations=43 (full 0):
 garbage-first heap   total 183296K, used 112640K [0x0000000080000000, 0x0000000100000000)
  region size 1024K, 8 young (8192K), 5 survivors (5120K)
 Metaspace       used 98121K, committed 98752K, reserved 1138688K
  class space    used 13334K, committed 13632K, reserved 1048576K
}
Event: 33.121 GC heap after
{Heap after GC invocations=44 (full 0):
 garbage-first heap   total 183296K, used 111579K [0x0000000080000000, 0x0000000100000000)
  region size 1024K, 1 young (1024K), 1 survivors (1024K)
 Metaspace       used 98121K, committed 98752K, reserved 1138688K
  class space    used 13334K, committed 13632K, reserved 1048576K
}
Event: 35.472 GC heap before
{Heap before GC invocations=44 (full 0):
 garbage-first heap   total 183296K, used 144347K [0x0000000080000000, 0x0000000100000000)
  region size 1024K, 33 young (33792K), 1 survivors (1024K)
 Metaspace       used 101022K, committed 101696K, reserved 1138688K
  class space    used 13691K, committed 14016K, reserved 1048576K
}
Event: 35.493 GC heap after
{Heap after GC invocations=45 (full 0):
 garbage-first heap   total 487424K, used 118784K [0x0000000080000000, 0x0000000100000000)
  region size 1024K, 5 young (5120K), 5 survivors (5120K)
 Metaspace       used 101022K, committed 101696K, reserved 1138688K
  class space    used 13691K, committed 14016K, reserved 1048576K
}

