# JRE version: OpenJDK Runtime Environment (17.0.6) (build 17.0.6+0-b2043.56-10027231)
# Java VM: OpenJDK 64-Bit Server VM (17.0.6+0-b2043.56-10027231, mixed mode, tiered, compressed oops, compressed class ptrs, g1 gc, windows-amd64)
GC Precious Log:
 CPUs: 4 total, 4 available
 Memory: 8083M
 Large Page Support: Disabled
 NUMA Support: Disabled
 Compressed Oops: Enabled (32-bit)
 Heap Region Size: 1M
 Heap Min Capacity: 8M
 Heap Initial Capacity: 128M
 Heap Max Capacity: 2G
 Pre-touch: Disabled
 Parallel Workers: 4
 Concurrent Workers: 1
 Concurrent Refinement Workers: 4
 Periodic GC: Disabled
Heap:
 garbage-first heap   total 326656K, used 176128K [0x0000000080000000, 0x0000000100000000)
  region size 1024K, 2 young (2048K), 2 survivors (2048K)
 Metaspace       used 118132K, committed 118848K, reserved 1155072K
  class space    used 15504K, committed 15872K, reserved 1048576K
GC Heap History (20 events):
Event: 35.003 GC heap after
{Heap after GC invocations=44 (full 0):
 garbage-first heap   total 257024K, used 133206K [0x0000000080000000, 0x0000000100000000)
  region size 1024K, 2 young (2048K), 2 survivors (2048K)
 Metaspace       used 105828K, committed 106560K, reserved 1146880K
  class space    used 14159K, committed 14528K, reserved 1048576K
}
Event: 36.210 GC heap before
{Heap before GC invocations=44 (full 0):
 garbage-first heap   total 257024K, used 210006K [0x0000000080000000, 0x0000000100000000)
  region size 1024K, 61 young (62464K), 2 survivors (2048K)
 Metaspace       used 107435K, committed 108224K, reserved 1146880K
  class space    used 14282K, committed 14656K, reserved 1048576K
}
Event: 36.222 GC heap after
{Heap after GC invocations=45 (full 0):
 garbage-first heap   total 257024K, used 142691K [0x0000000080000000, 0x0000000100000000)
  region size 1024K, 8 young (8192K), 8 survivors (8192K)
 Metaspace       used 107435K, committed 108224K, reserved 1146880K
  class space    used 14282K, committed 14656K, reserved 1048576K
}
Event: 37.902 GC heap before
{Heap before GC invocations=46 (full 0):
 garbage-first heap   total 257024K, used 196963K [0x0000000080000000, 0x0000000100000000)
  region size 1024K, 62 young (63488K), 8 survivors (8192K)
 Metaspace       used 110187K, committed 110976K, reserved 1146880K
  class space    used 14525K, committed 14912K, reserved 1048576K
}
Event: 37.923 GC heap after
{Heap after GC invocations=47 (full 0):
 garbage-first heap   total 257024K, used 152049K [0x0000000080000000, 0x0000000100000000)
  region size 1024K, 8 young (8192K), 8 survivors (8192K)
 Metaspace       used 110187K, committed 110976K, reserved 1146880K
  class space    used 14525K, committed 14912K, reserved 1048576K
}
Event: 37.982 GC heap before
{Heap before GC invocations=47 (full 0):
 garbage-first heap   total 257024K, used 156145K [0x0000000080000000, 0x0000000100000000)
  region size 1024K, 12 young (12288K), 8 survivors (8192K)
 Metaspace       used 110189K, committed 110976K, reserved 1146880K
  class space    used 14525K, committed 14912K, reserved 1048576K
}
Event: 37.998 GC heap after
{Heap after GC invocations=48 (full 0):
 garbage-first heap   total 257024K, used 140288K [0x0000000080000000, 0x0000000100000000)
  region size 1024K, 1 young (1024K), 1 survivors (1024K)
 Metaspace       used 110189K, committed 110976K, reserved 1146880K
  class space    used 14525K, committed 14912K, reserved 1048576K
}
Event: 39.791 GC heap before
{Heap before GC invocations=48 (full 0):
 garbage-first heap   total 257024K, used 197632K [0x0000000080000000, 0x0000000100000000)
  region size 1024K, 58 young (59392K), 1 survivors (1024K)
 Metaspace       used 110836K, committed 111552K, reserved 1146880K
  class space    used 14568K, committed 14912K, reserved 1048576K
}
Event: 39.795 GC heap after
{Heap after GC invocations=49 (full 0):
 garbage-first heap   total 257024K, used 139641K [0x0000000080000000, 0x0000000100000000)
  region size 1024K, 1 young (1024K), 1 survivors (1024K)
 Metaspace       used 110836K, committed 111552K, reserved 1146880K
  class space    used 14568K, committed 14912K, reserved 1048576K
}
Event: 43.345 GC heap before
{Heap before GC invocations=49 (full 0):
 garbage-first heap   total 257024K, used 201081K [0x0000000080000000, 0x0000000100000000)
  region size 1024K, 62 young (63488K), 1 survivors (1024K)
 Metaspace       used 112126K, committed 112832K, reserved 1146880K
  class space    used 14701K, committed 15040K, reserved 1048576K
}
Event: 43.355 GC heap after
{Heap after GC invocations=50 (full 0):
 garbage-first heap   total 257024K, used 142139K [0x0000000080000000, 0x0000000100000000)
  region size 1024K, 3 young (3072K), 3 survivors (3072K)
 Metaspace       used 112126K, committed 112832K, reserved 1146880K
  class space    used 14701K, committed 15040K, reserved 1048576K
}
Event: 47.593 GC heap before
{Heap before GC invocations=50 (full 0):
 garbage-first heap   total 257024K, used 205627K [0x0000000080000000, 0x0000000100000000)
  region size 1024K, 66 young (67584K), 3 survivors (3072K)
 Metaspace       used 113397K, committed 114176K, reserved 1155072K
  class space    used 14859K, committed 15232K, reserved 1048576K
}
Event: 47.630 GC heap after
{Heap after GC invocations=51 (full 0):
 garbage-first heap   total 257024K, used 148691K [0x0000000080000000, 0x0000000100000000)
  region size 1024K, 9 young (9216K), 9 survivors (9216K)
 Metaspace       used 113397K, committed 114176K, reserved 1155072K
  class space    used 14859K, committed 15232K, reserved 1048576K
}
Event: 50.436 GC heap before
{Heap before GC invocations=51 (full 0):
 garbage-first heap   total 257024K, used 207059K [0x0000000080000000, 0x0000000100000000)
  region size 1024K, 67 young (68608K), 9 survivors (9216K)
 Metaspace       used 114425K, committed 115136K, reserved 1155072K
  class space    used 14967K, committed 15296K, reserved 1048576K
}
Event: 50.463 GC heap after
{Heap after GC invocations=52 (full 0):
 garbage-first heap   total 257024K, used 154397K [0x0000000080000000, 0x0000000100000000)
  region size 1024K, 6 young (6144K), 6 survivors (6144K)
 Metaspace       used 114425K, committed 115136K, reserved 1155072K
  class space    used 14967K, committed 15296K, reserved 1048576K
}
Event: 64.001 GC heap before
{Heap before GC invocations=52 (full 0):
 garbage-first heap   total 257024K, used 218909K [0x0000000080000000, 0x0000000100000000)
  region size 1024K, 45 young (46080K), 6 survivors (6144K)
 Metaspace       used 117845K, committed 118592K, reserved 1155072K
  class space    used 15456K, committed 15808K, reserved 1048576K
}
Event: 64.020 GC heap after
{Heap after GC invocations=53 (full 0):
 garbage-first heap   total 257024K, used 184320K [0x0000000080000000, 0x0000000100000000)
  region size 1024K, 8 young (8192K), 8 survivors (8192K)
 Metaspace       used 117845K, committed 118592K, reserved 1155072K
  class space    used 15456K, committed 15808K, reserved 1048576K
}
Event: 65.236 GC heap before
{Heap before GC invocations=54 (full 0):
 garbage-first heap   total 326656K, used 220160K [0x0000000080000000, 0x0000000100000000)
  region size 1024K, 38 young (38912K), 8 survivors (8192K)
 Metaspace       used 118132K, committed 118848K, reserved 1155072K
  class space    used 15504K, committed 15872K, reserved 1048576K
}
Event: 65.266 GC heap after
{Heap after GC invocations=55 (full 0):
 garbage-first heap   total 326656K, used 188713K [0x0000000080000000, 0x0000000100000000)
  region size 1024K, 5 young (5120K), 5 survivors (5120K)
 Metaspace       used 118132K, committed 118848K, reserved 1155072K
  class space    used 15504K, committed 15872K, reserved 1048576K
}
Event: 65.385 GC heap before
{Heap before GC invocations=55 (full 0):
 garbage-first heap   total 326656K, used 199977K [0x0000000080000000, 0x0000000100000000)
  region size 1024K, 15 young (15360K), 5 survivors (5120K)
 Metaspace       used 118132K, committed 118848K, reserved 1155072K
  class space    used 15504K, committed 15872K, reserved 1048576K
}

