# JRE version: OpenJDK Runtime Environment (17.0.6) (build 17.0.6+0-b2043.56-10027231)
# Java VM: OpenJDK 64-Bit Server VM (17.0.6+0-b2043.56-10027231, mixed mode, tiered, compressed oops, compressed class ptrs, g1 gc, windows-amd64)
GC Precious Log:
 CPUs: 4 total, 4 available
 Memory: 8083M
 Large Page Support: Disabled
 NUMA Support: Disabled
 Compressed Oops: Enabled (32-bit)
 Heap Region Size: 1M
 Heap Min Capacity: 8M
 Heap Initial Capacity: 128M
 Heap Max Capacity: 2022M
 Pre-touch: Disabled
 Parallel Workers: 4
 Concurrent Workers: 1
 Concurrent Refinement Workers: 4
 Periodic GC: Disabled
Heap:
 garbage-first heap   total 78848K, used 42145K [0x0000000081a00000, 0x0000000100000000)
  region size 1024K, 5 young (5120K), 2 survivors (2048K)
 Metaspace       used 54601K, committed 54848K, reserved 1097728K
  class space    used 6444K, committed 6528K, reserved 1048576K
GC Heap History (20 events):
Event: 11.841 GC heap before
{Heap before GC invocations=10 (full 0):
 garbage-first heap   total 41984K, used 19690K [0x0000000081a00000, 0x0000000100000000)
  region size 1024K, 3 young (3072K), 2 survivors (2048K)
 Metaspace       used 38323K, committed 38528K, reserved 1089536K
  class space    used 4758K, committed 4864K, reserved 1048576K
}
Event: 11.857 GC heap after
{Heap after GC invocations=11 (full 0):
 garbage-first heap   total 41984K, used 19285K [0x0000000081a00000, 0x0000000100000000)
  region size 1024K, 1 young (1024K), 1 survivors (1024K)
 Metaspace       used 38323K, committed 38528K, reserved 1089536K
  class space    used 4758K, committed 4864K, reserved 1048576K
}
Event: 12.582 GC heap before
{Heap before GC invocations=11 (full 0):
 garbage-first heap   total 41984K, used 29525K [0x0000000081a00000, 0x0000000100000000)
  region size 1024K, 12 young (12288K), 1 survivors (1024K)
 Metaspace       used 40491K, committed 40704K, reserved 1089536K
  class space    used 4968K, committed 5056K, reserved 1048576K
}
Event: 12.595 GC heap after
{Heap after GC invocations=12 (full 0):
 garbage-first heap   total 59392K, used 20866K [0x0000000081a00000, 0x0000000100000000)
  region size 1024K, 2 young (2048K), 2 survivors (2048K)
 Metaspace       used 40491K, committed 40704K, reserved 1089536K
  class space    used 4968K, committed 5056K, reserved 1048576K
}
Event: 14.313 GC heap before
{Heap before GC invocations=13 (full 0):
 garbage-first heap   total 59392K, used 43394K [0x0000000081a00000, 0x0000000100000000)
  region size 1024K, 25 young (25600K), 2 survivors (2048K)
 Metaspace       used 46377K, committed 46656K, reserved 1097728K
  class space    used 5641K, committed 5760K, reserved 1048576K
}
Event: 14.325 GC heap after
{Heap after GC invocations=14 (full 0):
 garbage-first heap   total 59392K, used 22448K [0x0000000081a00000, 0x0000000100000000)
  region size 1024K, 4 young (4096K), 4 survivors (4096K)
 Metaspace       used 46377K, committed 46656K, reserved 1097728K
  class space    used 5641K, committed 5760K, reserved 1048576K
}
Event: 15.004 GC heap before
{Heap before GC invocations=14 (full 0):
 garbage-first heap   total 59392K, used 46000K [0x0000000081a00000, 0x0000000100000000)
  region size 1024K, 25 young (25600K), 4 survivors (4096K)
 Metaspace       used 49453K, committed 49728K, reserved 1097728K
  class space    used 6015K, committed 6144K, reserved 1048576K
}
Event: 15.017 GC heap after
{Heap after GC invocations=15 (full 0):
 garbage-first heap   total 59392K, used 28512K [0x0000000081a00000, 0x0000000100000000)
  region size 1024K, 4 young (4096K), 4 survivors (4096K)
 Metaspace       used 49453K, committed 49728K, reserved 1097728K
  class space    used 6015K, committed 6144K, reserved 1048576K
}
Event: 15.271 GC heap before
{Heap before GC invocations=15 (full 0):
 garbage-first heap   total 59392K, used 44896K [0x0000000081a00000, 0x0000000100000000)
  region size 1024K, 20 young (20480K), 4 survivors (4096K)
 Metaspace       used 49873K, committed 50112K, reserved 1097728K
  class space    used 6043K, committed 6144K, reserved 1048576K
}
Event: 15.278 GC heap after
{Heap after GC invocations=16 (full 0):
 garbage-first heap   total 59392K, used 28048K [0x0000000081a00000, 0x0000000100000000)
  region size 1024K, 1 young (1024K), 1 survivors (1024K)
 Metaspace       used 49873K, committed 50112K, reserved 1097728K
  class space    used 6043K, committed 6144K, reserved 1048576K
}
Event: 16.537 GC heap before
{Heap before GC invocations=16 (full 0):
 garbage-first heap   total 59392K, used 45456K [0x0000000081a00000, 0x0000000100000000)
  region size 1024K, 18 young (18432K), 1 survivors (1024K)
 Metaspace       used 52360K, committed 52544K, reserved 1097728K
  class space    used 6308K, committed 6400K, reserved 1048576K
}
Event: 16.551 GC heap after
{Heap after GC invocations=17 (full 0):
 garbage-first heap   total 59392K, used 30662K [0x0000000081a00000, 0x0000000100000000)
  region size 1024K, 3 young (3072K), 3 survivors (3072K)
 Metaspace       used 52360K, committed 52544K, reserved 1097728K
  class space    used 6308K, committed 6400K, reserved 1048576K
}
Event: 17.078 GC heap before
{Heap before GC invocations=18 (full 0):
 garbage-first heap   total 59392K, used 46022K [0x0000000081a00000, 0x0000000100000000)
  region size 1024K, 18 young (18432K), 3 survivors (3072K)
 Metaspace       used 52943K, committed 53184K, reserved 1097728K
  class space    used 6359K, committed 6464K, reserved 1048576K
}
Event: 17.095 GC heap after
{Heap after GC invocations=19 (full 0):
 garbage-first heap   total 59392K, used 33278K [0x0000000081a00000, 0x0000000100000000)
  region size 1024K, 3 young (3072K), 3 survivors (3072K)
 Metaspace       used 52943K, committed 53184K, reserved 1097728K
  class space    used 6359K, committed 6464K, reserved 1048576K
}
Event: 18.043 GC heap before
{Heap before GC invocations=19 (full 0):
 garbage-first heap   total 59392K, used 45566K [0x0000000081a00000, 0x0000000100000000)
  region size 1024K, 15 young (15360K), 3 survivors (3072K)
 Metaspace       used 53925K, committed 54208K, reserved 1097728K
  class space    used 6425K, committed 6528K, reserved 1048576K
}
Event: 18.054 GC heap after
{Heap after GC invocations=20 (full 0):
 garbage-first heap   total 59392K, used 35592K [0x0000000081a00000, 0x0000000100000000)
  region size 1024K, 2 young (2048K), 2 survivors (2048K)
 Metaspace       used 53925K, committed 54208K, reserved 1097728K
  class space    used 6425K, committed 6528K, reserved 1048576K
}
Event: 18.582 GC heap before
{Heap before GC invocations=21 (full 0):
 garbage-first heap   total 61440K, used 46856K [0x0000000081a00000, 0x0000000100000000)
  region size 1024K, 13 young (13312K), 2 survivors (2048K)
 Metaspace       used 54363K, committed 54592K, reserved 1097728K
  class space    used 6437K, committed 6528K, reserved 1048576K
}
Event: 18.598 GC heap after
{Heap after GC invocations=22 (full 0):
 garbage-first heap   total 61440K, used 37830K [0x0000000081a00000, 0x0000000100000000)
  region size 1024K, 2 young (2048K), 2 survivors (2048K)
 Metaspace       used 54363K, committed 54592K, reserved 1097728K
  class space    used 6437K, committed 6528K, reserved 1048576K
}
Event: 18.942 GC heap before
{Heap before GC invocations=22 (full 0):
 garbage-first heap   total 61440K, used 49094K [0x0000000081a00000, 0x0000000100000000)
  region size 1024K, 13 young (13312K), 2 survivors (2048K)
 Metaspace       used 54586K, committed 54784K, reserved 1097728K
  class space    used 6444K, committed 6528K, reserved 1048576K
}
Event: 18.958 GC heap after
{Heap after GC invocations=23 (full 0):
 garbage-first heap   total 78848K, used 40097K [0x0000000081a00000, 0x0000000100000000)
  region size 1024K, 2 young (2048K), 2 survivors (2048K)
 Metaspace       used 54586K, committed 54784K, reserved 1097728K
  class space    used 6444K, committed 6528K, reserved 1048576K
}

