# JRE version: OpenJDK Runtime Environment (17.0.6) (build 17.0.6+0-b2043.56-10027231)
# Java VM: OpenJDK 64-Bit Server VM (17.0.6+0-b2043.56-10027231, mixed mode, tiered, compressed oops, compressed class ptrs, g1 gc, windows-amd64)
GC Precious Log:
 CPUs: 4 total, 4 available
 Memory: 8083M
 Large Page Support: Disabled
 NUMA Support: Disabled
 Compressed Oops: Enabled (32-bit)
 Heap Region Size: 1M
 Heap Min Capacity: 8M
 Heap Initial Capacity: 128M
 Heap Max Capacity: 2G
 Pre-touch: Disabled
 Parallel Workers: 4
 Concurrent Workers: 1
 Concurrent Refinement Workers: 4
 Periodic GC: Disabled
Heap:
 garbage-first heap   total 128000K, used 78704K [0x0000000080000000, 0x0000000100000000)
  region size 1024K, 17 young (17408K), 5 survivors (5120K)
 Metaspace       used 74465K, committed 74944K, reserved 1114112K
  class space    used 9899K, committed 10112K, reserved 1048576K
GC Heap History (20 events):
Event: 8.942 GC heap before
{Heap before GC invocations=14 (full 0):
 garbage-first heap   total 68608K, used 52097K [0x0000000080000000, 0x0000000100000000)
  region size 1024K, 25 young (25600K), 3 survivors (3072K)
 Metaspace       used 45087K, committed 45440K, reserved 1089536K
  class space    used 5979K, committed 6144K, reserved 1048576K
}
Event: 8.950 GC heap after
{Heap after GC invocations=15 (full 0):
 garbage-first heap   total 68608K, used 31972K [0x0000000080000000, 0x0000000100000000)
  region size 1024K, 3 young (3072K), 3 survivors (3072K)
 Metaspace       used 45087K, committed 45440K, reserved 1089536K
  class space    used 5979K, committed 6144K, reserved 1048576K
}
Event: 9.537 GC heap before
{Heap before GC invocations=15 (full 0):
 garbage-first heap   total 68608K, used 53476K [0x0000000080000000, 0x0000000100000000)
  region size 1024K, 24 young (24576K), 3 survivors (3072K)
 Metaspace       used 48330K, committed 48768K, reserved 1097728K
  class space    used 6395K, committed 6592K, reserved 1048576K
}
Event: 9.546 GC heap after
{Heap after GC invocations=16 (full 0):
 garbage-first heap   total 98304K, used 32726K [0x0000000080000000, 0x0000000100000000)
  region size 1024K, 1 young (1024K), 1 survivors (1024K)
 Metaspace       used 48330K, committed 48768K, reserved 1097728K
  class space    used 6395K, committed 6592K, reserved 1048576K
}
Event: 10.943 GC heap before
{Heap before GC invocations=16 (full 0):
 garbage-first heap   total 98304K, used 76758K [0x0000000080000000, 0x0000000100000000)
  region size 1024K, 44 young (45056K), 1 survivors (1024K)
 Metaspace       used 51641K, committed 52096K, reserved 1097728K
  class space    used 6825K, committed 7040K, reserved 1048576K
}
Event: 10.952 GC heap after
{Heap after GC invocations=17 (full 0):
 garbage-first heap   total 98304K, used 36736K [0x0000000080000000, 0x0000000100000000)
  region size 1024K, 5 young (5120K), 5 survivors (5120K)
 Metaspace       used 51641K, committed 52096K, reserved 1097728K
  class space    used 6825K, committed 7040K, reserved 1048576K
}
Event: 11.841 GC heap before
{Heap before GC invocations=17 (full 0):
 garbage-first heap   total 98304K, used 86912K [0x0000000080000000, 0x0000000100000000)
  region size 1024K, 44 young (45056K), 5 survivors (5120K)
 Metaspace       used 54859K, committed 55360K, reserved 1097728K
  class space    used 7262K, committed 7488K, reserved 1048576K
}
Event: 11.856 GC heap after
{Heap after GC invocations=18 (full 0):
 garbage-first heap   total 100352K, used 53341K [0x0000000080000000, 0x0000000100000000)
  region size 1024K, 6 young (6144K), 6 survivors (6144K)
 Metaspace       used 54859K, committed 55360K, reserved 1097728K
  class space    used 7262K, committed 7488K, reserved 1048576K
}
Event: 12.542 GC heap before
{Heap before GC invocations=18 (full 0):
 garbage-first heap   total 100352K, used 77917K [0x0000000080000000, 0x0000000100000000)
  region size 1024K, 30 young (30720K), 6 survivors (6144K)
 Metaspace       used 58793K, committed 59328K, reserved 1105920K
  class space    used 7737K, committed 8000K, reserved 1048576K
}
Event: 12.547 GC heap after
{Heap after GC invocations=19 (full 0):
 garbage-first heap   total 100352K, used 54932K [0x0000000080000000, 0x0000000100000000)
  region size 1024K, 2 young (2048K), 2 survivors (2048K)
 Metaspace       used 58793K, committed 59328K, reserved 1105920K
  class space    used 7737K, committed 8000K, reserved 1048576K
}
Event: 13.365 GC heap before
{Heap before GC invocations=20 (full 0):
 garbage-first heap   total 100352K, used 75412K [0x0000000080000000, 0x0000000100000000)
  region size 1024K, 24 young (24576K), 2 survivors (2048K)
 Metaspace       used 63035K, committed 63552K, reserved 1105920K
  class space    used 8322K, committed 8576K, reserved 1048576K
}
Event: 13.375 GC heap after
{Heap after GC invocations=21 (full 0):
 garbage-first heap   total 100352K, used 56818K [0x0000000080000000, 0x0000000100000000)
  region size 1024K, 4 young (4096K), 4 survivors (4096K)
 Metaspace       used 63035K, committed 63552K, reserved 1105920K
  class space    used 8322K, committed 8576K, reserved 1048576K
}
Event: 13.804 GC heap before
{Heap before GC invocations=22 (full 0):
 garbage-first heap   total 128000K, used 84466K [0x0000000080000000, 0x0000000100000000)
  region size 1024K, 25 young (25600K), 4 survivors (4096K)
 Metaspace       used 64290K, committed 64896K, reserved 1105920K
  class space    used 8490K, committed 8768K, reserved 1048576K
}
Event: 13.814 GC heap after
{Heap after GC invocations=23 (full 0):
 garbage-first heap   total 128000K, used 59238K [0x0000000080000000, 0x0000000100000000)
  region size 1024K, 3 young (3072K), 3 survivors (3072K)
 Metaspace       used 64290K, committed 64896K, reserved 1105920K
  class space    used 8490K, committed 8768K, reserved 1048576K
}
Event: 14.661 GC heap before
{Heap before GC invocations=23 (full 0):
 garbage-first heap   total 128000K, used 95078K [0x0000000080000000, 0x0000000100000000)
  region size 1024K, 38 young (38912K), 3 survivors (3072K)
 Metaspace       used 67773K, committed 68352K, reserved 1114112K
  class space    used 8959K, committed 9216K, reserved 1048576K
}
Event: 14.669 GC heap after
{Heap after GC invocations=24 (full 0):
 garbage-first heap   total 128000K, used 61913K [0x0000000080000000, 0x0000000100000000)
  region size 1024K, 3 young (3072K), 3 survivors (3072K)
 Metaspace       used 67773K, committed 68352K, reserved 1114112K
  class space    used 8959K, committed 9216K, reserved 1048576K
}
Event: 15.410 GC heap before
{Heap before GC invocations=24 (full 0):
 garbage-first heap   total 128000K, used 97753K [0x0000000080000000, 0x0000000100000000)
  region size 1024K, 38 young (38912K), 3 survivors (3072K)
 Metaspace       used 72062K, committed 72576K, reserved 1114112K
  class space    used 9547K, committed 9792K, reserved 1048576K
}
Event: 15.418 GC heap after
{Heap after GC invocations=25 (full 0):
 garbage-first heap   total 128000K, used 64635K [0x0000000080000000, 0x0000000100000000)
  region size 1024K, 3 young (3072K), 3 survivors (3072K)
 Metaspace       used 72062K, committed 72576K, reserved 1114112K
  class space    used 9547K, committed 9792K, reserved 1048576K
}
Event: 16.114 GC heap before
{Heap before GC invocations=26 (full 0):
 garbage-first heap   total 128000K, used 99451K [0x0000000080000000, 0x0000000100000000)
  region size 1024K, 37 young (37888K), 3 survivors (3072K)
 Metaspace       used 74442K, committed 74944K, reserved 1114112K
  class space    used 9896K, committed 10112K, reserved 1048576K
}
Event: 16.125 GC heap after
{Heap after GC invocations=27 (full 0):
 garbage-first heap   total 128000K, used 67440K [0x0000000080000000, 0x0000000100000000)
  region size 1024K, 5 young (5120K), 5 survivors (5120K)
 Metaspace       used 74442K, committed 74944K, reserved 1114112K
  class space    used 9896K, committed 10112K, reserved 1048576K
}

