# JRE version: OpenJDK Runtime Environment (17.0.6) (build 17.0.6+0-b2043.56-10027231)
# Java VM: OpenJDK 64-Bit Server VM (17.0.6+0-b2043.56-10027231, mixed mode, tiered, compressed oops, compressed class ptrs, g1 gc, windows-amd64)
GC Precious Log:
 CPUs: 4 total, 4 available
 Memory: 8083M
 Large Page Support: Disabled
 NUMA Support: Disabled
 Compressed Oops: Enabled (32-bit)
 Heap Region Size: 1M
 Heap Min Capacity: 8M
 Heap Initial Capacity: 128M
 Heap Max Capacity: 2G
 Pre-touch: Disabled
 Parallel Workers: 4
 Concurrent Workers: 1
 Concurrent Refinement Workers: 4
 Periodic GC: Disabled
Heap:
 garbage-first heap   total 295936K, used 157322K [0x0000000080000000, 0x0000000100000000)
  region size 1024K, 2 young (2048K), 2 survivors (2048K)
 Metaspace       used 101609K, committed 102336K, reserved 1138688K
  class space    used 13810K, committed 14144K, reserved 1048576K
GC Heap History (20 events):
Event: 25.340 GC heap after
{Heap after GC invocations=35 (full 0):
 garbage-first heap   total 162816K, used 83799K [0x0000000080000000, 0x0000000100000000)
  region size 1024K, 8 young (8192K), 8 survivors (8192K)
 Metaspace       used 91906K, committed 92608K, reserved 1130496K
  class space    used 12501K, committed 12864K, reserved 1048576K
}
Event: 25.945 GC heap before
{Heap before GC invocations=35 (full 0):
 garbage-first heap   total 162816K, used 131927K [0x0000000080000000, 0x0000000100000000)
  region size 1024K, 55 young (56320K), 8 survivors (8192K)
 Metaspace       used 92258K, committed 92928K, reserved 1130496K
  class space    used 12535K, committed 12864K, reserved 1048576K
}
Event: 25.974 GC heap after
{Heap after GC invocations=36 (full 0):
 garbage-first heap   total 162816K, used 91386K [0x0000000080000000, 0x0000000100000000)
  region size 1024K, 7 young (7168K), 7 survivors (7168K)
 Metaspace       used 92258K, committed 92928K, reserved 1130496K
  class space    used 12535K, committed 12864K, reserved 1048576K
}
Event: 27.262 GC heap before
{Heap before GC invocations=37 (full 0):
 garbage-first heap   total 167936K, used 129274K [0x0000000080000000, 0x0000000100000000)
  region size 1024K, 45 young (46080K), 7 survivors (7168K)
 Metaspace       used 94506K, committed 95232K, reserved 1138688K
  class space    used 12965K, committed 13312K, reserved 1048576K
}
Event: 27.284 GC heap after
{Heap after GC invocations=38 (full 0):
 garbage-first heap   total 167936K, used 97280K [0x0000000080000000, 0x0000000100000000)
  region size 1024K, 5 young (5120K), 5 survivors (5120K)
 Metaspace       used 94506K, committed 95232K, reserved 1138688K
  class space    used 12965K, committed 13312K, reserved 1048576K
}
Event: 27.314 GC heap before
{Heap before GC invocations=38 (full 0):
 garbage-first heap   total 167936K, used 99328K [0x0000000080000000, 0x0000000100000000)
  region size 1024K, 8 young (8192K), 5 survivors (5120K)
 Metaspace       used 94509K, committed 95232K, reserved 1138688K
  class space    used 12965K, committed 13312K, reserved 1048576K
}
Event: 27.333 GC heap after
{Heap after GC invocations=39 (full 0):
 garbage-first heap   total 201728K, used 97280K [0x0000000080000000, 0x0000000100000000)
  region size 1024K, 1 young (1024K), 1 survivors (1024K)
 Metaspace       used 94509K, committed 95232K, reserved 1138688K
  class space    used 12965K, committed 13312K, reserved 1048576K
}
Event: 29.041 GC heap before
{Heap before GC invocations=39 (full 0):
 garbage-first heap   total 201728K, used 156672K [0x0000000080000000, 0x0000000100000000)
  region size 1024K, 60 young (61440K), 1 survivors (1024K)
 Metaspace       used 95190K, committed 95808K, reserved 1138688K
  class space    used 13012K, committed 13312K, reserved 1048576K
}
Event: 29.059 GC heap after
{Heap after GC invocations=40 (full 0):
 garbage-first heap   total 201728K, used 101807K [0x0000000080000000, 0x0000000100000000)
  region size 1024K, 6 young (6144K), 6 survivors (6144K)
 Metaspace       used 95190K, committed 95808K, reserved 1138688K
  class space    used 13012K, committed 13312K, reserved 1048576K
}
Event: 30.657 GC heap before
{Heap before GC invocations=41 (full 0):
 garbage-first heap   total 201728K, used 159151K [0x0000000080000000, 0x0000000100000000)
  region size 1024K, 63 young (64512K), 6 survivors (6144K)
 Metaspace       used 95520K, committed 96192K, reserved 1138688K
  class space    used 13029K, committed 13376K, reserved 1048576K
}
Event: 30.677 GC heap after
{Heap after GC invocations=42 (full 0):
 garbage-first heap   total 201728K, used 106181K [0x0000000080000000, 0x0000000100000000)
  region size 1024K, 5 young (5120K), 5 survivors (5120K)
 Metaspace       used 95520K, committed 96192K, reserved 1138688K
  class space    used 13029K, committed 13376K, reserved 1048576K
}
Event: 30.742 GC heap before
{Heap before GC invocations=42 (full 0):
 garbage-first heap   total 201728K, used 110277K [0x0000000080000000, 0x0000000100000000)
  region size 1024K, 9 young (9216K), 5 survivors (5120K)
 Metaspace       used 95629K, committed 96320K, reserved 1138688K
  class space    used 13052K, committed 13376K, reserved 1048576K
}
Event: 30.752 GC heap after
{Heap after GC invocations=43 (full 0):
 garbage-first heap   total 201728K, used 106152K [0x0000000080000000, 0x0000000100000000)
  region size 1024K, 1 young (1024K), 1 survivors (1024K)
 Metaspace       used 95629K, committed 96320K, reserved 1138688K
  class space    used 13052K, committed 13376K, reserved 1048576K
}
Event: 32.406 GC heap before
{Heap before GC invocations=43 (full 0):
 garbage-first heap   total 201728K, used 162472K [0x0000000080000000, 0x0000000100000000)
  region size 1024K, 56 young (57344K), 1 survivors (1024K)
 Metaspace       used 97687K, committed 98432K, reserved 1138688K
  class space    used 13265K, committed 13632K, reserved 1048576K
}
Event: 32.423 GC heap after
{Heap after GC invocations=44 (full 0):
 garbage-first heap   total 201728K, used 110976K [0x0000000080000000, 0x0000000100000000)
  region size 1024K, 6 young (6144K), 6 survivors (6144K)
 Metaspace       used 97687K, committed 98432K, reserved 1138688K
  class space    used 13265K, committed 13632K, reserved 1048576K
}
Event: 33.686 GC heap before
{Heap before GC invocations=44 (full 0):
 garbage-first heap   total 201728K, used 173440K [0x0000000080000000, 0x0000000100000000)
  region size 1024K, 49 young (50176K), 6 survivors (6144K)
 Metaspace       used 101270K, committed 101952K, reserved 1138688K
  class space    used 13763K, committed 14080K, reserved 1048576K
}
Event: 33.701 GC heap after
{Heap after GC invocations=45 (full 0):
 garbage-first heap   total 201728K, used 135132K [0x0000000080000000, 0x0000000100000000)
  region size 1024K, 8 young (8192K), 8 survivors (8192K)
 Metaspace       used 101270K, committed 101952K, reserved 1138688K
  class space    used 13763K, committed 14080K, reserved 1048576K
}
Event: 34.291 GC heap before
{Heap before GC invocations=46 (full 0):
 garbage-first heap   total 295936K, used 188380K [0x0000000080000000, 0x0000000100000000)
  region size 1024K, 39 young (39936K), 8 survivors (8192K)
 Metaspace       used 101608K, committed 102336K, reserved 1138688K
  class space    used 13810K, committed 14144K, reserved 1048576K
}
Event: 34.314 GC heap after
{Heap after GC invocations=47 (full 0):
 garbage-first heap   total 295936K, used 154624K [0x0000000080000000, 0x0000000100000000)
  region size 1024K, 5 young (5120K), 5 survivors (5120K)
 Metaspace       used 101608K, committed 102336K, reserved 1138688K
  class space    used 13810K, committed 14144K, reserved 1048576K
}
Event: 34.414 GC heap before
{Heap before GC invocations=47 (full 0):
 garbage-first heap   total 295936K, used 163840K [0x0000000080000000, 0x0000000100000000)
  region size 1024K, 14 young (14336K), 5 survivors (5120K)
 Metaspace       used 101609K, committed 102336K, reserved 1138688K
  class space    used 13810K, committed 14144K, reserved 1048576K
}

