# JRE version: OpenJDK Runtime Environment (17.0.6) (build 17.0.6+0-b2043.56-10027231)
# Java VM: OpenJDK 64-Bit Server VM (17.0.6+0-b2043.56-10027231, mixed mode, tiered, compressed oops, compressed class ptrs, g1 gc, windows-amd64)
GC Precious Log:
 CPUs: 4 total, 4 available
 Memory: 8083M
 Large Page Support: Disabled
 NUMA Support: Disabled
 Compressed Oops: Enabled (32-bit)
 Heap Region Size: 1M
 Heap Min Capacity: 8M
 Heap Initial Capacity: 128M
 Heap Max Capacity: 2022M
 Pre-touch: Disabled
 Parallel Workers: 4
 Concurrent Workers: 1
 Concurrent Refinement Workers: 4
 Periodic GC: Disabled
Heap:
 garbage-first heap   total 175104K, used 119417K [0x0000000081a00000, 0x0000000100000000)
  region size 1024K, 73 young (74752K), 1 survivors (1024K)
 Metaspace       used 62957K, committed 63232K, reserved 1105920K
  class space    used 7487K, committed 7616K, reserved 1048576K
GC Heap History (20 events):
Event: 5.196 GC heap before
{Heap before GC invocations=14 (full 0):
 garbage-first heap   total 51200K, used 30126K [0x0000000081a00000, 0x0000000100000000)
  region size 1024K, 9 young (9216K), 3 survivors (3072K)
 Metaspace       used 49449K, committed 49728K, reserved 1097728K
  class space    used 6016K, committed 6144K, reserved 1048576K
}
Event: 5.205 GC heap after
{Heap after GC invocations=15 (full 0):
 garbage-first heap   total 51200K, used 26888K [0x0000000081a00000, 0x0000000100000000)
  region size 1024K, 1 young (1024K), 1 survivors (1024K)
 Metaspace       used 49449K, committed 49728K, reserved 1097728K
  class space    used 6016K, committed 6144K, reserved 1048576K
}
Event: 5.364 GC heap before
{Heap before GC invocations=16 (full 0):
 garbage-first heap   total 53248K, used 40200K [0x0000000081a00000, 0x0000000100000000)
  region size 1024K, 14 young (14336K), 1 survivors (1024K)
 Metaspace       used 49487K, committed 49728K, reserved 1097728K
  class space    used 6017K, committed 6144K, reserved 1048576K
}
Event: 5.367 GC heap after
{Heap after GC invocations=17 (full 0):
 garbage-first heap   total 53248K, used 27171K [0x0000000081a00000, 0x0000000100000000)
  region size 1024K, 2 young (2048K), 2 survivors (2048K)
 Metaspace       used 49487K, committed 49728K, reserved 1097728K
  class space    used 6017K, committed 6144K, reserved 1048576K
}
Event: 5.631 GC heap before
{Heap before GC invocations=17 (full 0):
 garbage-first heap   total 53248K, used 40483K [0x0000000081a00000, 0x0000000100000000)
  region size 1024K, 15 young (15360K), 2 survivors (2048K)
 Metaspace       used 50383K, committed 50624K, reserved 1097728K
  class space    used 6097K, committed 6208K, reserved 1048576K
}
Event: 5.637 GC heap after
{Heap after GC invocations=18 (full 0):
 garbage-first heap   total 71680K, used 28037K [0x0000000081a00000, 0x0000000100000000)
  region size 1024K, 2 young (2048K), 2 survivors (2048K)
 Metaspace       used 50383K, committed 50624K, reserved 1097728K
  class space    used 6097K, committed 6208K, reserved 1048576K
}
Event: 6.514 GC heap before
{Heap before GC invocations=19 (full 0):
 garbage-first heap   total 71680K, used 55685K [0x0000000081a00000, 0x0000000100000000)
  region size 1024K, 29 young (29696K), 2 survivors (2048K)
 Metaspace       used 52954K, committed 53184K, reserved 1097728K
  class space    used 6360K, committed 6464K, reserved 1048576K
}
Event: 6.531 GC heap after
{Heap after GC invocations=20 (full 0):
 garbage-first heap   total 71680K, used 32565K [0x0000000081a00000, 0x0000000100000000)
  region size 1024K, 4 young (4096K), 4 survivors (4096K)
 Metaspace       used 52954K, committed 53184K, reserved 1097728K
  class space    used 6360K, committed 6464K, reserved 1048576K
}
Event: 7.373 GC heap before
{Heap before GC invocations=20 (full 0):
 garbage-first heap   total 71680K, used 55093K [0x0000000081a00000, 0x0000000100000000)
  region size 1024K, 26 young (26624K), 4 survivors (4096K)
 Metaspace       used 54342K, committed 54592K, reserved 1097728K
  class space    used 6434K, committed 6528K, reserved 1048576K
}
Event: 7.397 GC heap after
{Heap after GC invocations=21 (full 0):
 garbage-first heap   total 71680K, used 36960K [0x0000000081a00000, 0x0000000100000000)
  region size 1024K, 4 young (4096K), 4 survivors (4096K)
 Metaspace       used 54342K, committed 54592K, reserved 1097728K
  class space    used 6434K, committed 6528K, reserved 1048576K
}
Event: 7.915 GC heap before
{Heap before GC invocations=21 (full 0):
 garbage-first heap   total 71680K, used 55392K [0x0000000081a00000, 0x0000000100000000)
  region size 1024K, 22 young (22528K), 4 survivors (4096K)
 Metaspace       used 54619K, committed 54848K, reserved 1097728K
  class space    used 6441K, committed 6528K, reserved 1048576K
}
Event: 7.935 GC heap after
{Heap after GC invocations=22 (full 0):
 garbage-first heap   total 71680K, used 40261K [0x0000000081a00000, 0x0000000100000000)
  region size 1024K, 3 young (3072K), 3 survivors (3072K)
 Metaspace       used 54619K, committed 54848K, reserved 1097728K
  class space    used 6441K, committed 6528K, reserved 1048576K
}
Event: 8.320 GC heap before
{Heap before GC invocations=23 (full 0):
 garbage-first heap   total 75776K, used 54597K [0x0000000081a00000, 0x0000000100000000)
  region size 1024K, 18 young (18432K), 3 survivors (3072K)
 Metaspace       used 54826K, committed 55040K, reserved 1097728K
  class space    used 6448K, committed 6528K, reserved 1048576K
}
Event: 8.333 GC heap after
{Heap after GC invocations=24 (full 0):
 garbage-first heap   total 75776K, used 43328K [0x0000000081a00000, 0x0000000100000000)
  region size 1024K, 3 young (3072K), 3 survivors (3072K)
 Metaspace       used 54826K, committed 55040K, reserved 1097728K
  class space    used 6448K, committed 6528K, reserved 1048576K
}
Event: 8.550 GC heap before
{Heap before GC invocations=24 (full 0):
 garbage-first heap   total 75776K, used 58688K [0x0000000081a00000, 0x0000000100000000)
  region size 1024K, 18 young (18432K), 3 survivors (3072K)
 Metaspace       used 54912K, committed 55104K, reserved 1097728K
  class space    used 6448K, committed 6528K, reserved 1048576K
}
Event: 8.564 GC heap after
{Heap after GC invocations=25 (full 0):
 garbage-first heap   total 75776K, used 46378K [0x0000000081a00000, 0x0000000100000000)
  region size 1024K, 3 young (3072K), 3 survivors (3072K)
 Metaspace       used 54912K, committed 55104K, reserved 1097728K
  class space    used 6448K, committed 6528K, reserved 1048576K
}
Event: 8.787 GC heap before
{Heap before GC invocations=26 (full 0):
 garbage-first heap   total 87040K, used 59690K [0x0000000081a00000, 0x0000000100000000)
  region size 1024K, 16 young (16384K), 3 survivors (3072K)
 Metaspace       used 55086K, committed 55360K, reserved 1097728K
  class space    used 6469K, committed 6592K, reserved 1048576K
}
Event: 8.795 GC heap after
{Heap after GC invocations=27 (full 0):
 garbage-first heap   total 87040K, used 46873K [0x0000000081a00000, 0x0000000100000000)
  region size 1024K, 1 young (1024K), 1 survivors (1024K)
 Metaspace       used 55086K, committed 55360K, reserved 1097728K
  class space    used 6469K, committed 6592K, reserved 1048576K
}
Event: 8.866 GC heap before
{Heap before GC invocations=27 (full 0):
 garbage-first heap   total 87040K, used 68377K [0x0000000081a00000, 0x0000000100000000)
  region size 1024K, 22 young (22528K), 1 survivors (1024K)
 Metaspace       used 55098K, committed 55360K, reserved 1097728K
  class space    used 6470K, committed 6592K, reserved 1048576K
}
Event: 8.869 GC heap after
{Heap after GC invocations=28 (full 0):
 garbage-first heap   total 175104K, used 46713K [0x0000000081a00000, 0x0000000100000000)
  region size 1024K, 1 young (1024K), 1 survivors (1024K)
 Metaspace       used 55098K, committed 55360K, reserved 1097728K
  class space    used 6470K, committed 6592K, reserved 1048576K
}

