# JRE version: OpenJDK Runtime Environment (17.0.6) (build 17.0.6+0-b2043.56-10027231)
# Java VM: OpenJDK 64-Bit Server VM (17.0.6+0-b2043.56-10027231, mixed mode, tiered, compressed oops, compressed class ptrs, g1 gc, windows-amd64)
GC Precious Log:
 CPUs: 4 total, 4 available
 Memory: 8083M
 Large Page Support: Disabled
 NUMA Support: Disabled
 Compressed Oops: Enabled (32-bit)
 Heap Region Size: 1M
 Heap Min Capacity: 8M
 Heap Initial Capacity: 128M
 Heap Max Capacity: 2G
 Pre-touch: Disabled
 Parallel Workers: 4
 Concurrent Workers: 1
 Concurrent Refinement Workers: 4
 Periodic GC: Disabled
Heap:
 garbage-first heap   total 131072K, used 63269K [0x0000000080000000, 0x0000000100000000)
  region size 1024K, 3 young (3072K), 3 survivors (3072K)
 Metaspace       used 67995K, committed 68480K, reserved 1114112K
  class space    used 8970K, committed 9216K, reserved 1048576K
GC Heap History (20 events):
Event: 12.878 GC heap after
{Heap after GC invocations=12 (full 0):
 garbage-first heap   total 82944K, used 34172K [0x0000000080000000, 0x0000000100000000)
  region size 1024K, 2 young (2048K), 2 survivors (2048K)
 Metaspace       used 48807K, committed 49152K, reserved 1097728K
  class space    used 6433K, committed 6592K, reserved 1048576K
}
Event: 13.727 GC heap before
{Heap before GC invocations=12 (full 0):
 garbage-first heap   total 82944K, used 62844K [0x0000000080000000, 0x0000000100000000)
  region size 1024K, 30 young (30720K), 2 survivors (2048K)
 Metaspace       used 51507K, committed 51904K, reserved 1097728K
  class space    used 6796K, committed 6976K, reserved 1048576K
}
Event: 13.737 GC heap after
{Heap after GC invocations=13 (full 0):
 garbage-first heap   total 82944K, used 36569K [0x0000000080000000, 0x0000000100000000)
  region size 1024K, 4 young (4096K), 4 survivors (4096K)
 Metaspace       used 51507K, committed 51904K, reserved 1097728K
  class space    used 6796K, committed 6976K, reserved 1048576K
}
Event: 14.239 GC heap before
{Heap before GC invocations=13 (full 0):
 garbage-first heap   total 82944K, used 60121K [0x0000000080000000, 0x0000000100000000)
  region size 1024K, 26 young (26624K), 4 survivors (4096K)
 Metaspace       used 52077K, committed 52480K, reserved 1097728K
  class space    used 6868K, committed 7040K, reserved 1048576K
}
Event: 14.250 GC heap after
{Heap after GC invocations=14 (full 0):
 garbage-first heap   total 82944K, used 42697K [0x0000000080000000, 0x0000000100000000)
  region size 1024K, 4 young (4096K), 4 survivors (4096K)
 Metaspace       used 52077K, committed 52480K, reserved 1097728K
  class space    used 6868K, committed 7040K, reserved 1048576K
}
Event: 14.679 GC heap before
{Heap before GC invocations=15 (full 0):
 garbage-first heap   total 83968K, used 70345K [0x0000000080000000, 0x0000000100000000)
  region size 1024K, 25 young (25600K), 4 survivors (4096K)
 Metaspace       used 53832K, committed 54272K, reserved 1097728K
  class space    used 7107K, committed 7296K, reserved 1048576K
}
Event: 14.688 GC heap after
{Heap after GC invocations=16 (full 0):
 garbage-first heap   total 83968K, used 55254K [0x0000000080000000, 0x0000000100000000)
  region size 1024K, 4 young (4096K), 4 survivors (4096K)
 Metaspace       used 53832K, committed 54272K, reserved 1097728K
  class space    used 7107K, committed 7296K, reserved 1048576K
}
Event: 15.009 GC heap before
{Heap before GC invocations=16 (full 0):
 garbage-first heap   total 83968K, used 67542K [0x0000000080000000, 0x0000000100000000)
  region size 1024K, 16 young (16384K), 4 survivors (4096K)
 Metaspace       used 55581K, committed 56064K, reserved 1105920K
  class space    used 7365K, committed 7552K, reserved 1048576K
}
Event: 15.016 GC heap after
{Heap after GC invocations=17 (full 0):
 garbage-first heap   total 101376K, used 55794K [0x0000000080000000, 0x0000000100000000)
  region size 1024K, 1 young (1024K), 1 survivors (1024K)
 Metaspace       used 55581K, committed 56064K, reserved 1105920K
  class space    used 7365K, committed 7552K, reserved 1048576K
}
Event: 15.615 GC heap before
{Heap before GC invocations=18 (full 0):
 garbage-first heap   total 102400K, used 78322K [0x0000000080000000, 0x0000000100000000)
  region size 1024K, 23 young (23552K), 1 survivors (1024K)
 Metaspace       used 59127K, committed 59648K, reserved 1105920K
  class space    used 7802K, committed 8064K, reserved 1048576K
}
Event: 15.621 GC heap after
{Heap after GC invocations=19 (full 0):
 garbage-first heap   total 102400K, used 56600K [0x0000000080000000, 0x0000000100000000)
  region size 1024K, 2 young (2048K), 2 survivors (2048K)
 Metaspace       used 59127K, committed 59648K, reserved 1105920K
  class space    used 7802K, committed 8064K, reserved 1048576K
}
Event: 15.723 GC heap before
{Heap before GC invocations=19 (full 0):
 garbage-first heap   total 102400K, used 59672K [0x0000000080000000, 0x0000000100000000)
  region size 1024K, 5 young (5120K), 2 survivors (2048K)
 Metaspace       used 59426K, committed 59968K, reserved 1105920K
  class space    used 7860K, committed 8128K, reserved 1048576K
}
Event: 15.730 GC heap after
{Heap after GC invocations=20 (full 0):
 garbage-first heap   total 102400K, used 56557K [0x0000000080000000, 0x0000000100000000)
  region size 1024K, 1 young (1024K), 1 survivors (1024K)
 Metaspace       used 59426K, committed 59968K, reserved 1105920K
  class space    used 7860K, committed 8128K, reserved 1048576K
}
Event: 16.268 GC heap before
{Heap before GC invocations=20 (full 0):
 garbage-first heap   total 102400K, used 70893K [0x0000000080000000, 0x0000000100000000)
  region size 1024K, 17 young (17408K), 1 survivors (1024K)
 Metaspace       used 63076K, committed 63616K, reserved 1105920K
  class space    used 8326K, committed 8576K, reserved 1048576K
}
Event: 16.272 GC heap after
{Heap after GC invocations=21 (full 0):
 garbage-first heap   total 102400K, used 58445K [0x0000000080000000, 0x0000000100000000)
  region size 1024K, 3 young (3072K), 3 survivors (3072K)
 Metaspace       used 63076K, committed 63616K, reserved 1105920K
  class space    used 8326K, committed 8576K, reserved 1048576K
}
Event: 16.764 GC heap before
{Heap before GC invocations=22 (full 0):
 garbage-first heap   total 130048K, used 86093K [0x0000000080000000, 0x0000000100000000)
  region size 1024K, 24 young (24576K), 3 survivors (3072K)
 Metaspace       used 64315K, committed 64768K, reserved 1105920K
  class space    used 8485K, committed 8704K, reserved 1048576K
}
Event: 16.772 GC heap after
{Heap after GC invocations=23 (full 0):
 garbage-first heap   total 130048K, used 60681K [0x0000000080000000, 0x0000000100000000)
  region size 1024K, 3 young (3072K), 3 survivors (3072K)
 Metaspace       used 64315K, committed 64768K, reserved 1105920K
  class space    used 8485K, committed 8704K, reserved 1048576K
}
Event: 16.924 GC heap before
{Heap before GC invocations=23 (full 0):
 garbage-first heap   total 130048K, used 63753K [0x0000000080000000, 0x0000000100000000)
  region size 1024K, 6 young (6144K), 3 survivors (3072K)
 Metaspace       used 64655K, committed 65152K, reserved 1105920K
  class space    used 8526K, committed 8768K, reserved 1048576K
}
Event: 16.931 GC heap after
{Heap after GC invocations=24 (full 0):
 garbage-first heap   total 130048K, used 60627K [0x0000000080000000, 0x0000000100000000)
  region size 1024K, 1 young (1024K), 1 survivors (1024K)
 Metaspace       used 64655K, committed 65152K, reserved 1105920K
  class space    used 8526K, committed 8768K, reserved 1048576K
}
Event: 17.908 GC heap before
{Heap before GC invocations=24 (full 0):
 garbage-first heap   total 130048K, used 95443K [0x0000000080000000, 0x0000000100000000)
  region size 1024K, 35 young (35840K), 1 survivors (1024K)
 Metaspace       used 67995K, committed 68480K, reserved 1114112K
  class space    used 8970K, committed 9216K, reserved 1048576K
}

