# JRE version: OpenJDK Runtime Environment (17.0.6) (build 17.0.6+0-b2043.56-10027231)
# Java VM: OpenJDK 64-Bit Server VM (17.0.6+0-b2043.56-10027231, mixed mode, tiered, compressed oops, compressed class ptrs, g1 gc, windows-amd64)
GC Precious Log:
 CPUs: 4 total, 4 available
 Memory: 8083M
 Large Page Support: Disabled
 NUMA Support: Disabled
 Compressed Oops: Enabled (32-bit)
 Heap Region Size: 1M
 Heap Min Capacity: 8M
 Heap Initial Capacity: 128M
 Heap Max Capacity: 2G
 Pre-touch: Disabled
 Parallel Workers: 4
 Concurrent Workers: 1
 Concurrent Refinement Workers: 4
 Periodic GC: Disabled
Heap:
 garbage-first heap   total 191488K, used 107017K [0x0000000080000000, 0x0000000100000000)
  region size 1024K, 1 young (1024K), 1 survivors (1024K)
 Metaspace       used 96910K, committed 97600K, reserved 1138688K
  class space    used 13178K, committed 13504K, reserved 1048576K
GC Heap History (20 events):
Event: 16.376 GC heap after
{Heap after GC invocations=27 (full 0):
 garbage-first heap   total 132096K, used 73197K [0x0000000080000000, 0x0000000100000000)
  region size 1024K, 3 young (3072K), 3 survivors (3072K)
 Metaspace       used 80547K, committed 81152K, reserved 1122304K
  class space    used 10925K, committed 11200K, reserved 1048576K
}
Event: 17.294 GC heap before
{Heap before GC invocations=27 (full 0):
 garbage-first heap   total 132096K, used 109037K [0x0000000080000000, 0x0000000100000000)
  region size 1024K, 38 young (38912K), 3 survivors (3072K)
 Metaspace       used 84090K, committed 84736K, reserved 1122304K
  class space    used 11423K, committed 11712K, reserved 1048576K
}
Event: 17.311 GC heap after
{Heap after GC invocations=28 (full 0):
 garbage-first heap   total 132096K, used 76470K [0x0000000080000000, 0x0000000100000000)
  region size 1024K, 5 young (5120K), 5 survivors (5120K)
 Metaspace       used 84090K, committed 84736K, reserved 1122304K
  class space    used 11423K, committed 11712K, reserved 1048576K
}
Event: 18.232 GC heap before
{Heap before GC invocations=29 (full 0):
 garbage-first heap   total 140288K, used 109238K [0x0000000080000000, 0x0000000100000000)
  region size 1024K, 37 young (37888K), 5 survivors (5120K)
 Metaspace       used 87476K, committed 88128K, reserved 1130496K
  class space    used 11966K, committed 12288K, reserved 1048576K
}
Event: 18.247 GC heap after
{Heap after GC invocations=30 (full 0):
 garbage-first heap   total 140288K, used 78526K [0x0000000080000000, 0x0000000100000000)
  region size 1024K, 3 young (3072K), 3 survivors (3072K)
 Metaspace       used 87476K, committed 88128K, reserved 1130496K
  class space    used 11966K, committed 12288K, reserved 1048576K
}
Event: 19.148 GC heap before
{Heap before GC invocations=30 (full 0):
 garbage-first heap   total 140288K, used 115390K [0x0000000080000000, 0x0000000100000000)
  region size 1024K, 39 young (39936K), 3 survivors (3072K)
 Metaspace       used 91312K, committed 91968K, reserved 1130496K
  class space    used 12446K, committed 12736K, reserved 1048576K
}
Event: 19.164 GC heap after
{Heap after GC invocations=31 (full 0):
 garbage-first heap   total 169984K, used 81920K [0x0000000080000000, 0x0000000100000000)
  region size 1024K, 5 young (5120K), 5 survivors (5120K)
 Metaspace       used 91312K, committed 91968K, reserved 1130496K
  class space    used 12446K, committed 12736K, reserved 1048576K
}
Event: 20.059 GC heap before
{Heap before GC invocations=32 (full 0):
 garbage-first heap   total 169984K, used 138240K [0x0000000080000000, 0x0000000100000000)
  region size 1024K, 60 young (61440K), 5 survivors (5120K)
 Metaspace       used 92049K, committed 92736K, reserved 1130496K
  class space    used 12537K, committed 12864K, reserved 1048576K
}
Event: 20.083 GC heap after
{Heap after GC invocations=33 (full 0):
 garbage-first heap   total 169984K, used 90080K [0x0000000080000000, 0x0000000100000000)
  region size 1024K, 8 young (8192K), 8 survivors (8192K)
 Metaspace       used 92049K, committed 92736K, reserved 1130496K
  class space    used 12537K, committed 12864K, reserved 1048576K
}
Event: 21.232 GC heap before
{Heap before GC invocations=33 (full 0):
 garbage-first heap   total 169984K, used 135136K [0x0000000080000000, 0x0000000100000000)
  region size 1024K, 53 young (54272K), 8 survivors (8192K)
 Metaspace       used 94400K, committed 95040K, reserved 1138688K
  class space    used 12972K, committed 13312K, reserved 1048576K
}
Event: 21.259 GC heap after
{Heap after GC invocations=34 (full 0):
 garbage-first heap   total 169984K, used 96657K [0x0000000080000000, 0x0000000100000000)
  region size 1024K, 6 young (6144K), 6 survivors (6144K)
 Metaspace       used 94400K, committed 95040K, reserved 1138688K
  class space    used 12972K, committed 13312K, reserved 1048576K
}
Event: 22.379 GC heap before
{Heap before GC invocations=35 (full 0):
 garbage-first heap   total 174080K, used 137617K [0x0000000080000000, 0x0000000100000000)
  region size 1024K, 47 young (48128K), 6 survivors (6144K)
 Metaspace       used 94811K, committed 95488K, reserved 1138688K
  class space    used 12990K, committed 13312K, reserved 1048576K
}
Event: 22.399 GC heap after
{Heap after GC invocations=36 (full 0):
 garbage-first heap   total 174080K, used 99683K [0x0000000080000000, 0x0000000100000000)
  region size 1024K, 4 young (4096K), 4 survivors (4096K)
 Metaspace       used 94811K, committed 95488K, reserved 1138688K
  class space    used 12990K, committed 13312K, reserved 1048576K
}
Event: 22.461 GC heap before
{Heap before GC invocations=36 (full 0):
 garbage-first heap   total 174080K, used 102754K [0x0000000080000000, 0x0000000100000000)
  region size 1024K, 8 young (8192K), 4 survivors (4096K)
 Metaspace       used 94842K, committed 95552K, reserved 1138688K
  class space    used 12990K, committed 13312K, reserved 1048576K
}
Event: 22.470 GC heap after
{Heap after GC invocations=37 (full 0):
 garbage-first heap   total 174080K, used 100158K [0x0000000080000000, 0x0000000100000000)
  region size 1024K, 1 young (1024K), 1 survivors (1024K)
 Metaspace       used 94842K, committed 95552K, reserved 1138688K
  class space    used 12990K, committed 13312K, reserved 1048576K
}
Event: 23.693 GC heap before
{Heap before GC invocations=37 (full 0):
 garbage-first heap   total 174080K, used 142142K [0x0000000080000000, 0x0000000100000000)
  region size 1024K, 43 young (44032K), 1 survivors (1024K)
 Metaspace       used 95331K, committed 96064K, reserved 1138688K
  class space    used 13022K, committed 13376K, reserved 1048576K
}
Event: 23.710 GC heap after
{Heap after GC invocations=38 (full 0):
 garbage-first heap   total 174080K, used 103081K [0x0000000080000000, 0x0000000100000000)
  region size 1024K, 4 young (4096K), 4 survivors (4096K)
 Metaspace       used 95331K, committed 96064K, reserved 1138688K
  class space    used 13022K, committed 13376K, reserved 1048576K
}
Event: 24.805 GC heap before
{Heap before GC invocations=39 (full 0):
 garbage-first heap   total 191488K, used 145065K [0x0000000080000000, 0x0000000100000000)
  region size 1024K, 45 young (46080K), 4 survivors (4096K)
 Metaspace       used 96883K, committed 97536K, reserved 1138688K
  class space    used 13171K, committed 13504K, reserved 1048576K
}
Event: 24.819 GC heap after
{Heap after GC invocations=40 (full 0):
 garbage-first heap   total 191488K, used 107037K [0x0000000080000000, 0x0000000100000000)
  region size 1024K, 5 young (5120K), 5 survivors (5120K)
 Metaspace       used 96883K, committed 97536K, reserved 1138688K
  class space    used 13171K, committed 13504K, reserved 1048576K
}
Event: 24.878 GC heap before
{Heap before GC invocations=40 (full 0):
 garbage-first heap   total 191488K, used 111133K [0x0000000080000000, 0x0000000100000000)
  region size 1024K, 9 young (9216K), 5 survivors (5120K)
 Metaspace       used 96910K, committed 97600K, reserved 1138688K
  class space    used 13178K, committed 13504K, reserved 1048576K
}

