# JRE version: OpenJDK Runtime Environment (17.0.6) (build 17.0.6+0-b2043.56-10027231)
# Java VM: OpenJDK 64-Bit Server VM (17.0.6+0-b2043.56-10027231, mixed mode, tiered, compressed oops, compressed class ptrs, g1 gc, windows-amd64)
GC Precious Log:
 CPUs: 4 total, 4 available
 Memory: 8083M
 Large Page Support: Disabled
 NUMA Support: Disabled
 Compressed Oops: Enabled (32-bit)
 Heap Region Size: 1M
 Heap Min Capacity: 8M
 Heap Initial Capacity: 128M
 Heap Max Capacity: 2G
 Pre-touch: Disabled
 Parallel Workers: 4
 Concurrent Workers: 1
 Concurrent Refinement Workers: 4
 Periodic GC: Disabled
Heap:
 garbage-first heap   total 348160K, used 246784K [0x0000000080000000, 0x0000000100000000)
  region size 1024K, 13 young (13312K), 8 survivors (8192K)
 Metaspace       used 120209K, committed 120960K, reserved 1155072K
  class space    used 16145K, committed 16512K, reserved 1048576K
GC Heap History (20 events):
Event: 784.281 GC heap before
{Heap before GC invocations=57 (full 0):
 garbage-first heap   total 245760K, used 198274K [0x0000000080000000, 0x0000000100000000)
  region size 1024K, 88 young (90112K), 12 survivors (12288K)
 Metaspace       used 107171K, committed 107904K, reserved 1146880K
  class space    used 14436K, committed 14784K, reserved 1048576K
}
Event: 784.352 GC heap after
{Heap after GC invocations=58 (full 0):
 garbage-first heap   total 245760K, used 129802K [0x0000000080000000, 0x0000000100000000)
  region size 1024K, 8 young (8192K), 8 survivors (8192K)
 Metaspace       used 107171K, committed 107904K, reserved 1146880K
  class space    used 14436K, committed 14784K, reserved 1048576K
}
Event: 791.478 GC heap before
{Heap before GC invocations=58 (full 0):
 garbage-first heap   total 245760K, used 199434K [0x0000000080000000, 0x0000000100000000)
  region size 1024K, 77 young (78848K), 8 survivors (8192K)
 Metaspace       used 114835K, committed 115648K, reserved 1155072K
  class space    used 15527K, committed 15936K, reserved 1048576K
}
Event: 791.504 GC heap after
{Heap after GC invocations=59 (full 0):
 garbage-first heap   total 245760K, used 132429K [0x0000000080000000, 0x0000000100000000)
  region size 1024K, 4 young (4096K), 4 survivors (4096K)
 Metaspace       used 114835K, committed 115648K, reserved 1155072K
  class space    used 15527K, committed 15936K, reserved 1048576K
}
Event: 792.779 GC heap before
{Heap before GC invocations=59 (full 0):
 garbage-first heap   total 245760K, used 203085K [0x0000000080000000, 0x0000000100000000)
  region size 1024K, 73 young (74752K), 4 survivors (4096K)
 Metaspace       used 115751K, committed 116480K, reserved 1155072K
  class space    used 15580K, committed 15936K, reserved 1048576K
}
Event: 792.791 GC heap after
{Heap after GC invocations=60 (full 0):
 garbage-first heap   total 245760K, used 132255K [0x0000000080000000, 0x0000000100000000)
  region size 1024K, 4 young (4096K), 4 survivors (4096K)
 Metaspace       used 115751K, committed 116480K, reserved 1155072K
  class space    used 15580K, committed 15936K, reserved 1048576K
}
Event: 793.906 GC heap before
{Heap before GC invocations=60 (full 0):
 garbage-first heap   total 245760K, used 205983K [0x0000000080000000, 0x0000000100000000)
  region size 1024K, 76 young (77824K), 4 survivors (4096K)
 Metaspace       used 116685K, committed 117504K, reserved 1155072K
  class space    used 15670K, committed 16064K, reserved 1048576K
}
Event: 793.918 GC heap after
{Heap after GC invocations=61 (full 0):
 garbage-first heap   total 245760K, used 132209K [0x0000000080000000, 0x0000000100000000)
  region size 1024K, 4 young (4096K), 4 survivors (4096K)
 Metaspace       used 116685K, committed 117504K, reserved 1155072K
  class space    used 15670K, committed 16064K, reserved 1048576K
}
Event: 797.021 GC heap before
{Heap before GC invocations=61 (full 0):
 garbage-first heap   total 245760K, used 174193K [0x0000000080000000, 0x0000000100000000)
  region size 1024K, 35 young (35840K), 4 survivors (4096K)
 Metaspace       used 119348K, committed 120192K, reserved 1155072K
  class space    used 16035K, committed 16448K, reserved 1048576K
}
Event: 797.052 GC heap after
{Heap after GC invocations=62 (full 0):
 garbage-first heap   total 245760K, used 150640K [0x0000000080000000, 0x0000000100000000)
  region size 1024K, 10 young (10240K), 10 survivors (10240K)
 Metaspace       used 119348K, committed 120192K, reserved 1155072K
  class space    used 16035K, committed 16448K, reserved 1048576K
}
Event: 797.076 GC heap before
{Heap before GC invocations=62 (full 0):
 garbage-first heap   total 245760K, used 171120K [0x0000000080000000, 0x0000000100000000)
  region size 1024K, 18 young (18432K), 10 survivors (10240K)
 Metaspace       used 119353K, committed 120192K, reserved 1155072K
  class space    used 16035K, committed 16448K, reserved 1048576K
}
Event: 797.087 GC heap after
{Heap after GC invocations=63 (full 0):
 garbage-first heap   total 245760K, used 162407K [0x0000000080000000, 0x0000000100000000)
  region size 1024K, 4 young (4096K), 4 survivors (4096K)
 Metaspace       used 119353K, committed 120192K, reserved 1155072K
  class space    used 16035K, committed 16448K, reserved 1048576K
}
Event: 797.674 GC heap before
{Heap before GC invocations=64 (full 0):
 garbage-first heap   total 348160K, used 219751K [0x0000000080000000, 0x0000000100000000)
  region size 1024K, 44 young (45056K), 4 survivors (4096K)
 Metaspace       used 119476K, committed 120320K, reserved 1155072K
  class space    used 16045K, committed 16448K, reserved 1048576K
}
Event: 797.708 GC heap after
{Heap after GC invocations=65 (full 0):
 garbage-first heap   total 348160K, used 181860K [0x0000000080000000, 0x0000000100000000)
  region size 1024K, 6 young (6144K), 6 survivors (6144K)
 Metaspace       used 119476K, committed 120320K, reserved 1155072K
  class space    used 16045K, committed 16448K, reserved 1048576K
}
Event: 797.894 GC heap before
{Heap before GC invocations=65 (full 0):
 garbage-first heap   total 348160K, used 194148K [0x0000000080000000, 0x0000000100000000)
  region size 1024K, 17 young (17408K), 6 survivors (6144K)
 Metaspace       used 119476K, committed 120320K, reserved 1155072K
  class space    used 16045K, committed 16448K, reserved 1048576K
}
Event: 797.923 GC heap after
{Heap after GC invocations=66 (full 0):
 garbage-first heap   total 348160K, used 182263K [0x0000000080000000, 0x0000000100000000)
  region size 1024K, 3 young (3072K), 3 survivors (3072K)
 Metaspace       used 119476K, committed 120320K, reserved 1155072K
  class space    used 16045K, committed 16448K, reserved 1048576K
}
Event: 799.216 GC heap before
{Heap before GC invocations=66 (full 0):
 garbage-first heap   total 348160K, used 268279K [0x0000000080000000, 0x0000000100000000)
  region size 1024K, 87 young (89088K), 3 survivors (3072K)
 Metaspace       used 119921K, committed 120704K, reserved 1155072K
  class space    used 16110K, committed 16512K, reserved 1048576K
}
Event: 799.394 GC heap after
{Heap after GC invocations=67 (full 0):
 garbage-first heap   total 348160K, used 224256K [0x0000000080000000, 0x0000000100000000)
  region size 1024K, 11 young (11264K), 11 survivors (11264K)
 Metaspace       used 119921K, committed 120704K, reserved 1155072K
  class space    used 16110K, committed 16512K, reserved 1048576K
}
Event: 801.395 GC heap before
{Heap before GC invocations=67 (full 0):
 garbage-first heap   total 348160K, used 271360K [0x0000000080000000, 0x0000000100000000)
  region size 1024K, 57 young (58368K), 11 survivors (11264K)
 Metaspace       used 120142K, committed 120896K, reserved 1155072K
  class space    used 16135K, committed 16512K, reserved 1048576K
}
Event: 801.479 GC heap after
{Heap after GC invocations=68 (full 0):
 garbage-first heap   total 348160K, used 242688K [0x0000000080000000, 0x0000000100000000)
  region size 1024K, 8 young (8192K), 8 survivors (8192K)
 Metaspace       used 120142K, committed 120896K, reserved 1155072K
  class space    used 16135K, committed 16512K, reserved 1048576K
}

