# JRE version: OpenJDK Runtime Environment (17.0.6) (build 17.0.6+0-b2043.56-10027231)
# Java VM: OpenJDK 64-Bit Server VM (17.0.6+0-b2043.56-10027231, mixed mode, tiered, compressed oops, compressed class ptrs, g1 gc, windows-amd64)
GC Precious Log:
 CPUs: 4 total, 4 available
 Memory: 8083M
 Large Page Support: Disabled
 NUMA Support: Disabled
 Compressed Oops: Enabled (32-bit)
 Heap Region Size: 1M
 Heap Min Capacity: 8M
 Heap Initial Capacity: 128M
 Heap Max Capacity: 2G
 Pre-touch: Disabled
 Parallel Workers: 4
 Concurrent Workers: 1
 Concurrent Refinement Workers: 4
 Periodic GC: Disabled
Heap:
 garbage-first heap   total 414720K, used 217732K [0x0000000080000000, 0x0000000100000000)
  region size 1024K, 2 young (2048K), 2 survivors (2048K)
 Metaspace       used 167284K, committed 168192K, reserved 1196032K
  class space    used 21528K, committed 21952K, reserved 1048576K
GC Heap History (20 events):
Event: 8345.140 GC heap after
{Heap after GC invocations=104 (full 0):
 garbage-first heap   total 386048K, used 199625K [0x0000000080000000, 0x0000000100000000)
  region size 1024K, 2 young (2048K), 2 survivors (2048K)
 Metaspace       used 158194K, committed 159104K, reserved 1187840K
  class space    used 20290K, committed 20736K, reserved 1048576K
}
Event: 8347.888 GC heap before
{Heap before GC invocations=104 (full 0):
 garbage-first heap   total 386048K, used 317385K [0x0000000080000000, 0x0000000100000000)
  region size 1024K, 118 young (120832K), 2 survivors (2048K)
 Metaspace       used 165342K, committed 166272K, reserved 1196032K
  class space    used 21343K, committed 21760K, reserved 1048576K
}
Event: 8347.910 GC heap after
{Heap after GC invocations=105 (full 0):
 garbage-first heap   total 386048K, used 204641K [0x0000000080000000, 0x0000000100000000)
  region size 1024K, 7 young (7168K), 7 survivors (7168K)
 Metaspace       used 165342K, committed 166272K, reserved 1196032K
  class space    used 21343K, committed 21760K, reserved 1048576K
}
Event: 8348.963 GC heap before
{Heap before GC invocations=105 (full 0):
 garbage-first heap   total 386048K, used 320353K [0x0000000080000000, 0x0000000100000000)
  region size 1024K, 120 young (122880K), 7 survivors (7168K)
 Metaspace       used 166163K, committed 167040K, reserved 1196032K
  class space    used 21404K, committed 21824K, reserved 1048576K
}
Event: 8348.980 GC heap after
{Heap after GC invocations=106 (full 0):
 garbage-first heap   total 386048K, used 207692K [0x0000000080000000, 0x0000000100000000)
  region size 1024K, 10 young (10240K), 10 survivors (10240K)
 Metaspace       used 166163K, committed 167040K, reserved 1196032K
  class space    used 21404K, committed 21824K, reserved 1048576K
}
Event: 8349.739 GC heap before
{Heap before GC invocations=106 (full 0):
 garbage-first heap   total 386048K, used 324428K [0x0000000080000000, 0x0000000100000000)
  region size 1024K, 124 young (126976K), 10 survivors (10240K)
 Metaspace       used 166374K, committed 167232K, reserved 1196032K
  class space    used 21417K, committed 21824K, reserved 1048576K
}
Event: 8349.758 GC heap after
{Heap after GC invocations=107 (full 0):
 garbage-first heap   total 386048K, used 207115K [0x0000000080000000, 0x0000000100000000)
  region size 1024K, 3 young (3072K), 3 survivors (3072K)
 Metaspace       used 166374K, committed 167232K, reserved 1196032K
  class space    used 21417K, committed 21824K, reserved 1048576K
}
Event: 8351.094 GC heap before
{Heap before GC invocations=108 (full 0):
 garbage-first heap   total 386048K, used 326923K [0x0000000080000000, 0x0000000100000000)
  region size 1024K, 120 young (122880K), 3 survivors (3072K)
 Metaspace       used 166608K, committed 167552K, reserved 1196032K
  class space    used 21428K, committed 21888K, reserved 1048576K
}
Event: 8351.106 GC heap after
{Heap after GC invocations=109 (full 0):
 garbage-first heap   total 386048K, used 207520K [0x0000000080000000, 0x0000000100000000)
  region size 1024K, 4 young (4096K), 4 survivors (4096K)
 Metaspace       used 166608K, committed 167552K, reserved 1196032K
  class space    used 21428K, committed 21888K, reserved 1048576K
}
Event: 8351.167 GC heap before
{Heap before GC invocations=109 (full 0):
 garbage-first heap   total 386048K, used 221856K [0x0000000080000000, 0x0000000100000000)
  region size 1024K, 18 young (18432K), 4 survivors (4096K)
 Metaspace       used 166615K, committed 167552K, reserved 1196032K
  class space    used 21428K, committed 21888K, reserved 1048576K
}
Event: 8351.190 GC heap after
{Heap after GC invocations=110 (full 0):
 garbage-first heap   total 386048K, used 204200K [0x0000000080000000, 0x0000000100000000)
  region size 1024K, 1 young (1024K), 1 survivors (1024K)
 Metaspace       used 166615K, committed 167552K, reserved 1196032K
  class space    used 21428K, committed 21888K, reserved 1048576K
}
Event: 8352.182 GC heap before
{Heap before GC invocations=110 (full 0):
 garbage-first heap   total 386048K, used 329128K [0x0000000080000000, 0x0000000100000000)
  region size 1024K, 124 young (126976K), 1 survivors (1024K)
 Metaspace       used 167086K, committed 168064K, reserved 1196032K
  class space    used 21503K, committed 21952K, reserved 1048576K
}
Event: 8352.201 GC heap after
{Heap after GC invocations=111 (full 0):
 garbage-first heap   total 386048K, used 215724K [0x0000000080000000, 0x0000000100000000)
  region size 1024K, 13 young (13312K), 13 survivors (13312K)
 Metaspace       used 167086K, committed 168064K, reserved 1196032K
  class space    used 21503K, committed 21952K, reserved 1048576K
}
Event: 8352.893 GC heap before
{Heap before GC invocations=111 (full 0):
 garbage-first heap   total 386048K, used 325292K [0x0000000080000000, 0x0000000100000000)
  region size 1024K, 120 young (122880K), 13 survivors (13312K)
 Metaspace       used 167144K, committed 168128K, reserved 1196032K
  class space    used 21505K, committed 21952K, reserved 1048576K
}
Event: 8352.920 GC heap after
{Heap after GC invocations=112 (full 0):
 garbage-first heap   total 386048K, used 222025K [0x0000000080000000, 0x0000000100000000)
  region size 1024K, 7 young (7168K), 7 survivors (7168K)
 Metaspace       used 167144K, committed 168128K, reserved 1196032K
  class space    used 21505K, committed 21952K, reserved 1048576K
}
Event: 8353.539 GC heap before
{Heap before GC invocations=112 (full 0):
 garbage-first heap   total 386048K, used 326473K [0x0000000080000000, 0x0000000100000000)
  region size 1024K, 109 young (111616K), 7 survivors (7168K)
 Metaspace       used 167245K, committed 168192K, reserved 1196032K
  class space    used 21525K, committed 21952K, reserved 1048576K
}
Event: 8353.553 GC heap after
{Heap after GC invocations=113 (full 0):
 garbage-first heap   total 386048K, used 222379K [0x0000000080000000, 0x0000000100000000)
  region size 1024K, 8 young (8192K), 8 survivors (8192K)
 Metaspace       used 167245K, committed 168192K, reserved 1196032K
  class space    used 21525K, committed 21952K, reserved 1048576K
}
Event: 8354.729 GC heap before
{Heap before GC invocations=114 (full 0):
 garbage-first heap   total 414720K, used 326827K [0x0000000080000000, 0x0000000100000000)
  region size 1024K, 110 young (112640K), 8 survivors (8192K)
 Metaspace       used 167283K, committed 168192K, reserved 1196032K
  class space    used 21528K, committed 21952K, reserved 1048576K
}
Event: 8354.746 GC heap after
{Heap after GC invocations=115 (full 0):
 garbage-first heap   total 414720K, used 222708K [0x0000000080000000, 0x0000000100000000)
  region size 1024K, 8 young (8192K), 8 survivors (8192K)
 Metaspace       used 167283K, committed 168192K, reserved 1196032K
  class space    used 21528K, committed 21952K, reserved 1048576K
}
Event: 8354.813 GC heap before
{Heap before GC invocations=115 (full 0):
 garbage-first heap   total 414720K, used 234996K [0x0000000080000000, 0x0000000100000000)
  region size 1024K, 20 young (20480K), 8 survivors (8192K)
 Metaspace       used 167284K, committed 168192K, reserved 1196032K
  class space    used 21528K, committed 21952K, reserved 1048576K
}

