# JRE version: OpenJDK Runtime Environment (17.0.6) (build 17.0.6+0-b2043.56-10027231)
# Java VM: OpenJDK 64-Bit Server VM (17.0.6+0-b2043.56-10027231, mixed mode, tiered, compressed oops, compressed class ptrs, g1 gc, windows-amd64)
GC Precious Log:
 CPUs: 4 total, 4 available
 Memory: 8083M
 Large Page Support: Disabled
 NUMA Support: Disabled
 Compressed Oops: Enabled (32-bit)
 Heap Region Size: 1M
 Heap Min Capacity: 8M
 Heap Initial Capacity: 128M
 Heap Max Capacity: 2G
 Pre-touch: Disabled
 Parallel Workers: 4
 Concurrent Workers: 1
 Concurrent Refinement Workers: 4
 Periodic GC: Disabled
Heap:
 garbage-first heap   total 282624K, used 203264K [0x0000000080000000, 0x0000000100000000)
  region size 1024K, 5 young (5120K), 5 survivors (5120K)
 Metaspace       used 104999K, committed 105664K, reserved 1146880K
  class space    used 14433K, committed 14720K, reserved 1048576K
GC Heap History (20 events):
Event: 16.812 GC heap after
{Heap after GC invocations=32 (full 0):
 garbage-first heap   total 282624K, used 70654K [0x0000000080000000, 0x0000000100000000)
  region size 1024K, 4 young (4096K), 4 survivors (4096K)
 Metaspace       used 74519K, committed 75072K, reserved 1114112K
  class space    used 9900K, committed 10112K, reserved 1048576K
}
Event: 20.849 GC heap before
{Heap before GC invocations=33 (full 0):
 garbage-first heap   total 256000K, used 200702K [0x0000000080000000, 0x0000000100000000)
  region size 1024K, 131 young (134144K), 4 survivors (4096K)
 Metaspace       used 89457K, committed 90048K, reserved 1130496K
  class space    used 12201K, committed 12480K, reserved 1048576K
}
Event: 20.870 GC heap after
{Heap after GC invocations=34 (full 0):
 garbage-first heap   total 256000K, used 78895K [0x0000000080000000, 0x0000000100000000)
  region size 1024K, 12 young (12288K), 12 survivors (12288K)
 Metaspace       used 89457K, committed 90048K, reserved 1130496K
  class space    used 12201K, committed 12480K, reserved 1048576K
}
Event: 20.888 GC heap before
{Heap before GC invocations=34 (full 0):
 garbage-first heap   total 256000K, used 79919K [0x0000000080000000, 0x0000000100000000)
  region size 1024K, 13 young (13312K), 12 survivors (12288K)
 Metaspace       used 89648K, committed 90304K, reserved 1130496K
  class space    used 12210K, committed 12544K, reserved 1048576K
}
Event: 20.907 GC heap after
{Heap after GC invocations=35 (full 0):
 garbage-first heap   total 256000K, used 79950K [0x0000000080000000, 0x0000000100000000)
  region size 1024K, 2 young (2048K), 2 survivors (2048K)
 Metaspace       used 89648K, committed 90304K, reserved 1130496K
  class space    used 12210K, committed 12544K, reserved 1048576K
}
Event: 23.185 GC heap before
{Heap before GC invocations=35 (full 0):
 garbage-first heap   total 256000K, used 195662K [0x0000000080000000, 0x0000000100000000)
  region size 1024K, 115 young (117760K), 2 survivors (2048K)
 Metaspace       used 94166K, committed 94848K, reserved 1130496K
  class space    used 12910K, committed 13248K, reserved 1048576K
}
Event: 23.212 GC heap after
{Heap after GC invocations=36 (full 0):
 garbage-first heap   total 256000K, used 92754K [0x0000000080000000, 0x0000000100000000)
  region size 1024K, 14 young (14336K), 14 survivors (14336K)
 Metaspace       used 94166K, committed 94848K, reserved 1130496K
  class space    used 12910K, committed 13248K, reserved 1048576K
}
Event: 25.952 GC heap before
{Heap before GC invocations=36 (full 0):
 garbage-first heap   total 256000K, used 195154K [0x0000000080000000, 0x0000000100000000)
  region size 1024K, 115 young (117760K), 14 survivors (14336K)
 Metaspace       used 95353K, committed 96000K, reserved 1138688K
  class space    used 13019K, committed 13312K, reserved 1048576K
}
Event: 26.002 GC heap after
{Heap after GC invocations=37 (full 0):
 garbage-first heap   total 256000K, used 101706K [0x0000000080000000, 0x0000000100000000)
  region size 1024K, 9 young (9216K), 9 survivors (9216K)
 Metaspace       used 95353K, committed 96000K, reserved 1138688K
  class space    used 13019K, committed 13312K, reserved 1048576K
}
Event: 28.169 GC heap before
{Heap before GC invocations=37 (full 0):
 garbage-first heap   total 256000K, used 201034K [0x0000000080000000, 0x0000000100000000)
  region size 1024K, 106 young (108544K), 9 survivors (9216K)
 Metaspace       used 97780K, committed 98496K, reserved 1138688K
  class space    used 13276K, committed 13632K, reserved 1048576K
}
Event: 28.195 GC heap after
{Heap after GC invocations=38 (full 0):
 garbage-first heap   total 256000K, used 110466K [0x0000000080000000, 0x0000000100000000)
  region size 1024K, 9 young (9216K), 9 survivors (9216K)
 Metaspace       used 97780K, committed 98496K, reserved 1138688K
  class space    used 13276K, committed 13632K, reserved 1048576K
}
Event: 29.401 GC heap before
{Heap before GC invocations=38 (full 0):
 garbage-first heap   total 256000K, used 183170K [0x0000000080000000, 0x0000000100000000)
  region size 1024K, 51 young (52224K), 9 survivors (9216K)
 Metaspace       used 101273K, committed 101952K, reserved 1138688K
  class space    used 13765K, committed 14080K, reserved 1048576K
}
Event: 29.430 GC heap after
{Heap after GC invocations=39 (full 0):
 garbage-first heap   total 256000K, used 142987K [0x0000000080000000, 0x0000000100000000)
  region size 1024K, 10 young (10240K), 10 survivors (10240K)
 Metaspace       used 101273K, committed 101952K, reserved 1138688K
  class space    used 13765K, committed 14080K, reserved 1048576K
}
Event: 32.516 GC heap before
{Heap before GC invocations=40 (full 0):
 garbage-first heap   total 276480K, used 217739K [0x0000000080000000, 0x0000000100000000)
  region size 1024K, 71 young (72704K), 10 survivors (10240K)
 Metaspace       used 102573K, committed 103296K, reserved 1138688K
  class space    used 13986K, committed 14336K, reserved 1048576K
}
Event: 32.587 GC heap after
{Heap after GC invocations=41 (full 0):
 garbage-first heap   total 276480K, used 167745K [0x0000000080000000, 0x0000000100000000)
  region size 1024K, 9 young (9216K), 9 survivors (9216K)
 Metaspace       used 102573K, committed 103296K, reserved 1138688K
  class space    used 13986K, committed 14336K, reserved 1048576K
}
Event: 32.677 GC heap before
{Heap before GC invocations=41 (full 0):
 garbage-first heap   total 276480K, used 171841K [0x0000000080000000, 0x0000000100000000)
  region size 1024K, 13 young (13312K), 9 survivors (9216K)
 Metaspace       used 103632K, committed 104320K, reserved 1146880K
  class space    used 14270K, committed 14592K, reserved 1048576K
}
Event: 32.705 GC heap after
{Heap after GC invocations=42 (full 0):
 garbage-first heap   total 276480K, used 169352K [0x0000000080000000, 0x0000000100000000)
  region size 1024K, 2 young (2048K), 2 survivors (2048K)
 Metaspace       used 103632K, committed 104320K, reserved 1146880K
  class space    used 14270K, committed 14592K, reserved 1048576K
}
Event: 33.531 GC heap before
{Heap before GC invocations=42 (full 0):
 garbage-first heap   total 276480K, used 218504K [0x0000000080000000, 0x0000000100000000)
  region size 1024K, 50 young (51200K), 2 survivors (2048K)
 Metaspace       used 104929K, committed 105600K, reserved 1146880K
  class space    used 14423K, committed 14720K, reserved 1048576K
}
Event: 33.565 GC heap after
{Heap after GC invocations=43 (full 0):
 garbage-first heap   total 276480K, used 187377K [0x0000000080000000, 0x0000000100000000)
  region size 1024K, 7 young (7168K), 7 survivors (7168K)
 Metaspace       used 104929K, committed 105600K, reserved 1146880K
  class space    used 14423K, committed 14720K, reserved 1048576K
}
Event: 33.956 GC heap before
{Heap before GC invocations=43 (full 0):
 garbage-first heap   total 276480K, used 221169K [0x0000000080000000, 0x0000000100000000)
  region size 1024K, 40 young (40960K), 7 survivors (7168K)
 Metaspace       used 104999K, committed 105664K, reserved 1146880K
  class space    used 14433K, committed 14720K, reserved 1048576K
}

