# JRE version: OpenJDK Runtime Environment (17.0.6) (build 17.0.6+0-b2043.56-10027231)
# Java VM: OpenJDK 64-Bit Server VM (17.0.6+0-b2043.56-10027231, mixed mode, tiered, compressed oops, compressed class ptrs, g1 gc, windows-amd64)
GC Precious Log:
 CPUs: 4 total, 4 available
 Memory: 8083M
 Large Page Support: Disabled
 NUMA Support: Disabled
 Compressed Oops: Enabled (32-bit)
 Heap Region Size: 1M
 Heap Min Capacity: 8M
 Heap Initial Capacity: 128M
 Heap Max Capacity: 2022M
 Pre-touch: Disabled
 Parallel Workers: 4
 Concurrent Workers: 1
 Concurrent Refinement Workers: 4
 Periodic GC: Disabled
Heap:
 garbage-first heap   total 104448K, used 27731K [0x0000000081a00000, 0x0000000100000000)
  region size 1024K, 2 young (2048K), 2 survivors (2048K)
 Metaspace       used 49348K, committed 49600K, reserved 1097728K
  class space    used 6016K, committed 6144K, reserved 1048576K
GC Heap History (20 events):
Event: 1.818 GC heap after
{Heap after GC invocations=3 (full 0):
 garbage-first heap   total 131072K, used 10324K [0x0000000081a00000, 0x0000000100000000)
  region size 1024K, 5 young (5120K), 5 survivors (5120K)
 Metaspace       used 21330K, committed 21504K, reserved 1073152K
  class space    used 2324K, committed 2432K, reserved 1048576K
}
Event: 2.519 GC heap before
{Heap before GC invocations=4 (full 0):
 garbage-first heap   total 40960K, used 31828K [0x0000000081a00000, 0x0000000100000000)
  region size 1024K, 27 young (27648K), 5 survivors (5120K)
 Metaspace       used 28557K, committed 28800K, reserved 1081344K
  class space    used 3542K, committed 3648K, reserved 1048576K
}
Event: 2.529 GC heap after
{Heap after GC invocations=5 (full 0):
 garbage-first heap   total 40960K, used 11226K [0x0000000081a00000, 0x0000000100000000)
  region size 1024K, 5 young (5120K), 5 survivors (5120K)
 Metaspace       used 28557K, committed 28800K, reserved 1081344K
  class space    used 3542K, committed 3648K, reserved 1048576K
}
Event: 2.967 GC heap before
{Heap before GC invocations=5 (full 0):
 garbage-first heap   total 40960K, used 31706K [0x0000000081a00000, 0x0000000100000000)
  region size 1024K, 23 young (23552K), 5 survivors (5120K)
 Metaspace       used 30473K, committed 30656K, reserved 1081344K
  class space    used 3936K, committed 4032K, reserved 1048576K
}
Event: 2.987 GC heap after
{Heap after GC invocations=6 (full 0):
 garbage-first heap   total 41984K, used 17457K [0x0000000081a00000, 0x0000000100000000)
  region size 1024K, 3 young (3072K), 3 survivors (3072K)
 Metaspace       used 30473K, committed 30656K, reserved 1081344K
  class space    used 3936K, committed 4032K, reserved 1048576K
}
Event: 3.259 GC heap before
{Heap before GC invocations=6 (full 0):
 garbage-first heap   total 41984K, used 29745K [0x0000000081a00000, 0x0000000100000000)
  region size 1024K, 15 young (15360K), 3 survivors (3072K)
 Metaspace       used 33758K, committed 33920K, reserved 1081344K
  class space    used 4311K, committed 4352K, reserved 1048576K
}
Event: 3.268 GC heap after
{Heap after GC invocations=7 (full 0):
 garbage-first heap   total 41984K, used 19217K [0x0000000081a00000, 0x0000000100000000)
  region size 1024K, 2 young (2048K), 2 survivors (2048K)
 Metaspace       used 33758K, committed 33920K, reserved 1081344K
  class space    used 4311K, committed 4352K, reserved 1048576K
}
Event: 3.497 GC heap before
{Heap before GC invocations=7 (full 0):
 garbage-first heap   total 41984K, used 28433K [0x0000000081a00000, 0x0000000100000000)
  region size 1024K, 13 young (13312K), 2 survivors (2048K)
 Metaspace       used 35852K, committed 36096K, reserved 1081344K
  class space    used 4533K, committed 4672K, reserved 1048576K
}
Event: 3.502 GC heap after
{Heap after GC invocations=8 (full 0):
 garbage-first heap   total 51200K, used 18928K [0x0000000081a00000, 0x0000000100000000)
  region size 1024K, 2 young (2048K), 2 survivors (2048K)
 Metaspace       used 35852K, committed 36096K, reserved 1081344K
  class space    used 4533K, committed 4672K, reserved 1048576K
}
Event: 3.847 GC heap before
{Heap before GC invocations=9 (full 0):
 garbage-first heap   total 51200K, used 36336K [0x0000000081a00000, 0x0000000100000000)
  region size 1024K, 20 young (20480K), 2 survivors (2048K)
 Metaspace       used 39636K, committed 39872K, reserved 1089536K
  class space    used 4869K, committed 4992K, reserved 1048576K
}
Event: 3.855 GC heap after
{Heap after GC invocations=10 (full 0):
 garbage-first heap   total 51200K, used 20965K [0x0000000081a00000, 0x0000000100000000)
  region size 1024K, 3 young (3072K), 3 survivors (3072K)
 Metaspace       used 39636K, committed 39872K, reserved 1089536K
  class space    used 4869K, committed 4992K, reserved 1048576K
}
Event: 3.866 GC heap before
{Heap before GC invocations=10 (full 0):
 garbage-first heap   total 51200K, used 21989K [0x0000000081a00000, 0x0000000100000000)
  region size 1024K, 4 young (4096K), 3 survivors (3072K)
 Metaspace       used 39651K, committed 39872K, reserved 1089536K
  class space    used 4869K, committed 4992K, reserved 1048576K
}
Event: 3.872 GC heap after
{Heap after GC invocations=11 (full 0):
 garbage-first heap   total 51200K, used 20887K [0x0000000081a00000, 0x0000000100000000)
  region size 1024K, 1 young (1024K), 1 survivors (1024K)
 Metaspace       used 39651K, committed 39872K, reserved 1089536K
  class space    used 4869K, committed 4992K, reserved 1048576K
}
Event: 4.470 GC heap before
{Heap before GC invocations=11 (full 0):
 garbage-first heap   total 51200K, used 38295K [0x0000000081a00000, 0x0000000100000000)
  region size 1024K, 18 young (18432K), 1 survivors (1024K)
 Metaspace       used 44302K, committed 44544K, reserved 1089536K
  class space    used 5427K, committed 5568K, reserved 1048576K
}
Event: 4.479 GC heap after
{Heap after GC invocations=12 (full 0):
 garbage-first heap   total 51200K, used 22508K [0x0000000081a00000, 0x0000000100000000)
  region size 1024K, 3 young (3072K), 3 survivors (3072K)
 Metaspace       used 44302K, committed 44544K, reserved 1089536K
  class space    used 5427K, committed 5568K, reserved 1048576K
}
Event: 5.107 GC heap before
{Heap before GC invocations=13 (full 0):
 garbage-first heap   total 51200K, used 39916K [0x0000000081a00000, 0x0000000100000000)
  region size 1024K, 19 young (19456K), 3 survivors (3072K)
 Metaspace       used 47322K, committed 47552K, reserved 1097728K
  class space    used 5768K, committed 5888K, reserved 1048576K
}
Event: 5.120 GC heap after
{Heap after GC invocations=14 (full 0):
 garbage-first heap   total 51200K, used 27214K [0x0000000081a00000, 0x0000000100000000)
  region size 1024K, 3 young (3072K), 3 survivors (3072K)
 Metaspace       used 47322K, committed 47552K, reserved 1097728K
  class space    used 5768K, committed 5888K, reserved 1048576K
}
Event: 5.157 GC heap before
{Heap before GC invocations=14 (full 0):
 garbage-first heap   total 51200K, used 28238K [0x0000000081a00000, 0x0000000100000000)
  region size 1024K, 4 young (4096K), 3 survivors (3072K)
 Metaspace       used 47350K, committed 47552K, reserved 1097728K
  class space    used 5768K, committed 5888K, reserved 1048576K
}
Event: 5.164 GC heap after
{Heap after GC invocations=15 (full 0):
 garbage-first heap   total 51200K, used 27177K [0x0000000081a00000, 0x0000000100000000)
  region size 1024K, 1 young (1024K), 1 survivors (1024K)
 Metaspace       used 47350K, committed 47552K, reserved 1097728K
  class space    used 5768K, committed 5888K, reserved 1048576K
}
Event: 5.431 GC heap before
{Heap before GC invocations=15 (full 0):
 garbage-first heap   total 51200K, used 33321K [0x0000000081a00000, 0x0000000100000000)
  region size 1024K, 9 young (9216K), 1 survivors (1024K)
 Metaspace       used 49348K, committed 49600K, reserved 1097728K
  class space    used 6016K, committed 6144K, reserved 1048576K
}

