# JRE version: OpenJDK Runtime Environment (17.0.6) (build 17.0.6+0-b2043.56-10027231)
# Java VM: OpenJDK 64-Bit Server VM (17.0.6+0-b2043.56-10027231, mixed mode, tiered, compressed oops, compressed class ptrs, g1 gc, windows-amd64)
GC Precious Log:
 CPUs: 4 total, 4 available
 Memory: 8083M
 Large Page Support: Disabled
 NUMA Support: Disabled
 Compressed Oops: Enabled (32-bit)
 Heap Region Size: 1M
 Heap Min Capacity: 8M
 Heap Initial Capacity: 128M
 Heap Max Capacity: 2G
 Pre-touch: Disabled
 Parallel Workers: 4
 Concurrent Workers: 1
 Concurrent Refinement Workers: 4
 Periodic GC: Disabled
Heap:
 garbage-first heap   total 223232K, used 209843K [0x0000000080000000, 0x0000000100000000)
  region size 1024K, 63 young (64512K), 9 survivors (9216K)
 Metaspace       used 101515K, committed 102208K, reserved 1138688K
  class space    used 13809K, committed 14144K, reserved 1048576K
GC Heap History (20 events):
Event: 16.580 GC heap after
{Heap after GC invocations=29 (full 0):
 garbage-first heap   total 130048K, used 69526K [0x0000000080000000, 0x0000000100000000)
  region size 1024K, 4 young (4096K), 4 survivors (4096K)
 Metaspace       used 74428K, committed 74944K, reserved 1114112K
  class space    used 9898K, committed 10112K, reserved 1048576K
}
Event: 17.233 GC heap before
{Heap before GC invocations=30 (full 0):
 garbage-first heap   total 140288K, used 102294K [0x0000000080000000, 0x0000000100000000)
  region size 1024K, 36 young (36864K), 4 survivors (4096K)
 Metaspace       used 76460K, committed 77056K, reserved 1122304K
  class space    used 10178K, committed 10432K, reserved 1048576K
}
Event: 17.246 GC heap after
{Heap after GC invocations=31 (full 0):
 garbage-first heap   total 140288K, used 72374K [0x0000000080000000, 0x0000000100000000)
  region size 1024K, 3 young (3072K), 3 survivors (3072K)
 Metaspace       used 76460K, committed 77056K, reserved 1122304K
  class space    used 10178K, committed 10432K, reserved 1048576K
}
Event: 17.329 GC heap before
{Heap before GC invocations=31 (full 0):
 garbage-first heap   total 140288K, used 75446K [0x0000000080000000, 0x0000000100000000)
  region size 1024K, 6 young (6144K), 3 survivors (3072K)
 Metaspace       used 76776K, committed 77312K, reserved 1122304K
  class space    used 10214K, committed 10432K, reserved 1048576K
}
Event: 17.339 GC heap after
{Heap after GC invocations=32 (full 0):
 garbage-first heap   total 218112K, used 72476K [0x0000000080000000, 0x0000000100000000)
  region size 1024K, 1 young (1024K), 1 survivors (1024K)
 Metaspace       used 76776K, committed 77312K, reserved 1122304K
  class space    used 10214K, committed 10432K, reserved 1048576K
}
Event: 20.041 GC heap before
{Heap before GC invocations=32 (full 0):
 garbage-first heap   total 218112K, used 164636K [0x0000000080000000, 0x0000000100000000)
  region size 1024K, 91 young (93184K), 1 survivors (1024K)
 Metaspace       used 86679K, committed 87232K, reserved 1130496K
  class space    used 11794K, committed 12032K, reserved 1048576K
}
Event: 20.055 GC heap after
{Heap after GC invocations=33 (full 0):
 garbage-first heap   total 218112K, used 77752K [0x0000000080000000, 0x0000000100000000)
  region size 1024K, 7 young (7168K), 7 survivors (7168K)
 Metaspace       used 86679K, committed 87232K, reserved 1130496K
  class space    used 11794K, committed 12032K, reserved 1048576K
}
Event: 22.032 GC heap before
{Heap before GC invocations=33 (full 0):
 garbage-first heap   total 218112K, used 168888K [0x0000000080000000, 0x0000000100000000)
  region size 1024K, 96 young (98304K), 7 survivors (7168K)
 Metaspace       used 92128K, committed 92672K, reserved 1130496K
  class space    used 12542K, committed 12800K, reserved 1048576K
}
Event: 22.062 GC heap after
{Heap after GC invocations=34 (full 0):
 garbage-first heap   total 218112K, used 88242K [0x0000000080000000, 0x0000000100000000)
  region size 1024K, 12 young (12288K), 12 survivors (12288K)
 Metaspace       used 92128K, committed 92672K, reserved 1130496K
  class space    used 12542K, committed 12800K, reserved 1048576K
}
Event: 24.447 GC heap before
{Heap before GC invocations=34 (full 0):
 garbage-first heap   total 218112K, used 168114K [0x0000000080000000, 0x0000000100000000)
  region size 1024K, 91 young (93184K), 12 survivors (12288K)
 Metaspace       used 94725K, committed 95424K, reserved 1138688K
  class space    used 12975K, committed 13312K, reserved 1048576K
}
Event: 24.490 GC heap after
{Heap after GC invocations=35 (full 0):
 garbage-first heap   total 218112K, used 97791K [0x0000000080000000, 0x0000000100000000)
  region size 1024K, 9 young (9216K), 9 survivors (9216K)
 Metaspace       used 94725K, committed 95424K, reserved 1138688K
  class space    used 12975K, committed 13312K, reserved 1048576K
}
Event: 26.467 GC heap before
{Heap before GC invocations=35 (full 0):
 garbage-first heap   total 218112K, used 170495K [0x0000000080000000, 0x0000000100000000)
  region size 1024K, 81 young (82944K), 9 survivors (9216K)
 Metaspace       used 95426K, committed 96128K, reserved 1138688K
  class space    used 13030K, committed 13376K, reserved 1048576K
}
Event: 26.497 GC heap after
{Heap after GC invocations=36 (full 0):
 garbage-first heap   total 218112K, used 104835K [0x0000000080000000, 0x0000000100000000)
  region size 1024K, 7 young (7168K), 7 survivors (7168K)
 Metaspace       used 95426K, committed 96128K, reserved 1138688K
  class space    used 13030K, committed 13376K, reserved 1048576K
}
Event: 26.758 GC heap before
{Heap before GC invocations=36 (full 0):
 garbage-first heap   total 218112K, used 124291K [0x0000000080000000, 0x0000000100000000)
  region size 1024K, 28 young (28672K), 7 survivors (7168K)
 Metaspace       used 95754K, committed 96448K, reserved 1138688K
  class space    used 13095K, committed 13440K, reserved 1048576K
}
Event: 26.776 GC heap after
{Heap after GC invocations=37 (full 0):
 garbage-first heap   total 218112K, used 107512K [0x0000000080000000, 0x0000000100000000)
  region size 1024K, 3 young (3072K), 3 survivors (3072K)
 Metaspace       used 95754K, committed 96448K, reserved 1138688K
  class space    used 13095K, committed 13440K, reserved 1048576K
}
Event: 29.075 GC heap before
{Heap before GC invocations=38 (full 0):
 garbage-first heap   total 218112K, used 176120K [0x0000000080000000, 0x0000000100000000)
  region size 1024K, 70 young (71680K), 3 survivors (3072K)
 Metaspace       used 97753K, committed 98432K, reserved 1138688K
  class space    used 13282K, committed 13632K, reserved 1048576K
}
Event: 29.094 GC heap after
{Heap after GC invocations=39 (full 0):
 garbage-first heap   total 218112K, used 112316K [0x0000000080000000, 0x0000000100000000)
  region size 1024K, 8 young (8192K), 8 survivors (8192K)
 Metaspace       used 97753K, committed 98432K, reserved 1138688K
  class space    used 13282K, committed 13632K, reserved 1048576K
}
Event: 29.153 GC heap before
{Heap before GC invocations=39 (full 0):
 garbage-first heap   total 218112K, used 114364K [0x0000000080000000, 0x0000000100000000)
  region size 1024K, 10 young (10240K), 8 survivors (8192K)
 Metaspace       used 97753K, committed 98432K, reserved 1138688K
  class space    used 13282K, committed 13632K, reserved 1048576K
}
Event: 29.172 GC heap after
{Heap after GC invocations=40 (full 0):
 garbage-first heap   total 218112K, used 111539K [0x0000000080000000, 0x0000000100000000)
  region size 1024K, 1 young (1024K), 1 survivors (1024K)
 Metaspace       used 97753K, committed 98432K, reserved 1138688K
  class space    used 13282K, committed 13632K, reserved 1048576K
}
Event: 30.231 GC heap before
{Heap before GC invocations=40 (full 0):
 garbage-first heap   total 218112K, used 207795K [0x0000000080000000, 0x0000000100000000)
  region size 1024K, 55 young (56320K), 1 survivors (1024K)
 Metaspace       used 101515K, committed 102208K, reserved 1138688K
  class space    used 13809K, committed 14144K, reserved 1048576K
}

