# JRE version: OpenJDK Runtime Environment (17.0.6) (build 17.0.6+0-b2043.56-10027231)
# Java VM: OpenJDK 64-Bit Server VM (17.0.6+0-b2043.56-10027231, mixed mode, tiered, compressed oops, compressed class ptrs, g1 gc, windows-amd64)
GC Precious Log:
 CPUs: 4 total, 4 available
 Memory: 8083M
 Large Page Support: Disabled
 NUMA Support: Disabled
 Compressed Oops: Enabled (32-bit)
 Heap Region Size: 1M
 Heap Min Capacity: 8M
 Heap Initial Capacity: 128M
 Heap Max Capacity: 2G
 Pre-touch: Disabled
 Parallel Workers: 4
 Concurrent Workers: 1
 Concurrent Refinement Workers: 4
 Periodic GC: Disabled
Heap:
 garbage-first heap   total 135168K, used 78511K [0x0000000080000000, 0x0000000100000000)
  region size 1024K, 1 young (1024K), 1 survivors (1024K)
 Metaspace       used 86951K, committed 87616K, reserved 1130496K
  class space    used 11845K, committed 12160K, reserved 1048576K
GC Heap History (20 events):
Event: 12.274 GC heap after
{Heap after GC invocations=20 (full 0):
 garbage-first heap   total 101376K, used 55759K [0x0000000080000000, 0x0000000100000000)
  region size 1024K, 2 young (2048K), 2 survivors (2048K)
 Metaspace       used 59345K, committed 59840K, reserved 1105920K
  class space    used 7847K, committed 8064K, reserved 1048576K
}
Event: 12.828 GC heap before
{Heap before GC invocations=20 (full 0):
 garbage-first heap   total 101376K, used 70095K [0x0000000080000000, 0x0000000100000000)
  region size 1024K, 18 young (18432K), 2 survivors (2048K)
 Metaspace       used 62999K, committed 63552K, reserved 1105920K
  class space    used 8315K, committed 8576K, reserved 1048576K
}
Event: 12.834 GC heap after
{Heap after GC invocations=21 (full 0):
 garbage-first heap   total 101376K, used 57734K [0x0000000080000000, 0x0000000100000000)
  region size 1024K, 4 young (4096K), 4 survivors (4096K)
 Metaspace       used 62999K, committed 63552K, reserved 1105920K
  class space    used 8315K, committed 8576K, reserved 1048576K
}
Event: 13.253 GC heap before
{Heap before GC invocations=22 (full 0):
 garbage-first heap   total 130048K, used 84358K [0x0000000080000000, 0x0000000100000000)
  region size 1024K, 24 young (24576K), 4 survivors (4096K)
 Metaspace       used 64115K, committed 64640K, reserved 1105920K
  class space    used 8463K, committed 8704K, reserved 1048576K
}
Event: 13.265 GC heap after
{Heap after GC invocations=23 (full 0):
 garbage-first heap   total 130048K, used 59970K [0x0000000080000000, 0x0000000100000000)
  region size 1024K, 3 young (3072K), 3 survivors (3072K)
 Metaspace       used 64115K, committed 64640K, reserved 1105920K
  class space    used 8463K, committed 8704K, reserved 1048576K
}
Event: 14.058 GC heap before
{Heap before GC invocations=23 (full 0):
 garbage-first heap   total 130048K, used 94786K [0x0000000080000000, 0x0000000100000000)
  region size 1024K, 37 young (37888K), 3 survivors (3072K)
 Metaspace       used 67395K, committed 67904K, reserved 1114112K
  class space    used 8901K, committed 9152K, reserved 1048576K
}
Event: 14.065 GC heap after
{Heap after GC invocations=24 (full 0):
 garbage-first heap   total 130048K, used 62584K [0x0000000080000000, 0x0000000100000000)
  region size 1024K, 3 young (3072K), 3 survivors (3072K)
 Metaspace       used 67395K, committed 67904K, reserved 1114112K
  class space    used 8901K, committed 9152K, reserved 1048576K
}
Event: 14.945 GC heap before
{Heap before GC invocations=24 (full 0):
 garbage-first heap   total 130048K, used 98424K [0x0000000080000000, 0x0000000100000000)
  region size 1024K, 38 young (38912K), 3 survivors (3072K)
 Metaspace       used 71879K, committed 72384K, reserved 1114112K
  class space    used 9522K, committed 9728K, reserved 1048576K
}
Event: 14.956 GC heap after
{Heap after GC invocations=25 (full 0):
 garbage-first heap   total 130048K, used 64630K [0x0000000080000000, 0x0000000100000000)
  region size 1024K, 5 young (5120K), 5 survivors (5120K)
 Metaspace       used 71879K, committed 72384K, reserved 1114112K
  class space    used 9522K, committed 9728K, reserved 1048576K
}
Event: 15.845 GC heap before
{Heap before GC invocations=26 (full 0):
 garbage-first heap   total 130048K, used 100470K [0x0000000080000000, 0x0000000100000000)
  region size 1024K, 40 young (40960K), 5 survivors (5120K)
 Metaspace       used 74426K, committed 75008K, reserved 1114112K
  class space    used 9889K, committed 10112K, reserved 1048576K
}
Event: 15.862 GC heap after
{Heap after GC invocations=27 (full 0):
 garbage-first heap   total 130048K, used 67929K [0x0000000080000000, 0x0000000100000000)
  region size 1024K, 5 young (5120K), 5 survivors (5120K)
 Metaspace       used 74426K, committed 75008K, reserved 1114112K
  class space    used 9889K, committed 10112K, reserved 1048576K
}
Event: 16.389 GC heap before
{Heap before GC invocations=27 (full 0):
 garbage-first heap   total 130048K, used 102745K [0x0000000080000000, 0x0000000100000000)
  region size 1024K, 39 young (39936K), 5 survivors (5120K)
 Metaspace       used 75857K, committed 76352K, reserved 1122304K
  class space    used 10089K, committed 10304K, reserved 1048576K
}
Event: 16.405 GC heap after
{Heap after GC invocations=28 (full 0):
 garbage-first heap   total 130048K, used 71272K [0x0000000080000000, 0x0000000100000000)
  region size 1024K, 4 young (4096K), 4 survivors (4096K)
 Metaspace       used 75857K, committed 76352K, reserved 1122304K
  class space    used 10089K, committed 10304K, reserved 1048576K
}
Event: 17.440 GC heap before
{Heap before GC invocations=29 (full 0):
 garbage-first heap   total 135168K, used 104040K [0x0000000080000000, 0x0000000100000000)
  region size 1024K, 35 young (35840K), 4 survivors (4096K)
 Metaspace       used 79638K, committed 80256K, reserved 1122304K
  class space    used 10792K, committed 11072K, reserved 1048576K
}
Event: 17.452 GC heap after
{Heap after GC invocations=30 (full 0):
 garbage-first heap   total 135168K, used 72866K [0x0000000080000000, 0x0000000100000000)
  region size 1024K, 2 young (2048K), 2 survivors (2048K)
 Metaspace       used 79638K, committed 80256K, reserved 1122304K
  class space    used 10792K, committed 11072K, reserved 1048576K
}
Event: 18.346 GC heap before
{Heap before GC invocations=30 (full 0):
 garbage-first heap   total 135168K, used 108706K [0x0000000080000000, 0x0000000100000000)
  region size 1024K, 37 young (37888K), 2 survivors (2048K)
 Metaspace       used 83298K, committed 83840K, reserved 1122304K
  class space    used 11320K, committed 11584K, reserved 1048576K
}
Event: 18.358 GC heap after
{Heap after GC invocations=31 (full 0):
 garbage-first heap   total 135168K, used 75130K [0x0000000080000000, 0x0000000100000000)
  region size 1024K, 4 young (4096K), 4 survivors (4096K)
 Metaspace       used 83298K, committed 83840K, reserved 1122304K
  class space    used 11320K, committed 11584K, reserved 1048576K
}
Event: 19.395 GC heap before
{Heap before GC invocations=32 (full 0):
 garbage-first heap   total 135168K, used 109946K [0x0000000080000000, 0x0000000100000000)
  region size 1024K, 38 young (38912K), 4 survivors (4096K)
 Metaspace       used 86758K, committed 87360K, reserved 1130496K
  class space    used 11804K, committed 12096K, reserved 1048576K
}
Event: 19.409 GC heap after
{Heap after GC invocations=33 (full 0):
 garbage-first heap   total 135168K, used 77902K [0x0000000080000000, 0x0000000100000000)
  region size 1024K, 5 young (5120K), 5 survivors (5120K)
 Metaspace       used 86758K, committed 87360K, reserved 1130496K
  class space    used 11804K, committed 12096K, reserved 1048576K
}
Event: 19.427 GC heap before
{Heap before GC invocations=33 (full 0):
 garbage-first heap   total 135168K, used 78926K [0x0000000080000000, 0x0000000100000000)
  region size 1024K, 6 young (6144K), 5 survivors (5120K)
 Metaspace       used 86951K, committed 87616K, reserved 1130496K
  class space    used 11845K, committed 12160K, reserved 1048576K
}

