# JRE version: OpenJDK Runtime Environment (17.0.6) (build 17.0.6+0-b2043.56-10027231)
# Java VM: OpenJDK 64-Bit Server VM (17.0.6+0-b2043.56-10027231, mixed mode, tiered, compressed oops, compressed class ptrs, g1 gc, windows-amd64)
GC Precious Log:
 CPUs: 4 total, 4 available
 Memory: 8083M
 Large Page Support: Disabled
 NUMA Support: Disabled
 Compressed Oops: Enabled (32-bit)
 Heap Region Size: 1M
 Heap Min Capacity: 8M
 Heap Initial Capacity: 128M
 Heap Max Capacity: 2022M
 Pre-touch: Disabled
 Parallel Workers: 4
 Concurrent Workers: 1
 Concurrent Refinement Workers: 4
 Periodic GC: Disabled
Heap:
 garbage-first heap   total 51200K, used 26745K [0x0000000081a00000, 0x0000000100000000)
  region size 1024K, 1 young (1024K), 1 survivors (1024K)
 Metaspace       used 49349K, committed 49600K, reserved 1097728K
  class space    used 6015K, committed 6144K, reserved 1048576K
GC Heap History (20 events):
Event: 1.802 GC heap after
{Heap after GC invocations=3 (full 0):
 garbage-first heap   total 131072K, used 10271K [0x0000000081a00000, 0x0000000100000000)
  region size 1024K, 5 young (5120K), 5 survivors (5120K)
 Metaspace       used 21338K, committed 21504K, reserved 1073152K
  class space    used 2324K, committed 2432K, reserved 1048576K
}
Event: 2.476 GC heap before
{Heap before GC invocations=4 (full 0):
 garbage-first heap   total 40960K, used 31775K [0x0000000081a00000, 0x0000000100000000)
  region size 1024K, 27 young (27648K), 5 survivors (5120K)
 Metaspace       used 28591K, committed 28800K, reserved 1081344K
  class space    used 3543K, committed 3648K, reserved 1048576K
}
Event: 2.490 GC heap after
{Heap after GC invocations=5 (full 0):
 garbage-first heap   total 40960K, used 11174K [0x0000000081a00000, 0x0000000100000000)
  region size 1024K, 5 young (5120K), 5 survivors (5120K)
 Metaspace       used 28591K, committed 28800K, reserved 1081344K
  class space    used 3543K, committed 3648K, reserved 1048576K
}
Event: 2.967 GC heap before
{Heap before GC invocations=5 (full 0):
 garbage-first heap   total 40960K, used 31654K [0x0000000081a00000, 0x0000000100000000)
  region size 1024K, 23 young (23552K), 5 survivors (5120K)
 Metaspace       used 30502K, committed 30720K, reserved 1081344K
  class space    used 3936K, committed 4032K, reserved 1048576K
}
Event: 2.988 GC heap after
{Heap after GC invocations=6 (full 0):
 garbage-first heap   total 41984K, used 17643K [0x0000000081a00000, 0x0000000100000000)
  region size 1024K, 3 young (3072K), 3 survivors (3072K)
 Metaspace       used 30502K, committed 30720K, reserved 1081344K
  class space    used 3936K, committed 4032K, reserved 1048576K
}
Event: 3.275 GC heap before
{Heap before GC invocations=6 (full 0):
 garbage-first heap   total 41984K, used 28907K [0x0000000081a00000, 0x0000000100000000)
  region size 1024K, 15 young (15360K), 3 survivors (3072K)
 Metaspace       used 33745K, committed 33920K, reserved 1081344K
  class space    used 4305K, committed 4352K, reserved 1048576K
}
Event: 3.283 GC heap after
{Heap after GC invocations=7 (full 0):
 garbage-first heap   total 41984K, used 19127K [0x0000000081a00000, 0x0000000100000000)
  region size 1024K, 2 young (2048K), 2 survivors (2048K)
 Metaspace       used 33745K, committed 33920K, reserved 1081344K
  class space    used 4305K, committed 4352K, reserved 1048576K
}
Event: 3.537 GC heap before
{Heap before GC invocations=7 (full 0):
 garbage-first heap   total 41984K, used 29367K [0x0000000081a00000, 0x0000000100000000)
  region size 1024K, 13 young (13312K), 2 survivors (2048K)
 Metaspace       used 35735K, committed 36032K, reserved 1081344K
  class space    used 4528K, committed 4672K, reserved 1048576K
}
Event: 3.544 GC heap after
{Heap after GC invocations=8 (full 0):
 garbage-first heap   total 51200K, used 18406K [0x0000000081a00000, 0x0000000100000000)
  region size 1024K, 2 young (2048K), 2 survivors (2048K)
 Metaspace       used 35735K, committed 36032K, reserved 1081344K
  class space    used 4528K, committed 4672K, reserved 1048576K
}
Event: 3.550 GC heap before
{Heap before GC invocations=8 (full 0):
 garbage-first heap   total 51200K, used 18406K [0x0000000081a00000, 0x0000000100000000)
  region size 1024K, 3 young (3072K), 2 survivors (2048K)
 Metaspace       used 35849K, committed 36096K, reserved 1081344K
  class space    used 4533K, committed 4672K, reserved 1048576K
}
Event: 3.553 GC heap after
{Heap after GC invocations=9 (full 0):
 garbage-first heap   total 51200K, used 18570K [0x0000000081a00000, 0x0000000100000000)
  region size 1024K, 2 young (2048K), 2 survivors (2048K)
 Metaspace       used 35849K, committed 36096K, reserved 1081344K
  class space    used 4533K, committed 4672K, reserved 1048576K
}
Event: 3.943 GC heap before
{Heap before GC invocations=10 (full 0):
 garbage-first heap   total 51200K, used 37002K [0x0000000081a00000, 0x0000000100000000)
  region size 1024K, 21 young (21504K), 2 survivors (2048K)
 Metaspace       used 39911K, committed 40128K, reserved 1089536K
  class space    used 4901K, committed 4992K, reserved 1048576K
}
Event: 3.949 GC heap after
{Heap after GC invocations=11 (full 0):
 garbage-first heap   total 51200K, used 20371K [0x0000000081a00000, 0x0000000100000000)
  region size 1024K, 3 young (3072K), 3 survivors (3072K)
 Metaspace       used 39911K, committed 40128K, reserved 1089536K
  class space    used 4901K, committed 4992K, reserved 1048576K
}
Event: 3.965 GC heap before
{Heap before GC invocations=11 (full 0):
 garbage-first heap   total 51200K, used 21395K [0x0000000081a00000, 0x0000000100000000)
  region size 1024K, 4 young (4096K), 3 survivors (3072K)
 Metaspace       used 40001K, committed 40256K, reserved 1089536K
  class space    used 4909K, committed 5056K, reserved 1048576K
}
Event: 3.973 GC heap after
{Heap after GC invocations=12 (full 0):
 garbage-first heap   total 51200K, used 20010K [0x0000000081a00000, 0x0000000100000000)
  region size 1024K, 1 young (1024K), 1 survivors (1024K)
 Metaspace       used 40001K, committed 40256K, reserved 1089536K
  class space    used 4909K, committed 5056K, reserved 1048576K
}
Event: 4.582 GC heap before
{Heap before GC invocations=12 (full 0):
 garbage-first heap   total 51200K, used 37418K [0x0000000081a00000, 0x0000000100000000)
  region size 1024K, 18 young (18432K), 1 survivors (1024K)
 Metaspace       used 44641K, committed 44864K, reserved 1089536K
  class space    used 5457K, committed 5568K, reserved 1048576K
}
Event: 4.589 GC heap after
{Heap after GC invocations=13 (full 0):
 garbage-first heap   total 51200K, used 20789K [0x0000000081a00000, 0x0000000100000000)
  region size 1024K, 2 young (2048K), 2 survivors (2048K)
 Metaspace       used 44641K, committed 44864K, reserved 1089536K
  class space    used 5457K, committed 5568K, reserved 1048576K
}
Event: 5.213 GC heap before
{Heap before GC invocations=14 (full 0):
 garbage-first heap   total 51200K, used 40245K [0x0000000081a00000, 0x0000000100000000)
  region size 1024K, 19 young (19456K), 2 survivors (2048K)
 Metaspace       used 47390K, committed 47616K, reserved 1097728K
  class space    used 5770K, committed 5888K, reserved 1048576K
}
Event: 5.226 GC heap after
{Heap after GC invocations=15 (full 0):
 garbage-first heap   total 51200K, used 25711K [0x0000000081a00000, 0x0000000100000000)
  region size 1024K, 3 young (3072K), 3 survivors (3072K)
 Metaspace       used 47390K, committed 47616K, reserved 1097728K
  class space    used 5770K, committed 5888K, reserved 1048576K
}
Event: 5.445 GC heap before
{Heap before GC invocations=15 (full 0):
 garbage-first heap   total 51200K, used 31855K [0x0000000081a00000, 0x0000000100000000)
  region size 1024K, 10 young (10240K), 3 survivors (3072K)
 Metaspace       used 49349K, committed 49600K, reserved 1097728K
  class space    used 6015K, committed 6144K, reserved 1048576K
}

