# JRE version: OpenJDK Runtime Environment (17.0.6) (build 17.0.6+0-b2043.56-10027231)
# Java VM: OpenJDK 64-Bit Server VM (17.0.6+0-b2043.56-10027231, mixed mode, tiered, compressed oops, compressed class ptrs, g1 gc, windows-amd64)
GC Precious Log:
 CPUs: 4 total, 4 available
 Memory: 8083M
 Large Page Support: Disabled
 NUMA Support: Disabled
 Compressed Oops: Enabled (32-bit)
 Heap Region Size: 1M
 Heap Min Capacity: 8M
 Heap Initial Capacity: 128M
 Heap Max Capacity: 2G
 Pre-touch: Disabled
 Parallel Workers: 4
 Concurrent Workers: 1
 Concurrent Refinement Workers: 4
 Periodic GC: Disabled
Heap:
 garbage-first heap   total 134144K, used 71629K [0x0000000080000000, 0x0000000100000000)
  region size 1024K, 4 young (4096K), 4 survivors (4096K)
 Metaspace       used 76347K, committed 76800K, reserved 1122304K
  class space    used 10159K, committed 10368K, reserved 1048576K
GC Heap History (20 events):
Event: 10.817 GC heap after
{Heap after GC invocations=15 (full 0):
 garbage-first heap   total 98304K, used 53451K [0x0000000080000000, 0x0000000100000000)
  region size 1024K, 6 young (6144K), 6 survivors (6144K)
 Metaspace       used 53266K, committed 53696K, reserved 1097728K
  class space    used 7019K, committed 7232K, reserved 1048576K
}
Event: 11.375 GC heap before
{Heap before GC invocations=15 (full 0):
 garbage-first heap   total 98304K, used 74955K [0x0000000080000000, 0x0000000100000000)
  region size 1024K, 27 young (27648K), 6 survivors (6144K)
 Metaspace       used 56226K, committed 56704K, reserved 1105920K
  class space    used 7437K, committed 7616K, reserved 1048576K
}
Event: 11.384 GC heap after
{Heap after GC invocations=16 (full 0):
 garbage-first heap   total 98304K, used 55492K [0x0000000080000000, 0x0000000100000000)
  region size 1024K, 2 young (2048K), 2 survivors (2048K)
 Metaspace       used 56226K, committed 56704K, reserved 1105920K
  class space    used 7437K, committed 7616K, reserved 1048576K
}
Event: 12.024 GC heap before
{Heap before GC invocations=17 (full 0):
 garbage-first heap   total 102400K, used 76996K [0x0000000080000000, 0x0000000100000000)
  region size 1024K, 23 young (23552K), 2 survivors (2048K)
 Metaspace       used 59405K, committed 59904K, reserved 1105920K
  class space    used 7858K, committed 8064K, reserved 1048576K
}
Event: 12.029 GC heap after
{Heap after GC invocations=18 (full 0):
 garbage-first heap   total 102400K, used 56003K [0x0000000080000000, 0x0000000100000000)
  region size 1024K, 2 young (2048K), 2 survivors (2048K)
 Metaspace       used 59405K, committed 59904K, reserved 1105920K
  class space    used 7858K, committed 8064K, reserved 1048576K
}
Event: 12.524 GC heap before
{Heap before GC invocations=18 (full 0):
 garbage-first heap   total 102400K, used 69315K [0x0000000080000000, 0x0000000100000000)
  region size 1024K, 17 young (17408K), 2 survivors (2048K)
 Metaspace       used 63024K, committed 63552K, reserved 1105920K
  class space    used 8321K, committed 8576K, reserved 1048576K
}
Event: 12.531 GC heap after
{Heap after GC invocations=19 (full 0):
 garbage-first heap   total 122880K, used 57906K [0x0000000080000000, 0x0000000100000000)
  region size 1024K, 4 young (4096K), 4 survivors (4096K)
 Metaspace       used 63024K, committed 63552K, reserved 1105920K
  class space    used 8321K, committed 8576K, reserved 1048576K
}
Event: 12.547 GC heap before
{Heap before GC invocations=19 (full 0):
 garbage-first heap   total 122880K, used 62002K [0x0000000080000000, 0x0000000100000000)
  region size 1024K, 8 young (8192K), 4 survivors (4096K)
 Metaspace       used 63024K, committed 63552K, reserved 1105920K
  class space    used 8321K, committed 8576K, reserved 1048576K
}
Event: 12.557 GC heap after
{Heap after GC invocations=20 (full 0):
 garbage-first heap   total 122880K, used 60689K [0x0000000080000000, 0x0000000100000000)
  region size 1024K, 5 young (5120K), 5 survivors (5120K)
 Metaspace       used 63024K, committed 63552K, reserved 1105920K
  class space    used 8321K, committed 8576K, reserved 1048576K
}
Event: 13.260 GC heap before
{Heap before GC invocations=21 (full 0):
 garbage-first heap   total 126976K, used 91409K [0x0000000080000000, 0x0000000100000000)
  region size 1024K, 31 young (31744K), 5 survivors (5120K)
 Metaspace       used 65043K, committed 65600K, reserved 1114112K
  class space    used 8587K, committed 8832K, reserved 1048576K
}
Event: 13.271 GC heap after
{Heap after GC invocations=22 (full 0):
 garbage-first heap   total 126976K, used 61014K [0x0000000080000000, 0x0000000100000000)
  region size 1024K, 3 young (3072K), 3 survivors (3072K)
 Metaspace       used 65043K, committed 65600K, reserved 1114112K
  class space    used 8587K, committed 8832K, reserved 1048576K
}
Event: 13.897 GC heap before
{Heap before GC invocations=22 (full 0):
 garbage-first heap   total 126976K, used 91734K [0x0000000080000000, 0x0000000100000000)
  region size 1024K, 33 young (33792K), 3 survivors (3072K)
 Metaspace       used 67955K, committed 68480K, reserved 1114112K
  class space    used 8974K, committed 9216K, reserved 1048576K
}
Event: 13.905 GC heap after
{Heap after GC invocations=23 (full 0):
 garbage-first heap   total 126976K, used 63209K [0x0000000080000000, 0x0000000100000000)
  region size 1024K, 5 young (5120K), 5 survivors (5120K)
 Metaspace       used 67955K, committed 68480K, reserved 1114112K
  class space    used 8974K, committed 9216K, reserved 1048576K
}
Event: 14.512 GC heap before
{Heap before GC invocations=24 (full 0):
 garbage-first heap   total 126976K, used 93929K [0x0000000080000000, 0x0000000100000000)
  region size 1024K, 35 young (35840K), 5 survivors (5120K)
 Metaspace       used 71908K, committed 72384K, reserved 1114112K
  class space    used 9528K, committed 9728K, reserved 1048576K
}
Event: 14.522 GC heap after
{Heap after GC invocations=25 (full 0):
 garbage-first heap   total 126976K, used 65197K [0x0000000080000000, 0x0000000100000000)
  region size 1024K, 5 young (5120K), 5 survivors (5120K)
 Metaspace       used 71908K, committed 72384K, reserved 1114112K
  class space    used 9528K, committed 9728K, reserved 1048576K
}
Event: 15.085 GC heap before
{Heap before GC invocations=25 (full 0):
 garbage-first heap   total 126976K, used 96941K [0x0000000080000000, 0x0000000100000000)
  region size 1024K, 36 young (36864K), 5 survivors (5120K)
 Metaspace       used 74429K, committed 74944K, reserved 1122304K
  class space    used 9894K, committed 10112K, reserved 1048576K
}
Event: 15.103 GC heap after
{Heap after GC invocations=26 (full 0):
 garbage-first heap   total 126976K, used 68130K [0x0000000080000000, 0x0000000100000000)
  region size 1024K, 5 young (5120K), 5 survivors (5120K)
 Metaspace       used 74429K, committed 74944K, reserved 1122304K
  class space    used 9894K, committed 10112K, reserved 1048576K
}
Event: 15.613 GC heap before
{Heap before GC invocations=27 (full 0):
 garbage-first heap   total 132096K, used 98850K [0x0000000080000000, 0x0000000100000000)
  region size 1024K, 35 young (35840K), 5 survivors (5120K)
 Metaspace       used 74871K, committed 75392K, reserved 1122304K
  class space    used 9948K, committed 10176K, reserved 1048576K
}
Event: 15.627 GC heap after
{Heap after GC invocations=28 (full 0):
 garbage-first heap   total 132096K, used 70869K [0x0000000080000000, 0x0000000100000000)
  region size 1024K, 3 young (3072K), 3 survivors (3072K)
 Metaspace       used 74871K, committed 75392K, reserved 1122304K
  class space    used 9948K, committed 10176K, reserved 1048576K
}
Event: 15.898 GC heap before
{Heap before GC invocations=28 (full 0):
 garbage-first heap   total 132096K, used 84181K [0x0000000080000000, 0x0000000100000000)
  region size 1024K, 17 young (17408K), 3 survivors (3072K)
 Metaspace       used 76347K, committed 76800K, reserved 1122304K
  class space    used 10159K, committed 10368K, reserved 1048576K
}

