# JRE version: OpenJDK Runtime Environment (17.0.6) (build 17.0.6+0-b2043.56-10027231)
# Java VM: OpenJDK 64-Bit Server VM (17.0.6+0-b2043.56-10027231, mixed mode, tiered, compressed oops, compressed class ptrs, g1 gc, windows-amd64)
GC Precious Log:
 CPUs: 4 total, 4 available
 Memory: 8083M
 Large Page Support: Disabled
 NUMA Support: Disabled
 Compressed Oops: Enabled (32-bit)
 Heap Region Size: 1M
 Heap Min Capacity: 8M
 Heap Initial Capacity: 128M
 Heap Max Capacity: 2022M
 Pre-touch: Disabled
 Parallel Workers: 4
 Concurrent Workers: 1
 Concurrent Refinement Workers: 4
 Periodic GC: Disabled
Heap:
 garbage-first heap   total 195584K, used 123398K [0x0000000081a00000, 0x0000000100000000)
  region size 1024K, 57 young (58368K), 10 survivors (10240K)
 Metaspace       used 68598K, committed 68928K, reserved 1114112K
  class space    used 7775K, committed 7936K, reserved 1048576K
GC Heap History (20 events):
Event: 4.810 GC heap before
{Heap before GC invocations=11 (full 0):
 garbage-first heap   total 54272K, used 37699K [0x0000000081a00000, 0x0000000100000000)
  region size 1024K, 18 young (18432K), 1 survivors (1024K)
 Metaspace       used 44241K, committed 44544K, reserved 1089536K
  class space    used 5361K, committed 5504K, reserved 1048576K
}
Event: 4.822 GC heap after
{Heap after GC invocations=12 (full 0):
 garbage-first heap   total 54272K, used 23185K [0x0000000081a00000, 0x0000000100000000)
  region size 1024K, 3 young (3072K), 3 survivors (3072K)
 Metaspace       used 44241K, committed 44544K, reserved 1089536K
  class space    used 5361K, committed 5504K, reserved 1048576K
}
Event: 5.495 GC heap before
{Heap before GC invocations=13 (full 0):
 garbage-first heap   total 54272K, used 40593K [0x0000000081a00000, 0x0000000100000000)
  region size 1024K, 19 young (19456K), 3 survivors (3072K)
 Metaspace       used 47558K, committed 47808K, reserved 1097728K
  class space    used 5759K, committed 5888K, reserved 1048576K
}
Event: 5.509 GC heap after
{Heap after GC invocations=14 (full 0):
 garbage-first heap   total 54272K, used 27290K [0x0000000081a00000, 0x0000000100000000)
  region size 1024K, 2 young (2048K), 2 survivors (2048K)
 Metaspace       used 47558K, committed 47808K, reserved 1097728K
  class space    used 5759K, committed 5888K, reserved 1048576K
}
Event: 5.543 GC heap before
{Heap before GC invocations=14 (full 0):
 garbage-first heap   total 54272K, used 28314K [0x0000000081a00000, 0x0000000100000000)
  region size 1024K, 3 young (3072K), 2 survivors (2048K)
 Metaspace       used 47641K, committed 47936K, reserved 1097728K
  class space    used 5771K, committed 5888K, reserved 1048576K
}
Event: 5.551 GC heap after
{Heap after GC invocations=15 (full 0):
 garbage-first heap   total 108544K, used 27349K [0x0000000081a00000, 0x0000000100000000)
  region size 1024K, 1 young (1024K), 1 survivors (1024K)
 Metaspace       used 47641K, committed 47936K, reserved 1097728K
  class space    used 5771K, committed 5888K, reserved 1048576K
}
Event: 6.814 GC heap before
{Heap before GC invocations=15 (full 0):
 garbage-first heap   total 108544K, used 81621K [0x0000000081a00000, 0x0000000100000000)
  region size 1024K, 53 young (54272K), 1 survivors (1024K)
 Metaspace       used 52869K, committed 53056K, reserved 1097728K
  class space    used 6326K, committed 6400K, reserved 1048576K
}
Event: 6.831 GC heap after
{Heap after GC invocations=16 (full 0):
 garbage-first heap   total 108544K, used 33572K [0x0000000081a00000, 0x0000000100000000)
  region size 1024K, 7 young (7168K), 7 survivors (7168K)
 Metaspace       used 52869K, committed 53056K, reserved 1097728K
  class space    used 6326K, committed 6400K, reserved 1048576K
}
Event: 8.593 GC heap before
{Heap before GC invocations=16 (full 0):
 garbage-first heap   total 108544K, used 81700K [0x0000000081a00000, 0x0000000100000000)
  region size 1024K, 54 young (55296K), 7 survivors (7168K)
 Metaspace       used 55067K, committed 55296K, reserved 1105920K
  class space    used 6437K, committed 6528K, reserved 1048576K
}
Event: 8.636 GC heap after
{Heap after GC invocations=17 (full 0):
 garbage-first heap   total 108544K, used 41953K [0x0000000081a00000, 0x0000000100000000)
  region size 1024K, 7 young (7168K), 7 survivors (7168K)
 Metaspace       used 55067K, committed 55296K, reserved 1105920K
  class space    used 6437K, committed 6528K, reserved 1048576K
}
Event: 9.357 GC heap before
{Heap before GC invocations=17 (full 0):
 garbage-first heap   total 108544K, used 82913K [0x0000000081a00000, 0x0000000100000000)
  region size 1024K, 47 young (48128K), 7 survivors (7168K)
 Metaspace       used 55488K, committed 55744K, reserved 1105920K
  class space    used 6461K, committed 6592K, reserved 1048576K
}
Event: 9.400 GC heap after
{Heap after GC invocations=18 (full 0):
 garbage-first heap   total 108544K, used 49664K [0x0000000081a00000, 0x0000000100000000)
  region size 1024K, 6 young (6144K), 6 survivors (6144K)
 Metaspace       used 55488K, committed 55744K, reserved 1105920K
  class space    used 6461K, committed 6592K, reserved 1048576K
}
Event: 9.790 GC heap before
{Heap before GC invocations=18 (full 0):
 garbage-first heap   total 108544K, used 82432K [0x0000000081a00000, 0x0000000100000000)
  region size 1024K, 38 young (38912K), 6 survivors (6144K)
 Metaspace       used 55730K, committed 56000K, reserved 1105920K
  class space    used 6484K, committed 6592K, reserved 1048576K
}
Event: 9.823 GC heap after
{Heap after GC invocations=19 (full 0):
 garbage-first heap   total 195584K, used 55296K [0x0000000081a00000, 0x0000000100000000)
  region size 1024K, 5 young (5120K), 5 survivors (5120K)
 Metaspace       used 55730K, committed 56000K, reserved 1105920K
  class space    used 6484K, committed 6592K, reserved 1048576K
}
Event: 10.113 GC heap before
{Heap before GC invocations=19 (full 0):
 garbage-first heap   total 195584K, used 134144K [0x0000000081a00000, 0x0000000100000000)
  region size 1024K, 82 young (83968K), 5 survivors (5120K)
 Metaspace       used 55744K, committed 56000K, reserved 1105920K
  class space    used 6485K, committed 6592K, reserved 1048576K
}
Event: 10.122 GC heap after
{Heap after GC invocations=20 (full 0):
 garbage-first heap   total 195584K, used 55560K [0x0000000081a00000, 0x0000000100000000)
  region size 1024K, 6 young (6144K), 6 survivors (6144K)
 Metaspace       used 55744K, committed 56000K, reserved 1105920K
  class space    used 6485K, committed 6592K, reserved 1048576K
}
Event: 13.189 GC heap before
{Heap before GC invocations=20 (full 0):
 garbage-first heap   total 195584K, used 155912K [0x0000000081a00000, 0x0000000100000000)
  region size 1024K, 104 young (106496K), 6 survivors (6144K)
 Metaspace       used 64261K, committed 64576K, reserved 1114112K
  class space    used 7552K, committed 7680K, reserved 1048576K
}
Event: 13.216 GC heap after
{Heap after GC invocations=21 (full 0):
 garbage-first heap   total 195584K, used 64056K [0x0000000081a00000, 0x0000000100000000)
  region size 1024K, 13 young (13312K), 13 survivors (13312K)
 Metaspace       used 64261K, committed 64576K, reserved 1114112K
  class space    used 7552K, committed 7680K, reserved 1048576K
}
Event: 17.611 GC heap before
{Heap before GC invocations=21 (full 0):
 garbage-first heap   total 195584K, used 156216K [0x0000000081a00000, 0x0000000100000000)
  region size 1024K, 101 young (103424K), 13 survivors (13312K)
 Metaspace       used 67655K, committed 67904K, reserved 1114112K
  class space    used 7707K, committed 7808K, reserved 1048576K
}
Event: 17.660 GC heap after
{Heap after GC invocations=22 (full 0):
 garbage-first heap   total 195584K, used 76294K [0x0000000081a00000, 0x0000000100000000)
  region size 1024K, 10 young (10240K), 10 survivors (10240K)
 Metaspace       used 67655K, committed 67904K, reserved 1114112K
  class space    used 7707K, committed 7808K, reserved 1048576K
}

