# JRE version: OpenJDK Runtime Environment (17.0.6) (build 17.0.6+0-b2043.56-10027231)
# Java VM: OpenJDK 64-Bit Server VM (17.0.6+0-b2043.56-10027231, mixed mode, tiered, compressed oops, compressed class ptrs, g1 gc, windows-amd64)
GC Precious Log:
 CPUs: 4 total, 4 available
 Memory: 8083M
 Large Page Support: Disabled
 NUMA Support: Disabled
 Compressed Oops: Enabled (32-bit)
 Heap Region Size: 1M
 Heap Min Capacity: 8M
 Heap Initial Capacity: 128M
 Heap Max Capacity: 2G
 Pre-touch: Disabled
 Parallel Workers: 4
 Concurrent Workers: 1
 Concurrent Refinement Workers: 4
 Periodic GC: Disabled
Heap:
 garbage-first heap   total 145408K, used 77339K [0x0000000080000000, 0x0000000100000000)
  region size 1024K, 4 young (4096K), 4 survivors (4096K)
 Metaspace       used 85923K, committed 86464K, reserved 1130496K
  class space    used 11678K, committed 11904K, reserved 1048576K
GC Heap History (20 events):
Event: 23.023 GC heap after
{Heap after GC invocations=14 (full 0):
 garbage-first heap   total 68608K, used 32613K [0x0000000080000000, 0x0000000100000000)
  region size 1024K, 3 young (3072K), 3 survivors (3072K)
 Metaspace       used 45184K, committed 45568K, reserved 1089536K
  class space    used 5981K, committed 6144K, reserved 1048576K
}
Event: 23.216 GC heap before
{Heap before GC invocations=14 (full 0):
 garbage-first heap   total 68608K, used 38757K [0x0000000080000000, 0x0000000100000000)
  region size 1024K, 11 young (11264K), 3 survivors (3072K)
 Metaspace       used 46188K, committed 46592K, reserved 1089536K
  class space    used 6121K, committed 6272K, reserved 1048576K
}
Event: 23.223 GC heap after
{Heap after GC invocations=15 (full 0):
 garbage-first heap   total 145408K, used 33343K [0x0000000080000000, 0x0000000100000000)
  region size 1024K, 1 young (1024K), 1 survivors (1024K)
 Metaspace       used 46188K, committed 46592K, reserved 1089536K
  class space    used 6121K, committed 6272K, reserved 1048576K
}
Event: 31.047 GC heap before
{Heap before GC invocations=15 (full 0):
 garbage-first heap   total 145408K, used 106047K [0x0000000080000000, 0x0000000100000000)
  region size 1024K, 72 young (73728K), 1 survivors (1024K)
 Metaspace       used 51912K, committed 52352K, reserved 1097728K
  class space    used 6842K, committed 7040K, reserved 1048576K
}
Event: 31.058 GC heap after
{Heap after GC invocations=16 (full 0):
 garbage-first heap   total 145408K, used 38159K [0x0000000080000000, 0x0000000100000000)
  region size 1024K, 6 young (6144K), 6 survivors (6144K)
 Metaspace       used 51912K, committed 52352K, reserved 1097728K
  class space    used 6842K, committed 7040K, reserved 1048576K
}
Event: 35.624 GC heap before
{Heap before GC invocations=16 (full 0):
 garbage-first heap   total 145408K, used 109839K [0x0000000080000000, 0x0000000100000000)
  region size 1024K, 68 young (69632K), 6 survivors (6144K)
 Metaspace       used 59621K, committed 60160K, reserved 1105920K
  class space    used 7871K, committed 8128K, reserved 1048576K
}
Event: 35.642 GC heap after
{Heap after GC invocations=17 (full 0):
 garbage-first heap   total 145408K, used 56134K [0x0000000080000000, 0x0000000100000000)
  region size 1024K, 9 young (9216K), 9 survivors (9216K)
 Metaspace       used 59621K, committed 60160K, reserved 1105920K
  class space    used 7871K, committed 8128K, reserved 1048576K
}
Event: 36.893 GC heap before
{Heap before GC invocations=18 (full 0):
 garbage-first heap   total 145408K, used 117574K [0x0000000080000000, 0x0000000100000000)
  region size 1024K, 63 young (64512K), 9 survivors (9216K)
 Metaspace       used 65900K, committed 66432K, reserved 1114112K
  class space    used 8690K, committed 8960K, reserved 1048576K
}
Event: 36.905 GC heap after
{Heap after GC invocations=19 (full 0):
 garbage-first heap   total 145408K, used 61891K [0x0000000080000000, 0x0000000100000000)
  region size 1024K, 6 young (6144K), 6 survivors (6144K)
 Metaspace       used 65900K, committed 66432K, reserved 1114112K
  class space    used 8690K, committed 8960K, reserved 1048576K
}
Event: 38.247 GC heap before
{Heap before GC invocations=20 (full 0):
 garbage-first heap   total 145408K, used 114115K [0x0000000080000000, 0x0000000100000000)
  region size 1024K, 57 young (58368K), 6 survivors (6144K)
 Metaspace       used 72000K, committed 72512K, reserved 1114112K
  class space    used 9535K, committed 9792K, reserved 1048576K
}
Event: 38.267 GC heap after
{Heap after GC invocations=21 (full 0):
 garbage-first heap   total 145408K, used 65524K [0x0000000080000000, 0x0000000100000000)
  region size 1024K, 4 young (4096K), 4 survivors (4096K)
 Metaspace       used 72000K, committed 72512K, reserved 1114112K
  class space    used 9535K, committed 9792K, reserved 1048576K
}
Event: 39.190 GC heap before
{Heap before GC invocations=21 (full 0):
 garbage-first heap   total 145408K, used 116724K [0x0000000080000000, 0x0000000100000000)
  region size 1024K, 54 young (55296K), 4 survivors (4096K)
 Metaspace       used 74468K, committed 75008K, reserved 1122304K
  class space    used 9897K, committed 10112K, reserved 1048576K
}
Event: 39.205 GC heap after
{Heap after GC invocations=22 (full 0):
 garbage-first heap   total 145408K, used 69922K [0x0000000080000000, 0x0000000100000000)
  region size 1024K, 5 young (5120K), 5 survivors (5120K)
 Metaspace       used 74468K, committed 75008K, reserved 1122304K
  class space    used 9897K, committed 10112K, reserved 1048576K
}
Event: 39.664 GC heap before
{Heap before GC invocations=22 (full 0):
 garbage-first heap   total 145408K, used 92450K [0x0000000080000000, 0x0000000100000000)
  region size 1024K, 28 young (28672K), 5 survivors (5120K)
 Metaspace       used 76366K, committed 76864K, reserved 1122304K
  class space    used 10159K, committed 10368K, reserved 1048576K
}
Event: 39.677 GC heap after
{Heap after GC invocations=23 (full 0):
 garbage-first heap   total 145408K, used 72465K [0x0000000080000000, 0x0000000100000000)
  region size 1024K, 3 young (3072K), 3 survivors (3072K)
 Metaspace       used 76366K, committed 76864K, reserved 1122304K
  class space    used 10159K, committed 10368K, reserved 1048576K
}
Event: 41.036 GC heap before
{Heap before GC invocations=24 (full 0):
 garbage-first heap   total 145408K, used 117521K [0x0000000080000000, 0x0000000100000000)
  region size 1024K, 46 young (47104K), 3 survivors (3072K)
 Metaspace       used 81431K, committed 81984K, reserved 1122304K
  class space    used 11049K, committed 11328K, reserved 1048576K
}
Event: 41.047 GC heap after
{Heap after GC invocations=25 (full 0):
 garbage-first heap   total 145408K, used 74431K [0x0000000080000000, 0x0000000100000000)
  region size 1024K, 5 young (5120K), 5 survivors (5120K)
 Metaspace       used 81431K, committed 81984K, reserved 1122304K
  class space    used 11049K, committed 11328K, reserved 1048576K
}
Event: 41.105 GC heap before
{Heap before GC invocations=25 (full 0):
 garbage-first heap   total 145408K, used 76479K [0x0000000080000000, 0x0000000100000000)
  region size 1024K, 7 young (7168K), 5 survivors (5120K)
 Metaspace       used 81682K, committed 82240K, reserved 1122304K
  class space    used 11084K, committed 11328K, reserved 1048576K
}
Event: 41.120 GC heap after
{Heap after GC invocations=26 (full 0):
 garbage-first heap   total 145408K, used 74013K [0x0000000080000000, 0x0000000100000000)
  region size 1024K, 1 young (1024K), 1 survivors (1024K)
 Metaspace       used 81682K, committed 82240K, reserved 1122304K
  class space    used 11084K, committed 11328K, reserved 1048576K
}
Event: 42.632 GC heap before
{Heap before GC invocations=26 (full 0):
 garbage-first heap   total 145408K, used 119069K [0x0000000080000000, 0x0000000100000000)
  region size 1024K, 45 young (46080K), 1 survivors (1024K)
 Metaspace       used 85923K, committed 86464K, reserved 1130496K
  class space    used 11678K, committed 11904K, reserved 1048576K
}

