# JRE version: OpenJDK Runtime Environment (17.0.6) (build 17.0.6+0-b2043.56-10027231)
# Java VM: OpenJDK 64-Bit Server VM (17.0.6+0-b2043.56-10027231, mixed mode, tiered, compressed oops, compressed class ptrs, g1 gc, windows-amd64)
GC Precious Log:
 CPUs: 4 total, 4 available
 Memory: 8083M
 Large Page Support: Disabled
 NUMA Support: Disabled
 Compressed Oops: Enabled (32-bit)
 Heap Region Size: 1M
 Heap Min Capacity: 8M
 Heap Initial Capacity: 128M
 Heap Max Capacity: 2022M
 Pre-touch: Disabled
 Parallel Workers: 4
 Concurrent Workers: 1
 Concurrent Refinement Workers: 4
 Periodic GC: Disabled
Heap:
 garbage-first heap   total 73728K, used 31562K [0x0000000081a00000, 0x0000000100000000)
  region size 1024K, 4 young (4096K), 3 survivors (3072K)
 Metaspace       used 52066K, committed 52288K, reserved 1097728K
  class space    used 6304K, committed 6400K, reserved 1048576K
GC Heap History (20 events):
Event: 2.294 GC heap before
{Heap before GC invocations=5 (full 0):
 garbage-first heap   total 40960K, used 11087K [0x0000000081a00000, 0x0000000100000000)
  region size 1024K, 2 young (2048K), 1 survivors (1024K)
 Metaspace       used 28171K, committed 28352K, reserved 1081344K
  class space    used 3511K, committed 3584K, reserved 1048576K
}
Event: 2.297 GC heap after
{Heap after GC invocations=6 (full 0):
 garbage-first heap   total 40960K, used 11576K [0x0000000081a00000, 0x0000000100000000)
  region size 1024K, 1 young (1024K), 1 survivors (1024K)
 Metaspace       used 28171K, committed 28352K, reserved 1081344K
  class space    used 3511K, committed 3584K, reserved 1048576K
}
Event: 2.702 GC heap before
{Heap before GC invocations=6 (full 0):
 garbage-first heap   total 40960K, used 32056K [0x0000000081a00000, 0x0000000100000000)
  region size 1024K, 19 young (19456K), 1 survivors (1024K)
 Metaspace       used 30367K, committed 30528K, reserved 1081344K
  class space    used 3923K, committed 3968K, reserved 1048576K
}
Event: 2.712 GC heap after
{Heap after GC invocations=7 (full 0):
 garbage-first heap   total 50176K, used 17551K [0x0000000081a00000, 0x0000000100000000)
  region size 1024K, 3 young (3072K), 3 survivors (3072K)
 Metaspace       used 30367K, committed 30528K, reserved 1081344K
  class space    used 3923K, committed 3968K, reserved 1048576K
}
Event: 3.091 GC heap before
{Heap before GC invocations=7 (full 0):
 garbage-first heap   total 50176K, used 35983K [0x0000000081a00000, 0x0000000100000000)
  region size 1024K, 21 young (21504K), 3 survivors (3072K)
 Metaspace       used 34830K, committed 35072K, reserved 1081344K
  class space    used 4437K, committed 4544K, reserved 1048576K
}
Event: 3.099 GC heap after
{Heap after GC invocations=8 (full 0):
 garbage-first heap   total 50176K, used 17230K [0x0000000081a00000, 0x0000000100000000)
  region size 1024K, 2 young (2048K), 2 survivors (2048K)
 Metaspace       used 34830K, committed 35072K, reserved 1081344K
  class space    used 4437K, committed 4544K, reserved 1048576K
}
Event: 3.197 GC heap before
{Heap before GC invocations=8 (full 0):
 garbage-first heap   total 50176K, used 22350K [0x0000000081a00000, 0x0000000100000000)
  region size 1024K, 8 young (8192K), 2 survivors (2048K)
 Metaspace       used 35856K, committed 36096K, reserved 1081344K
  class space    used 4538K, committed 4672K, reserved 1048576K
}
Event: 3.201 GC heap after
{Heap after GC invocations=9 (full 0):
 garbage-first heap   total 50176K, used 18080K [0x0000000081a00000, 0x0000000100000000)
  region size 1024K, 1 young (1024K), 1 survivors (1024K)
 Metaspace       used 35856K, committed 36096K, reserved 1081344K
  class space    used 4538K, committed 4672K, reserved 1048576K
}
Event: 3.525 GC heap before
{Heap before GC invocations=10 (full 0):
 garbage-first heap   total 50176K, used 37536K [0x0000000081a00000, 0x0000000100000000)
  region size 1024K, 20 young (20480K), 1 survivors (1024K)
 Metaspace       used 39918K, committed 40192K, reserved 1089536K
  class space    used 4912K, committed 5056K, reserved 1048576K
}
Event: 3.530 GC heap after
{Heap after GC invocations=11 (full 0):
 garbage-first heap   total 50176K, used 19936K [0x0000000081a00000, 0x0000000100000000)
  region size 1024K, 3 young (3072K), 3 survivors (3072K)
 Metaspace       used 39918K, committed 40192K, reserved 1089536K
  class space    used 4912K, committed 5056K, reserved 1048576K
}
Event: 4.114 GC heap before
{Heap before GC invocations=12 (full 0):
 garbage-first heap   total 50176K, used 37344K [0x0000000081a00000, 0x0000000100000000)
  region size 1024K, 20 young (20480K), 3 survivors (3072K)
 Metaspace       used 44387K, committed 44608K, reserved 1089536K
  class space    used 5441K, committed 5568K, reserved 1048576K
}
Event: 4.124 GC heap after
{Heap after GC invocations=13 (full 0):
 garbage-first heap   total 50176K, used 21300K [0x0000000081a00000, 0x0000000100000000)
  region size 1024K, 2 young (2048K), 2 survivors (2048K)
 Metaspace       used 44387K, committed 44608K, reserved 1089536K
  class space    used 5441K, committed 5568K, reserved 1048576K
}
Event: 5.900 GC heap before
{Heap before GC invocations=13 (full 0):
 garbage-first heap   total 50176K, used 38708K [0x0000000081a00000, 0x0000000100000000)
  region size 1024K, 18 young (18432K), 2 survivors (2048K)
 Metaspace       used 47391K, committed 47616K, reserved 1097728K
  class space    used 5768K, committed 5888K, reserved 1048576K
}
Event: 5.911 GC heap after
{Heap after GC invocations=14 (full 0):
 garbage-first heap   total 50176K, used 25796K [0x0000000081a00000, 0x0000000100000000)
  region size 1024K, 3 young (3072K), 3 survivors (3072K)
 Metaspace       used 47391K, committed 47616K, reserved 1097728K
  class space    used 5768K, committed 5888K, reserved 1048576K
}
Event: 6.267 GC heap before
{Heap before GC invocations=14 (full 0):
 garbage-first heap   total 50176K, used 31940K [0x0000000081a00000, 0x0000000100000000)
  region size 1024K, 11 young (11264K), 3 survivors (3072K)
 Metaspace       used 49381K, committed 49664K, reserved 1097728K
  class space    used 6017K, committed 6144K, reserved 1048576K
}
Event: 6.278 GC heap after
{Heap after GC invocations=15 (full 0):
 garbage-first heap   total 50176K, used 26898K [0x0000000081a00000, 0x0000000100000000)
  region size 1024K, 1 young (1024K), 1 survivors (1024K)
 Metaspace       used 49381K, committed 49664K, reserved 1097728K
  class space    used 6017K, committed 6144K, reserved 1048576K
}
Event: 6.422 GC heap before
{Heap before GC invocations=16 (full 0):
 garbage-first heap   total 53248K, used 38162K [0x0000000081a00000, 0x0000000100000000)
  region size 1024K, 12 young (12288K), 1 survivors (1024K)
 Metaspace       used 49432K, committed 49664K, reserved 1097728K
  class space    used 6017K, committed 6144K, reserved 1048576K
}
Event: 6.428 GC heap after
{Heap after GC invocations=17 (full 0):
 garbage-first heap   total 53248K, used 30136K [0x0000000081a00000, 0x0000000100000000)
  region size 1024K, 2 young (2048K), 2 survivors (2048K)
 Metaspace       used 49432K, committed 49664K, reserved 1097728K
  class space    used 6017K, committed 6144K, reserved 1048576K
}
Event: 6.445 GC heap before
{Heap before GC invocations=17 (full 0):
 garbage-first heap   total 53248K, used 31160K [0x0000000081a00000, 0x0000000100000000)
  region size 1024K, 3 young (3072K), 2 survivors (2048K)
 Metaspace       used 49438K, committed 49664K, reserved 1097728K
  class space    used 6017K, committed 6144K, reserved 1048576K
}
Event: 6.450 GC heap after
{Heap after GC invocations=18 (full 0):
 garbage-first heap   total 73728K, used 29850K [0x0000000081a00000, 0x0000000100000000)
  region size 1024K, 1 young (1024K), 1 survivors (1024K)
 Metaspace       used 49438K, committed 49664K, reserved 1097728K
  class space    used 6017K, committed 6144K, reserved 1048576K
}

