# JRE version: OpenJDK Runtime Environment (17.0.6) (build 17.0.6+0-b2043.56-10027231)
# Java VM: OpenJDK 64-Bit Server VM (17.0.6+0-b2043.56-10027231, mixed mode, tiered, compressed oops, compressed class ptrs, g1 gc, windows-amd64)
GC Precious Log:
 CPUs: 4 total, 4 available
 Memory: 8083M
 Large Page Support: Disabled
 NUMA Support: Disabled
 Compressed Oops: Enabled (32-bit)
 Heap Region Size: 1M
 Heap Min Capacity: 8M
 Heap Initial Capacity: 128M
 Heap Max Capacity: 2022M
 Pre-touch: Disabled
 Parallel Workers: 4
 Concurrent Workers: 1
 Concurrent Refinement Workers: 4
 Periodic GC: Disabled
Heap:
 garbage-first heap   total 177152K, used 106451K [0x0000000081a00000, 0x0000000100000000)
  region size 1024K, 29 young (29696K), 5 survivors (5120K)
 Metaspace       used 75297K, committed 75648K, reserved 1122304K
  class space    used 8391K, committed 8576K, reserved 1048576K
GC Heap History (20 events):
Event: 8.182 GC heap before
{Heap before GC invocations=15 (full 0):
 garbage-first heap   total 104448K, used 78529K [0x0000000081a00000, 0x0000000100000000)
  region size 1024K, 50 young (51200K), 1 survivors (1024K)
 Metaspace       used 52939K, committed 53120K, reserved 1097728K
  class space    used 6327K, committed 6400K, reserved 1048576K
}
Event: 8.203 GC heap after
{Heap after GC invocations=16 (full 0):
 garbage-first heap   total 104448K, used 32427K [0x0000000081a00000, 0x0000000100000000)
  region size 1024K, 6 young (6144K), 6 survivors (6144K)
 Metaspace       used 52939K, committed 53120K, reserved 1097728K
  class space    used 6327K, committed 6400K, reserved 1048576K
}
Event: 10.122 GC heap before
{Heap before GC invocations=16 (full 0):
 garbage-first heap   total 104448K, used 78507K [0x0000000081a00000, 0x0000000100000000)
  region size 1024K, 51 young (52224K), 6 survivors (6144K)
 Metaspace       used 55114K, committed 55296K, reserved 1105920K
  class space    used 6443K, committed 6528K, reserved 1048576K
}
Event: 10.159 GC heap after
{Heap after GC invocations=17 (full 0):
 garbage-first heap   total 104448K, used 40404K [0x0000000081a00000, 0x0000000100000000)
  region size 1024K, 7 young (7168K), 7 survivors (7168K)
 Metaspace       used 55114K, committed 55296K, reserved 1105920K
  class space    used 6443K, committed 6528K, reserved 1048576K
}
Event: 10.959 GC heap before
{Heap before GC invocations=17 (full 0):
 garbage-first heap   total 104448K, used 78292K [0x0000000081a00000, 0x0000000100000000)
  region size 1024K, 44 young (45056K), 7 survivors (7168K)
 Metaspace       used 55513K, committed 55808K, reserved 1105920K
  class space    used 6463K, committed 6592K, reserved 1048576K
}
Event: 11.005 GC heap after
{Heap after GC invocations=18 (full 0):
 garbage-first heap   total 104448K, used 47572K [0x0000000081a00000, 0x0000000100000000)
  region size 1024K, 6 young (6144K), 6 survivors (6144K)
 Metaspace       used 55513K, committed 55808K, reserved 1105920K
  class space    used 6463K, committed 6592K, reserved 1048576K
}
Event: 11.399 GC heap before
{Heap before GC invocations=18 (full 0):
 garbage-first heap   total 104448K, used 78292K [0x0000000081a00000, 0x0000000100000000)
  region size 1024K, 36 young (36864K), 6 survivors (6144K)
 Metaspace       used 55588K, committed 55872K, reserved 1105920K
  class space    used 6465K, committed 6592K, reserved 1048576K
}
Event: 11.433 GC heap after
{Heap after GC invocations=19 (full 0):
 garbage-first heap   total 177152K, used 53248K [0x0000000081a00000, 0x0000000100000000)
  region size 1024K, 5 young (5120K), 5 survivors (5120K)
 Metaspace       used 55588K, committed 55872K, reserved 1105920K
  class space    used 6465K, committed 6592K, reserved 1048576K
}
Event: 11.773 GC heap before
{Heap before GC invocations=19 (full 0):
 garbage-first heap   total 177152K, used 125952K [0x0000000081a00000, 0x0000000100000000)
  region size 1024K, 76 young (77824K), 5 survivors (5120K)
 Metaspace       used 55784K, committed 56064K, reserved 1105920K
  class space    used 6487K, committed 6592K, reserved 1048576K
}
Event: 11.784 GC heap after
{Heap after GC invocations=20 (full 0):
 garbage-first heap   total 177152K, used 54053K [0x0000000081a00000, 0x0000000100000000)
  region size 1024K, 6 young (6144K), 6 survivors (6144K)
 Metaspace       used 55784K, committed 56064K, reserved 1105920K
  class space    used 6487K, committed 6592K, reserved 1048576K
}
Event: 13.350 GC heap before
{Heap before GC invocations=20 (full 0):
 garbage-first heap   total 177152K, used 132901K [0x0000000081a00000, 0x0000000100000000)
  region size 1024K, 83 young (84992K), 6 survivors (6144K)
 Metaspace       used 61571K, committed 61824K, reserved 1105920K
  class space    used 7300K, committed 7424K, reserved 1048576K
}
Event: 13.370 GC heap after
{Heap after GC invocations=21 (full 0):
 garbage-first heap   total 177152K, used 57610K [0x0000000081a00000, 0x0000000100000000)
  region size 1024K, 10 young (10240K), 10 survivors (10240K)
 Metaspace       used 61571K, committed 61824K, reserved 1105920K
  class space    used 7300K, committed 7424K, reserved 1048576K
}
Event: 22.460 GC heap before
{Heap before GC invocations=21 (full 0):
 garbage-first heap   total 177152K, used 141578K [0x0000000081a00000, 0x0000000100000000)
  region size 1024K, 92 young (94208K), 10 survivors (10240K)
 Metaspace       used 67199K, committed 67520K, reserved 1114112K
  class space    used 7688K, committed 7872K, reserved 1048576K
}
Event: 22.498 GC heap after
{Heap after GC invocations=22 (full 0):
 garbage-first heap   total 177152K, used 68045K [0x0000000081a00000, 0x0000000100000000)
  region size 1024K, 12 young (12288K), 12 survivors (12288K)
 Metaspace       used 67199K, committed 67520K, reserved 1114112K
  class space    used 7688K, committed 7872K, reserved 1048576K
}
Event: 27.113 GC heap before
{Heap before GC invocations=22 (full 0):
 garbage-first heap   total 177152K, used 139725K [0x0000000081a00000, 0x0000000100000000)
  region size 1024K, 80 young (81920K), 12 survivors (12288K)
 Metaspace       used 68452K, committed 68800K, reserved 1114112K
  class space    used 7750K, committed 7936K, reserved 1048576K
}
Event: 27.151 GC heap after
{Heap after GC invocations=23 (full 0):
 garbage-first heap   total 177152K, used 77660K [0x0000000081a00000, 0x0000000100000000)
  region size 1024K, 7 young (7168K), 7 survivors (7168K)
 Metaspace       used 68452K, committed 68800K, reserved 1114112K
  class space    used 7750K, committed 7936K, reserved 1048576K
}
Event: 29.946 GC heap before
{Heap before GC invocations=23 (full 0):
 garbage-first heap   total 177152K, used 140124K [0x0000000081a00000, 0x0000000100000000)
  region size 1024K, 68 young (69632K), 7 survivors (7168K)
 Metaspace       used 74993K, committed 75264K, reserved 1122304K
  class space    used 8368K, committed 8512K, reserved 1048576K
}
Event: 29.968 GC heap after
{Heap after GC invocations=24 (full 0):
 garbage-first heap   total 177152K, used 82821K [0x0000000081a00000, 0x0000000100000000)
  region size 1024K, 5 young (5120K), 5 survivors (5120K)
 Metaspace       used 74993K, committed 75264K, reserved 1122304K
  class space    used 8368K, committed 8512K, reserved 1048576K
}
Event: 30.061 GC heap before
{Heap before GC invocations=24 (full 0):
 garbage-first heap   total 177152K, used 84869K [0x0000000081a00000, 0x0000000100000000)
  region size 1024K, 8 young (8192K), 5 survivors (5120K)
 Metaspace       used 75069K, committed 75328K, reserved 1122304K
  class space    used 8372K, committed 8512K, reserved 1048576K
}
Event: 30.071 GC heap after
{Heap after GC invocations=25 (full 0):
 garbage-first heap   total 177152K, used 82899K [0x0000000081a00000, 0x0000000100000000)
  region size 1024K, 5 young (5120K), 5 survivors (5120K)
 Metaspace       used 75069K, committed 75328K, reserved 1122304K
  class space    used 8372K, committed 8512K, reserved 1048576K
}

