# JRE version: OpenJDK Runtime Environment (17.0.6) (build 17.0.6+0-b2043.56-10027231)
# Java VM: OpenJDK 64-Bit Server VM (17.0.6+0-b2043.56-10027231, mixed mode, tiered, compressed oops, compressed class ptrs, g1 gc, windows-amd64)
GC Precious Log:
 CPUs: 4 total, 4 available
 Memory: 8083M
 Large Page Support: Disabled
 NUMA Support: Disabled
 Compressed Oops: Enabled (32-bit)
 Heap Region Size: 1M
 Heap Min Capacity: 8M
 Heap Initial Capacity: 128M
 Heap Max Capacity: 2022M
 Pre-touch: Disabled
 Parallel Workers: 4
 Concurrent Workers: 1
 Concurrent Refinement Workers: 4
 Periodic GC: Disabled
Heap:
 garbage-first heap   total 140288K, used 77250K [0x0000000081a00000, 0x0000000100000000)
  region size 1024K, 31 young (31744K), 1 survivors (1024K)
 Metaspace       used 60756K, committed 60992K, reserved 1105920K
  class space    used 7279K, committed 7360K, reserved 1048576K
GC Heap History (20 events):
Event: 3.997 GC heap before
{Heap before GC invocations=9 (full 0):
 garbage-first heap   total 52224K, used 36312K [0x0000000081a00000, 0x0000000100000000)
  region size 1024K, 20 young (20480K), 2 survivors (2048K)
 Metaspace       used 39771K, committed 40000K, reserved 1089536K
  class space    used 4880K, committed 4992K, reserved 1048576K
}
Event: 4.002 GC heap after
{Heap after GC invocations=10 (full 0):
 garbage-first heap   total 52224K, used 20756K [0x0000000081a00000, 0x0000000100000000)
  region size 1024K, 3 young (3072K), 3 survivors (3072K)
 Metaspace       used 39771K, committed 40000K, reserved 1089536K
  class space    used 4880K, committed 4992K, reserved 1048576K
}
Event: 4.018 GC heap before
{Heap before GC invocations=10 (full 0):
 garbage-first heap   total 52224K, used 20756K [0x0000000081a00000, 0x0000000100000000)
  region size 1024K, 4 young (4096K), 3 survivors (3072K)
 Metaspace       used 40023K, committed 40256K, reserved 1089536K
  class space    used 4910K, committed 5056K, reserved 1048576K
}
Event: 4.024 GC heap after
{Heap after GC invocations=11 (full 0):
 garbage-first heap   total 52224K, used 20599K [0x0000000081a00000, 0x0000000100000000)
  region size 1024K, 1 young (1024K), 1 survivors (1024K)
 Metaspace       used 40023K, committed 40256K, reserved 1089536K
  class space    used 4910K, committed 5056K, reserved 1048576K
}
Event: 4.550 GC heap before
{Heap before GC invocations=11 (full 0):
 garbage-first heap   total 52224K, used 38007K [0x0000000081a00000, 0x0000000100000000)
  region size 1024K, 18 young (18432K), 1 survivors (1024K)
 Metaspace       used 44410K, committed 44672K, reserved 1089536K
  class space    used 5426K, committed 5568K, reserved 1048576K
}
Event: 4.556 GC heap after
{Heap after GC invocations=12 (full 0):
 garbage-first heap   total 52224K, used 21450K [0x0000000081a00000, 0x0000000100000000)
  region size 1024K, 2 young (2048K), 2 survivors (2048K)
 Metaspace       used 44410K, committed 44672K, reserved 1089536K
  class space    used 5426K, committed 5568K, reserved 1048576K
}
Event: 5.125 GC heap before
{Heap before GC invocations=13 (full 0):
 garbage-first heap   total 52224K, used 38858K [0x0000000081a00000, 0x0000000100000000)
  region size 1024K, 18 young (18432K), 2 survivors (2048K)
 Metaspace       used 47411K, committed 47616K, reserved 1097728K
  class space    used 5771K, committed 5888K, reserved 1048576K
}
Event: 5.132 GC heap after
{Heap after GC invocations=14 (full 0):
 garbage-first heap   total 52224K, used 25929K [0x0000000081a00000, 0x0000000100000000)
  region size 1024K, 3 young (3072K), 3 survivors (3072K)
 Metaspace       used 47411K, committed 47616K, reserved 1097728K
  class space    used 5771K, committed 5888K, reserved 1048576K
}
Event: 5.151 GC heap before
{Heap before GC invocations=14 (full 0):
 garbage-first heap   total 52224K, used 26953K [0x0000000081a00000, 0x0000000100000000)
  region size 1024K, 4 young (4096K), 3 survivors (3072K)
 Metaspace       used 47419K, committed 47616K, reserved 1097728K
  class space    used 5771K, committed 5888K, reserved 1048576K
}
Event: 5.161 GC heap after
{Heap after GC invocations=15 (full 0):
 garbage-first heap   total 52224K, used 26042K [0x0000000081a00000, 0x0000000100000000)
  region size 1024K, 1 young (1024K), 1 survivors (1024K)
 Metaspace       used 47419K, committed 47616K, reserved 1097728K
  class space    used 5771K, committed 5888K, reserved 1048576K
}
Event: 5.408 GC heap before
{Heap before GC invocations=15 (full 0):
 garbage-first heap   total 52224K, used 33210K [0x0000000081a00000, 0x0000000100000000)
  region size 1024K, 9 young (9216K), 1 survivors (1024K)
 Metaspace       used 49391K, committed 49664K, reserved 1097728K
  class space    used 6019K, committed 6144K, reserved 1048576K
}
Event: 5.412 GC heap after
{Heap after GC invocations=16 (full 0):
 garbage-first heap   total 114688K, used 26596K [0x0000000081a00000, 0x0000000100000000)
  region size 1024K, 2 young (2048K), 2 survivors (2048K)
 Metaspace       used 49391K, committed 49664K, reserved 1097728K
  class space    used 6019K, committed 6144K, reserved 1048576K
}
Event: 6.548 GC heap before
{Heap before GC invocations=16 (full 0):
 garbage-first heap   total 114688K, used 78820K [0x0000000081a00000, 0x0000000100000000)
  region size 1024K, 52 young (53248K), 2 survivors (2048K)
 Metaspace       used 53023K, committed 53248K, reserved 1097728K
  class space    used 6361K, committed 6464K, reserved 1048576K
}
Event: 6.562 GC heap after
{Heap after GC invocations=17 (full 0):
 garbage-first heap   total 114688K, used 32400K [0x0000000081a00000, 0x0000000100000000)
  region size 1024K, 7 young (7168K), 7 survivors (7168K)
 Metaspace       used 53023K, committed 53248K, reserved 1097728K
  class space    used 6361K, committed 6464K, reserved 1048576K
}
Event: 7.880 GC heap before
{Heap before GC invocations=17 (full 0):
 garbage-first heap   total 114688K, used 83600K [0x0000000081a00000, 0x0000000100000000)
  region size 1024K, 57 young (58368K), 7 survivors (7168K)
 Metaspace       used 54767K, committed 54976K, reserved 1097728K
  class space    used 6445K, committed 6528K, reserved 1048576K
}
Event: 7.914 GC heap after
{Heap after GC invocations=18 (full 0):
 garbage-first heap   total 114688K, used 40710K [0x0000000081a00000, 0x0000000100000000)
  region size 1024K, 8 young (8192K), 8 survivors (8192K)
 Metaspace       used 54767K, committed 54976K, reserved 1097728K
  class space    used 6445K, committed 6528K, reserved 1048576K
}
Event: 8.396 GC heap before
{Heap before GC invocations=18 (full 0):
 garbage-first heap   total 114688K, used 83718K [0x0000000081a00000, 0x0000000100000000)
  region size 1024K, 50 young (51200K), 8 survivors (8192K)
 Metaspace       used 55129K, committed 55360K, reserved 1097728K
  class space    used 6471K, committed 6592K, reserved 1048576K
}
Event: 8.423 GC heap after
{Heap after GC invocations=19 (full 0):
 garbage-first heap   total 114688K, used 46530K [0x0000000081a00000, 0x0000000100000000)
  region size 1024K, 6 young (6144K), 6 survivors (6144K)
 Metaspace       used 55129K, committed 55360K, reserved 1097728K
  class space    used 6471K, committed 6592K, reserved 1048576K
}
Event: 8.694 GC heap before
{Heap before GC invocations=19 (full 0):
 garbage-first heap   total 114688K, used 85442K [0x0000000081a00000, 0x0000000100000000)
  region size 1024K, 44 young (45056K), 6 survivors (6144K)
 Metaspace       used 56413K, committed 56640K, reserved 1105920K
  class space    used 6642K, committed 6720K, reserved 1048576K
}
Event: 8.706 GC heap after
{Heap after GC invocations=20 (full 0):
 garbage-first heap   total 140288K, used 47554K [0x0000000081a00000, 0x0000000100000000)
  region size 1024K, 1 young (1024K), 1 survivors (1024K)
 Metaspace       used 56413K, committed 56640K, reserved 1105920K
  class space    used 6642K, committed 6720K, reserved 1048576K
}

