# JRE version: OpenJDK Runtime Environment (17.0.6) (build 17.0.6+0-b2043.56-10027231)
# Java VM: OpenJDK 64-Bit Server VM (17.0.6+0-b2043.56-10027231, mixed mode, tiered, compressed oops, compressed class ptrs, g1 gc, windows-amd64)
GC Precious Log:
 CPUs: 4 total, 4 available
 Memory: 8083M
 Large Page Support: Disabled
 NUMA Support: Disabled
 Compressed Oops: Enabled (32-bit)
 Heap Region Size: 1M
 Heap Min Capacity: 8M
 Heap Initial Capacity: 128M
 Heap Max Capacity: 2G
 Pre-touch: Disabled
 Parallel Workers: 4
 Concurrent Workers: 1
 Concurrent Refinement Workers: 4
 Periodic GC: Disabled
Heap:
 garbage-first heap   total 138240K, used 80611K [0x0000000080000000, 0x0000000100000000)
  region size 1024K, 5 young (5120K), 2 survivors (2048K)
 Metaspace       used 89068K, committed 89664K, reserved 1130496K
  class space    used 12140K, committed 12416K, reserved 1048576K
GC Heap History (20 events):
Event: 40.783 GC heap before
{Heap before GC invocations=15 (full 0):
 garbage-first heap   total 129024K, used 94272K [0x0000000080000000, 0x0000000100000000)
  region size 1024K, 49 young (50176K), 9 survivors (9216K)
 Metaspace       used 59630K, committed 60096K, reserved 1105920K
  class space    used 7859K, committed 8064K, reserved 1048576K
}
Event: 40.796 GC heap after
{Heap after GC invocations=16 (full 0):
 garbage-first heap   total 129024K, used 56376K [0x0000000080000000, 0x0000000100000000)
  region size 1024K, 2 young (2048K), 2 survivors (2048K)
 Metaspace       used 59630K, committed 60096K, reserved 1105920K
  class space    used 7859K, committed 8064K, reserved 1048576K
}
Event: 41.751 GC heap before
{Heap before GC invocations=17 (full 0):
 garbage-first heap   total 129024K, used 77880K [0x0000000080000000, 0x0000000100000000)
  region size 1024K, 21 young (21504K), 2 survivors (2048K)
 Metaspace       used 63126K, committed 63680K, reserved 1105920K
  class space    used 8323K, committed 8576K, reserved 1048576K
}
Event: 41.760 GC heap after
{Heap after GC invocations=18 (full 0):
 garbage-first heap   total 129024K, used 62223K [0x0000000080000000, 0x0000000100000000)
  region size 1024K, 5 young (5120K), 5 survivors (5120K)
 Metaspace       used 63126K, committed 63680K, reserved 1105920K
  class space    used 8323K, committed 8576K, reserved 1048576K
}
Event: 43.732 GC heap before
{Heap before GC invocations=19 (full 0):
 garbage-first heap   total 129024K, used 103183K [0x0000000080000000, 0x0000000100000000)
  region size 1024K, 42 young (43008K), 5 survivors (5120K)
 Metaspace       used 66024K, committed 66624K, reserved 1114112K
  class space    used 8690K, committed 8960K, reserved 1048576K
}
Event: 43.747 GC heap after
{Heap after GC invocations=20 (full 0):
 garbage-first heap   total 129024K, used 61538K [0x0000000080000000, 0x0000000100000000)
  region size 1024K, 6 young (6144K), 6 survivors (6144K)
 Metaspace       used 66024K, committed 66624K, reserved 1114112K
  class space    used 8690K, committed 8960K, reserved 1048576K
}
Event: 54.422 GC heap before
{Heap before GC invocations=20 (full 0):
 garbage-first heap   total 129024K, used 101474K [0x0000000080000000, 0x0000000100000000)
  region size 1024K, 45 young (46080K), 6 survivors (6144K)
 Metaspace       used 70638K, committed 71232K, reserved 1114112K
  class space    used 9350K, committed 9600K, reserved 1048576K
}
Event: 54.436 GC heap after
{Heap after GC invocations=21 (full 0):
 garbage-first heap   total 129024K, used 64326K [0x0000000080000000, 0x0000000100000000)
  region size 1024K, 5 young (5120K), 5 survivors (5120K)
 Metaspace       used 70638K, committed 71232K, reserved 1114112K
  class space    used 9350K, committed 9600K, reserved 1048576K
}
Event: 57.824 GC heap before
{Heap before GC invocations=21 (full 0):
 garbage-first heap   total 129024K, used 103238K [0x0000000080000000, 0x0000000100000000)
  region size 1024K, 43 young (44032K), 5 survivors (5120K)
 Metaspace       used 74503K, committed 75008K, reserved 1122304K
  class space    used 9887K, committed 10112K, reserved 1048576K
}
Event: 57.841 GC heap after
{Heap after GC invocations=22 (full 0):
 garbage-first heap   total 129024K, used 68092K [0x0000000080000000, 0x0000000100000000)
  region size 1024K, 6 young (6144K), 6 survivors (6144K)
 Metaspace       used 74503K, committed 75008K, reserved 1122304K
  class space    used 9887K, committed 10112K, reserved 1048576K
}
Event: 58.884 GC heap before
{Heap before GC invocations=23 (full 0):
 garbage-first heap   total 133120K, used 103932K [0x0000000080000000, 0x0000000100000000)
  region size 1024K, 41 young (41984K), 6 survivors (6144K)
 Metaspace       used 75144K, committed 75712K, reserved 1122304K
  class space    used 9966K, committed 10240K, reserved 1048576K
}
Event: 58.906 GC heap after
{Heap after GC invocations=24 (full 0):
 garbage-first heap   total 133120K, used 71462K [0x0000000080000000, 0x0000000100000000)
  region size 1024K, 4 young (4096K), 4 survivors (4096K)
 Metaspace       used 75144K, committed 75712K, reserved 1122304K
  class space    used 9966K, committed 10240K, reserved 1048576K
}
Event: 61.374 GC heap before
{Heap before GC invocations=24 (full 0):
 garbage-first heap   total 133120K, used 82726K [0x0000000080000000, 0x0000000100000000)
  region size 1024K, 16 young (16384K), 4 survivors (4096K)
 Metaspace       used 76419K, committed 76928K, reserved 1122304K
  class space    used 10154K, committed 10368K, reserved 1048576K
}
Event: 61.386 GC heap after
{Heap after GC invocations=25 (full 0):
 garbage-first heap   total 133120K, used 72603K [0x0000000080000000, 0x0000000100000000)
  region size 1024K, 2 young (2048K), 2 survivors (2048K)
 Metaspace       used 76419K, committed 76928K, reserved 1122304K
  class space    used 10154K, committed 10368K, reserved 1048576K
}
Event: 65.380 GC heap before
{Heap before GC invocations=26 (full 0):
 garbage-first heap   total 133120K, used 109467K [0x0000000080000000, 0x0000000100000000)
  region size 1024K, 37 young (37888K), 2 survivors (2048K)
 Metaspace       used 80689K, committed 81216K, reserved 1122304K
  class space    used 10930K, committed 11200K, reserved 1048576K
}
Event: 65.387 GC heap after
{Heap after GC invocations=27 (full 0):
 garbage-first heap   total 133120K, used 74092K [0x0000000080000000, 0x0000000100000000)
  region size 1024K, 3 young (3072K), 3 survivors (3072K)
 Metaspace       used 80689K, committed 81216K, reserved 1122304K
  class space    used 10930K, committed 11200K, reserved 1048576K
}
Event: 65.537 GC heap before
{Heap before GC invocations=27 (full 0):
 garbage-first heap   total 133120K, used 77164K [0x0000000080000000, 0x0000000100000000)
  region size 1024K, 6 young (6144K), 3 survivors (3072K)
 Metaspace       used 80974K, committed 81472K, reserved 1122304K
  class space    used 10979K, committed 11200K, reserved 1048576K
}
Event: 65.543 GC heap after
{Heap after GC invocations=28 (full 0):
 garbage-first heap   total 133120K, used 73770K [0x0000000080000000, 0x0000000100000000)
  region size 1024K, 1 young (1024K), 1 survivors (1024K)
 Metaspace       used 80974K, committed 81472K, reserved 1122304K
  class space    used 10979K, committed 11200K, reserved 1048576K
}
Event: 67.509 GC heap before
{Heap before GC invocations=28 (full 0):
 garbage-first heap   total 133120K, used 109610K [0x0000000080000000, 0x0000000100000000)
  region size 1024K, 36 young (36864K), 1 survivors (1024K)
 Metaspace       used 84455K, committed 84992K, reserved 1130496K
  class space    used 11453K, committed 11712K, reserved 1048576K
}
Event: 67.530 GC heap after
{Heap after GC invocations=29 (full 0):
 garbage-first heap   total 133120K, used 76574K [0x0000000080000000, 0x0000000100000000)
  region size 1024K, 4 young (4096K), 4 survivors (4096K)
 Metaspace       used 84455K, committed 84992K, reserved 1130496K
  class space    used 11453K, committed 11712K, reserved 1048576K
}

