# JRE version: OpenJDK Runtime Environment (17.0.6) (build 17.0.6+0-b2043.56-10027231)
# Java VM: OpenJDK 64-Bit Server VM (17.0.6+0-b2043.56-10027231, mixed mode, tiered, compressed oops, compressed class ptrs, g1 gc, windows-amd64)
GC Precious Log:
 CPUs: 4 total, 4 available
 Memory: 8083M
 Large Page Support: Disabled
 NUMA Support: Disabled
 Compressed Oops: Enabled (32-bit)
 Heap Region Size: 1M
 Heap Min Capacity: 8M
 Heap Initial Capacity: 128M
 Heap Max Capacity: 2022M
 Pre-touch: Disabled
 Parallel Workers: 4
 Concurrent Workers: 1
 Concurrent Refinement Workers: 4
 Periodic GC: Disabled
Heap:
 garbage-first heap   total 89088K, used 52681K [0x0000000081a00000, 0x0000000100000000)
  region size 1024K, 2 young (2048K), 1 survivors (1024K)
 Metaspace       used 63420K, committed 63680K, reserved 1105920K
  class space    used 7510K, committed 7616K, reserved 1048576K
GC Heap History (20 events):
Event: 21.081 GC heap before
{Heap before GC invocations=18 (full 0):
 garbage-first heap   total 40960K, used 30714K [0x0000000081a00000, 0x0000000100000000)
  region size 1024K, 7 young (7168K), 1 survivors (1024K)
 Metaspace       used 49376K, committed 49664K, reserved 1097728K
  class space    used 6012K, committed 6144K, reserved 1048576K
}
Event: 21.086 GC heap after
{Heap after GC invocations=19 (full 0):
 garbage-first heap   total 72704K, used 26018K [0x0000000081a00000, 0x0000000100000000)
  region size 1024K, 1 young (1024K), 1 survivors (1024K)
 Metaspace       used 49376K, committed 49664K, reserved 1097728K
  class space    used 6012K, committed 6144K, reserved 1048576K
}
Event: 21.683 GC heap before
{Heap before GC invocations=19 (full 0):
 garbage-first heap   total 72704K, used 55714K [0x0000000081a00000, 0x0000000100000000)
  region size 1024K, 29 young (29696K), 1 survivors (1024K)
 Metaspace       used 50926K, committed 51136K, reserved 1097728K
  class space    used 6159K, committed 6272K, reserved 1048576K
}
Event: 21.689 GC heap after
{Heap after GC invocations=20 (full 0):
 garbage-first heap   total 72704K, used 27474K [0x0000000081a00000, 0x0000000100000000)
  region size 1024K, 3 young (3072K), 3 survivors (3072K)
 Metaspace       used 50926K, committed 51136K, reserved 1097728K
  class space    used 6159K, committed 6272K, reserved 1048576K
}
Event: 23.261 GC heap before
{Heap before GC invocations=20 (full 0):
 garbage-first heap   total 72704K, used 55122K [0x0000000081a00000, 0x0000000100000000)
  region size 1024K, 30 young (30720K), 3 survivors (3072K)
 Metaspace       used 53801K, committed 54016K, reserved 1097728K
  class space    used 6404K, committed 6528K, reserved 1048576K
}
Event: 23.289 GC heap after
{Heap after GC invocations=21 (full 0):
 garbage-first heap   total 72704K, used 33191K [0x0000000081a00000, 0x0000000100000000)
  region size 1024K, 4 young (4096K), 4 survivors (4096K)
 Metaspace       used 53801K, committed 54016K, reserved 1097728K
  class space    used 6404K, committed 6528K, reserved 1048576K
}
Event: 24.334 GC heap before
{Heap before GC invocations=21 (full 0):
 garbage-first heap   total 72704K, used 54695K [0x0000000081a00000, 0x0000000100000000)
  region size 1024K, 25 young (25600K), 4 survivors (4096K)
 Metaspace       used 54352K, committed 54592K, reserved 1097728K
  class space    used 6423K, committed 6528K, reserved 1048576K
}
Event: 24.360 GC heap after
{Heap after GC invocations=22 (full 0):
 garbage-first heap   total 72704K, used 37597K [0x0000000081a00000, 0x0000000100000000)
  region size 1024K, 4 young (4096K), 4 survivors (4096K)
 Metaspace       used 54352K, committed 54592K, reserved 1097728K
  class space    used 6423K, committed 6528K, reserved 1048576K
}
Event: 24.795 GC heap before
{Heap before GC invocations=22 (full 0):
 garbage-first heap   total 72704K, used 56029K [0x0000000081a00000, 0x0000000100000000)
  region size 1024K, 22 young (22528K), 4 survivors (4096K)
 Metaspace       used 54554K, committed 54784K, reserved 1097728K
  class space    used 6429K, committed 6528K, reserved 1048576K
}
Event: 24.820 GC heap after
{Heap after GC invocations=23 (full 0):
 garbage-first heap   total 88064K, used 40922K [0x0000000081a00000, 0x0000000100000000)
  region size 1024K, 3 young (3072K), 3 survivors (3072K)
 Metaspace       used 54554K, committed 54784K, reserved 1097728K
  class space    used 6429K, committed 6528K, reserved 1048576K
}
Event: 25.269 GC heap before
{Heap before GC invocations=24 (full 0):
 garbage-first heap   total 88064K, used 66522K [0x0000000081a00000, 0x0000000100000000)
  region size 1024K, 28 young (28672K), 3 survivors (3072K)
 Metaspace       used 54768K, committed 54976K, reserved 1097728K
  class space    used 6449K, committed 6528K, reserved 1048576K
}
Event: 25.281 GC heap after
{Heap after GC invocations=25 (full 0):
 garbage-first heap   total 88064K, used 44003K [0x0000000081a00000, 0x0000000100000000)
  region size 1024K, 3 young (3072K), 3 survivors (3072K)
 Metaspace       used 54768K, committed 54976K, reserved 1097728K
  class space    used 6449K, committed 6528K, reserved 1048576K
}
Event: 25.366 GC heap before
{Heap before GC invocations=25 (full 0):
 garbage-first heap   total 88064K, used 67555K [0x0000000081a00000, 0x0000000100000000)
  region size 1024K, 26 young (26624K), 3 survivors (3072K)
 Metaspace       used 54771K, committed 54976K, reserved 1097728K
  class space    used 6449K, committed 6528K, reserved 1048576K
}
Event: 25.372 GC heap after
{Heap after GC invocations=26 (full 0):
 garbage-first heap   total 88064K, used 43852K [0x0000000081a00000, 0x0000000100000000)
  region size 1024K, 1 young (1024K), 1 survivors (1024K)
 Metaspace       used 54771K, committed 54976K, reserved 1097728K
  class space    used 6449K, committed 6528K, reserved 1048576K
}
Event: 26.587 GC heap before
{Heap before GC invocations=27 (full 0):
 garbage-first heap   total 88064K, used 68428K [0x0000000081a00000, 0x0000000100000000)
  region size 1024K, 26 young (26624K), 1 survivors (1024K)
 Metaspace       used 59067K, committed 59264K, reserved 1105920K
  class space    used 7101K, committed 7168K, reserved 1048576K
}
Event: 26.595 GC heap after
{Heap after GC invocations=28 (full 0):
 garbage-first heap   total 88064K, used 45484K [0x0000000081a00000, 0x0000000100000000)
  region size 1024K, 2 young (2048K), 2 survivors (2048K)
 Metaspace       used 59067K, committed 59264K, reserved 1105920K
  class space    used 7101K, committed 7168K, reserved 1048576K
}
Event: 26.607 GC heap before
{Heap before GC invocations=28 (full 0):
 garbage-first heap   total 88064K, used 47532K [0x0000000081a00000, 0x0000000100000000)
  region size 1024K, 4 young (4096K), 2 survivors (2048K)
 Metaspace       used 59074K, committed 59264K, reserved 1105920K
  class space    used 7101K, committed 7168K, reserved 1048576K
}
Event: 26.614 GC heap after
{Heap after GC invocations=29 (full 0):
 garbage-first heap   total 88064K, used 45496K [0x0000000081a00000, 0x0000000100000000)
  region size 1024K, 1 young (1024K), 1 survivors (1024K)
 Metaspace       used 59074K, committed 59264K, reserved 1105920K
  class space    used 7101K, committed 7168K, reserved 1048576K
}
Event: 27.482 GC heap before
{Heap before GC invocations=29 (full 0):
 garbage-first heap   total 88064K, used 70072K [0x0000000081a00000, 0x0000000100000000)
  region size 1024K, 25 young (25600K), 1 survivors (1024K)
 Metaspace       used 61893K, committed 62144K, reserved 1105920K
  class space    used 7396K, committed 7488K, reserved 1048576K
}
Event: 27.493 GC heap after
{Heap after GC invocations=30 (full 0):
 garbage-first heap   total 88064K, used 49097K [0x0000000081a00000, 0x0000000100000000)
  region size 1024K, 4 young (4096K), 4 survivors (4096K)
 Metaspace       used 61893K, committed 62144K, reserved 1105920K
  class space    used 7396K, committed 7488K, reserved 1048576K
}

