# JRE version: OpenJDK Runtime Environment (17.0.6) (build 17.0.6+0-b2043.56-10027231)
# Java VM: OpenJDK 64-Bit Server VM (17.0.6+0-b2043.56-10027231, mixed mode, tiered, compressed oops, compressed class ptrs, g1 gc, windows-amd64)
GC Precious Log:
 CPUs: 4 total, 4 available
 Memory: 8083M
 Large Page Support: Disabled
 NUMA Support: Disabled
 Compressed Oops: Enabled (32-bit)
 Heap Region Size: 1M
 Heap Min Capacity: 8M
 Heap Initial Capacity: 128M
 Heap Max Capacity: 2022M
 Pre-touch: Disabled
 Parallel Workers: 4
 Concurrent Workers: 1
 Concurrent Refinement Workers: 4
 Periodic GC: Disabled
Heap:
 garbage-first heap   total 66560K, used 36675K [0x0000000081a00000, 0x0000000100000000)
  region size 1024K, 11 young (11264K), 1 survivors (1024K)
 Metaspace       used 49859K, committed 50112K, reserved 1097728K
  class space    used 6051K, committed 6144K, reserved 1048576K
GC Heap History (20 events):
Event: 2.452 GC heap before
{Heap before GC invocations=4 (full 0):
 garbage-first heap   total 40960K, used 31880K [0x0000000081a00000, 0x0000000100000000)
  region size 1024K, 27 young (27648K), 5 survivors (5120K)
 Metaspace       used 28547K, committed 28736K, reserved 1081344K
  class space    used 3543K, committed 3648K, reserved 1048576K
}
Event: 2.463 GC heap after
{Heap after GC invocations=5 (full 0):
 garbage-first heap   total 40960K, used 11532K [0x0000000081a00000, 0x0000000100000000)
  region size 1024K, 6 young (6144K), 6 survivors (6144K)
 Metaspace       used 28547K, committed 28736K, reserved 1081344K
  class space    used 3543K, committed 3648K, reserved 1048576K
}
Event: 2.876 GC heap before
{Heap before GC invocations=5 (full 0):
 garbage-first heap   total 40960K, used 30988K [0x0000000081a00000, 0x0000000100000000)
  region size 1024K, 24 young (24576K), 6 survivors (6144K)
 Metaspace       used 30472K, committed 30656K, reserved 1081344K
  class space    used 3936K, committed 4032K, reserved 1048576K
}
Event: 2.899 GC heap after
{Heap after GC invocations=6 (full 0):
 garbage-first heap   total 43008K, used 17390K [0x0000000081a00000, 0x0000000100000000)
  region size 1024K, 3 young (3072K), 3 survivors (3072K)
 Metaspace       used 30472K, committed 30656K, reserved 1081344K
  class space    used 3936K, committed 4032K, reserved 1048576K
}
Event: 3.189 GC heap before
{Heap before GC invocations=6 (full 0):
 garbage-first heap   total 43008K, used 30702K [0x0000000081a00000, 0x0000000100000000)
  region size 1024K, 16 young (16384K), 3 survivors (3072K)
 Metaspace       used 33882K, committed 34112K, reserved 1081344K
  class space    used 4320K, committed 4416K, reserved 1048576K
}
Event: 3.199 GC heap after
{Heap after GC invocations=7 (full 0):
 garbage-first heap   total 43008K, used 16990K [0x0000000081a00000, 0x0000000100000000)
  region size 1024K, 2 young (2048K), 2 survivors (2048K)
 Metaspace       used 33882K, committed 34112K, reserved 1081344K
  class space    used 4320K, committed 4416K, reserved 1048576K
}
Event: 3.415 GC heap before
{Heap before GC invocations=7 (full 0):
 garbage-first heap   total 43008K, used 26206K [0x0000000081a00000, 0x0000000100000000)
  region size 1024K, 12 young (12288K), 2 survivors (2048K)
 Metaspace       used 35844K, committed 36096K, reserved 1081344K
  class space    used 4533K, committed 4672K, reserved 1048576K
}
Event: 3.420 GC heap after
{Heap after GC invocations=8 (full 0):
 garbage-first heap   total 54272K, used 18349K [0x0000000081a00000, 0x0000000100000000)
  region size 1024K, 2 young (2048K), 2 survivors (2048K)
 Metaspace       used 35844K, committed 36096K, reserved 1081344K
  class space    used 4533K, committed 4672K, reserved 1048576K
}
Event: 3.793 GC heap before
{Heap before GC invocations=9 (full 0):
 garbage-first heap   total 54272K, used 37805K [0x0000000081a00000, 0x0000000100000000)
  region size 1024K, 22 young (22528K), 2 survivors (2048K)
 Metaspace       used 39973K, committed 40256K, reserved 1089536K
  class space    used 4909K, committed 5056K, reserved 1048576K
}
Event: 3.804 GC heap after
{Heap after GC invocations=10 (full 0):
 garbage-first heap   total 54272K, used 20588K [0x0000000081a00000, 0x0000000100000000)
  region size 1024K, 3 young (3072K), 3 survivors (3072K)
 Metaspace       used 39973K, committed 40256K, reserved 1089536K
  class space    used 4909K, committed 5056K, reserved 1048576K
}
Event: 4.504 GC heap before
{Heap before GC invocations=11 (full 0):
 garbage-first heap   total 54272K, used 39020K [0x0000000081a00000, 0x0000000100000000)
  region size 1024K, 21 young (21504K), 3 survivors (3072K)
 Metaspace       used 44855K, committed 45056K, reserved 1089536K
  class space    used 5479K, committed 5568K, reserved 1048576K
}
Event: 4.514 GC heap after
{Heap after GC invocations=12 (full 0):
 garbage-first heap   total 54272K, used 22109K [0x0000000081a00000, 0x0000000100000000)
  region size 1024K, 2 young (2048K), 2 survivors (2048K)
 Metaspace       used 44855K, committed 45056K, reserved 1089536K
  class space    used 5479K, committed 5568K, reserved 1048576K
}
Event: 5.125 GC heap before
{Heap before GC invocations=12 (full 0):
 garbage-first heap   total 54272K, used 41565K [0x0000000081a00000, 0x0000000100000000)
  region size 1024K, 19 young (19456K), 2 survivors (2048K)
 Metaspace       used 47747K, committed 47936K, reserved 1097728K
  class space    used 5811K, committed 5888K, reserved 1048576K
}
Event: 5.138 GC heap after
{Heap after GC invocations=13 (full 0):
 garbage-first heap   total 54272K, used 27040K [0x0000000081a00000, 0x0000000100000000)
  region size 1024K, 3 young (3072K), 3 survivors (3072K)
 Metaspace       used 47747K, committed 47936K, reserved 1097728K
  class space    used 5811K, committed 5888K, reserved 1048576K
}
Event: 5.306 GC heap before
{Heap before GC invocations=13 (full 0):
 garbage-first heap   total 54272K, used 30112K [0x0000000081a00000, 0x0000000100000000)
  region size 1024K, 8 young (8192K), 3 survivors (3072K)
 Metaspace       used 49402K, committed 49664K, reserved 1097728K
  class space    used 6015K, committed 6144K, reserved 1048576K
}
Event: 5.319 GC heap after
{Heap after GC invocations=14 (full 0):
 garbage-first heap   total 54272K, used 27874K [0x0000000081a00000, 0x0000000100000000)
  region size 1024K, 1 young (1024K), 1 survivors (1024K)
 Metaspace       used 49402K, committed 49664K, reserved 1097728K
  class space    used 6015K, committed 6144K, reserved 1048576K
}
Event: 5.497 GC heap before
{Heap before GC invocations=15 (full 0):
 garbage-first heap   total 55296K, used 41186K [0x0000000081a00000, 0x0000000100000000)
  region size 1024K, 14 young (14336K), 1 survivors (1024K)
 Metaspace       used 49448K, committed 49728K, reserved 1097728K
  class space    used 6015K, committed 6144K, reserved 1048576K
}
Event: 5.500 GC heap after
{Heap after GC invocations=16 (full 0):
 garbage-first heap   total 55296K, used 28096K [0x0000000081a00000, 0x0000000100000000)
  region size 1024K, 1 young (1024K), 1 survivors (1024K)
 Metaspace       used 49448K, committed 49728K, reserved 1097728K
  class space    used 6015K, committed 6144K, reserved 1048576K
}
Event: 5.507 GC heap before
{Heap before GC invocations=16 (full 0):
 garbage-first heap   total 55296K, used 29120K [0x0000000081a00000, 0x0000000100000000)
  region size 1024K, 2 young (2048K), 1 survivors (1024K)
 Metaspace       used 49448K, committed 49728K, reserved 1097728K
  class space    used 6015K, committed 6144K, reserved 1048576K
}
Event: 5.510 GC heap after
{Heap after GC invocations=17 (full 0):
 garbage-first heap   total 66560K, used 27459K [0x0000000081a00000, 0x0000000100000000)
  region size 1024K, 1 young (1024K), 1 survivors (1024K)
 Metaspace       used 49448K, committed 49728K, reserved 1097728K
  class space    used 6015K, committed 6144K, reserved 1048576K
}

