# JRE version: OpenJDK Runtime Environment (17.0.6) (build 17.0.6+0-b2043.56-10027231)
# Java VM: OpenJDK 64-Bit Server VM (17.0.6+0-b2043.56-10027231, mixed mode, tiered, compressed oops, compressed class ptrs, g1 gc, windows-amd64)
GC Precious Log:
 CPUs: 4 total, 4 available
 Memory: 8083M
 Large Page Support: Disabled
 NUMA Support: Disabled
 Compressed Oops: Enabled (32-bit)
 Heap Region Size: 1M
 Heap Min Capacity: 8M
 Heap Initial Capacity: 128M
 Heap Max Capacity: 2G
 Pre-touch: Disabled
 Parallel Workers: 4
 Concurrent Workers: 1
 Concurrent Refinement Workers: 4
 Periodic GC: Disabled
Heap:
 garbage-first heap   total 330752K, used 252843K [0x0000000080000000, 0x0000000100000000)
  region size 1024K, 5 young (5120K), 5 survivors (5120K)
 Metaspace       used 110859K, committed 111616K, reserved 1146880K
  class space    used 15189K, committed 15552K, reserved 1048576K
GC Heap History (20 events):
Event: 52.419 GC heap after
{Heap after GC invocations=42 (full 0):
 garbage-first heap   total 189440K, used 109492K [0x0000000080000000, 0x0000000100000000)
  region size 1024K, 5 young (5120K), 5 survivors (5120K)
 Metaspace       used 97489K, committed 98176K, reserved 1138688K
  class space    used 13233K, committed 13568K, reserved 1048576K
}
Event: 52.548 GC heap before
{Heap before GC invocations=42 (full 0):
 garbage-first heap   total 189440K, used 112564K [0x0000000080000000, 0x0000000100000000)
  region size 1024K, 9 young (9216K), 5 survivors (5120K)
 Metaspace       used 97584K, committed 98240K, reserved 1138688K
  class space    used 13245K, committed 13568K, reserved 1048576K
}
Event: 52.561 GC heap after
{Heap after GC invocations=43 (full 0):
 garbage-first heap   total 189440K, used 109470K [0x0000000080000000, 0x0000000100000000)
  region size 1024K, 1 young (1024K), 1 survivors (1024K)
 Metaspace       used 97584K, committed 98240K, reserved 1138688K
  class space    used 13245K, committed 13568K, reserved 1048576K
}
Event: 53.848 GC heap before
{Heap before GC invocations=43 (full 0):
 garbage-first heap   total 189440K, used 165790K [0x0000000080000000, 0x0000000100000000)
  region size 1024K, 45 young (46080K), 1 survivors (1024K)
 Metaspace       used 100206K, committed 100864K, reserved 1138688K
  class space    used 13617K, committed 13952K, reserved 1048576K
}
Event: 53.863 GC heap after
{Heap after GC invocations=44 (full 0):
 garbage-first heap   total 323584K, used 129024K [0x0000000080000000, 0x0000000100000000)
  region size 1024K, 6 young (6144K), 6 survivors (6144K)
 Metaspace       used 100206K, committed 100864K, reserved 1138688K
  class space    used 13617K, committed 13952K, reserved 1048576K
}
Event: 56.595 GC heap before
{Heap before GC invocations=44 (full 0):
 garbage-first heap   total 323584K, used 279552K [0x0000000080000000, 0x0000000100000000)
  region size 1024K, 122 young (124928K), 6 survivors (6144K)
 Metaspace       used 104032K, committed 104704K, reserved 1146880K
  class space    used 14292K, committed 14592K, reserved 1048576K
}
Event: 56.722 GC heap after
{Heap after GC invocations=45 (full 0):
 garbage-first heap   total 330752K, used 186733K [0x0000000080000000, 0x0000000100000000)
  region size 1024K, 16 young (16384K), 16 survivors (16384K)
 Metaspace       used 104032K, committed 104704K, reserved 1146880K
  class space    used 14292K, committed 14592K, reserved 1048576K
}
Event: 57.281 GC heap before
{Heap before GC invocations=45 (full 0):
 garbage-first heap   total 330752K, used 247149K [0x0000000080000000, 0x0000000100000000)
  region size 1024K, 76 young (77824K), 16 survivors (16384K)
 Metaspace       used 104082K, committed 104768K, reserved 1146880K
  class space    used 14293K, committed 14592K, reserved 1048576K
}
Event: 57.413 GC heap after
{Heap after GC invocations=46 (full 0):
 garbage-first heap   total 330752K, used 217600K [0x0000000080000000, 0x0000000100000000)
  region size 1024K, 10 young (10240K), 10 survivors (10240K)
 Metaspace       used 104082K, committed 104768K, reserved 1146880K
  class space    used 14293K, committed 14592K, reserved 1048576K
}
Event: 61.630 GC heap before
{Heap before GC invocations=46 (full 0):
 garbage-first heap   total 330752K, used 257536K [0x0000000080000000, 0x0000000100000000)
  region size 1024K, 50 young (51200K), 10 survivors (10240K)
 Metaspace       used 106738K, committed 107392K, reserved 1146880K
  class space    used 14650K, committed 14976K, reserved 1048576K
}
Event: 61.687 GC heap after
{Heap after GC invocations=47 (full 0):
 garbage-first heap   total 330752K, used 228864K [0x0000000080000000, 0x0000000100000000)
  region size 1024K, 7 young (7168K), 7 survivors (7168K)
 Metaspace       used 106738K, committed 107392K, reserved 1146880K
  class space    used 14650K, committed 14976K, reserved 1048576K
}
Event: 62.701 GC heap before
{Heap before GC invocations=47 (full 0):
 garbage-first heap   total 330752K, used 263680K [0x0000000080000000, 0x0000000100000000)
  region size 1024K, 42 young (43008K), 7 survivors (7168K)
 Metaspace       used 108025K, committed 108800K, reserved 1146880K
  class space    used 14819K, committed 15168K, reserved 1048576K
}
Event: 62.723 GC heap after
{Heap after GC invocations=48 (full 0):
 garbage-first heap   total 330752K, used 231936K [0x0000000080000000, 0x0000000100000000)
  region size 1024K, 2 young (2048K), 2 survivors (2048K)
 Metaspace       used 108025K, committed 108800K, reserved 1146880K
  class space    used 14819K, committed 15168K, reserved 1048576K
}
Event: 63.602 GC heap before
{Heap before GC invocations=48 (full 0):
 garbage-first heap   total 330752K, used 268800K [0x0000000080000000, 0x0000000100000000)
  region size 1024K, 39 young (39936K), 2 survivors (2048K)
 Metaspace       used 109003K, committed 109696K, reserved 1146880K
  class space    used 14977K, committed 15296K, reserved 1048576K
}
Event: 63.615 GC heap after
{Heap after GC invocations=49 (full 0):
 garbage-first heap   total 330752K, used 233102K [0x0000000080000000, 0x0000000100000000)
  region size 1024K, 4 young (4096K), 4 survivors (4096K)
 Metaspace       used 109003K, committed 109696K, reserved 1146880K
  class space    used 14977K, committed 15296K, reserved 1048576K
}
Event: 64.441 GC heap before
{Heap before GC invocations=49 (full 0):
 garbage-first heap   total 330752K, used 270990K [0x0000000080000000, 0x0000000100000000)
  region size 1024K, 42 young (43008K), 4 survivors (4096K)
 Metaspace       used 109476K, committed 110144K, reserved 1146880K
  class space    used 15035K, committed 15360K, reserved 1048576K
}
Event: 64.463 GC heap after
{Heap after GC invocations=50 (full 0):
 garbage-first heap   total 330752K, used 236911K [0x0000000080000000, 0x0000000100000000)
  region size 1024K, 6 young (6144K), 6 survivors (6144K)
 Metaspace       used 109476K, committed 110144K, reserved 1146880K
  class space    used 15035K, committed 15360K, reserved 1048576K
}
Event: 65.066 GC heap before
{Heap before GC invocations=50 (full 0):
 garbage-first heap   total 330752K, used 278895K [0x0000000080000000, 0x0000000100000000)
  region size 1024K, 44 young (45056K), 6 survivors (6144K)
 Metaspace       used 110137K, committed 110848K, reserved 1146880K
  class space    used 15108K, committed 15424K, reserved 1048576K
}
Event: 65.090 GC heap after
{Heap after GC invocations=51 (full 0):
 garbage-first heap   total 330752K, used 241071K [0x0000000080000000, 0x0000000100000000)
  region size 1024K, 4 young (4096K), 4 survivors (4096K)
 Metaspace       used 110137K, committed 110848K, reserved 1146880K
  class space    used 15108K, committed 15424K, reserved 1048576K
}
Event: 65.979 GC heap before
{Heap before GC invocations=51 (full 0):
 garbage-first heap   total 330752K, used 284079K [0x0000000080000000, 0x0000000100000000)
  region size 1024K, 40 young (40960K), 4 survivors (4096K)
 Metaspace       used 110859K, committed 111616K, reserved 1146880K
  class space    used 15189K, committed 15552K, reserved 1048576K
}

