# JRE version: OpenJDK Runtime Environment (17.0.6) (build 17.0.6+0-b2043.56-10027231)
# Java VM: OpenJDK 64-Bit Server VM (17.0.6+0-b2043.56-10027231, mixed mode, tiered, compressed oops, compressed class ptrs, g1 gc, windows-amd64)
GC Precious Log:
 CPUs: 4 total, 4 available
 Memory: 8083M
 Large Page Support: Disabled
 NUMA Support: Disabled
 Compressed Oops: Enabled (32-bit)
 Heap Region Size: 1M
 Heap Min Capacity: 8M
 Heap Initial Capacity: 128M
 Heap Max Capacity: 2022M
 Pre-touch: Disabled
 Parallel Workers: 4
 Concurrent Workers: 1
 Concurrent Refinement Workers: 4
 Periodic GC: Disabled
Heap:
 garbage-first heap   total 119808K, used 71755K [0x0000000081a00000, 0x0000000100000000)
  region size 1024K, 24 young (24576K), 5 survivors (5120K)
 Metaspace       used 63676K, committed 64000K, reserved 1105920K
  class space    used 7545K, committed 7680K, reserved 1048576K
GC Heap History (20 events):
Event: 3.711 GC heap before
{Heap before GC invocations=10 (full 0):
 garbage-first heap   total 54272K, used 21339K [0x0000000081a00000, 0x0000000100000000)
  region size 1024K, 4 young (4096K), 3 survivors (3072K)
 Metaspace       used 39751K, committed 40000K, reserved 1089536K
  class space    used 4868K, committed 4992K, reserved 1048576K
}
Event: 3.718 GC heap after
{Heap after GC invocations=11 (full 0):
 garbage-first heap   total 54272K, used 20853K [0x0000000081a00000, 0x0000000100000000)
  region size 1024K, 1 young (1024K), 1 survivors (1024K)
 Metaspace       used 39751K, committed 40000K, reserved 1089536K
  class space    used 4868K, committed 4992K, reserved 1048576K
}
Event: 4.346 GC heap before
{Heap before GC invocations=11 (full 0):
 garbage-first heap   total 54272K, used 39285K [0x0000000081a00000, 0x0000000100000000)
  region size 1024K, 19 young (19456K), 1 survivors (1024K)
 Metaspace       used 44647K, committed 44864K, reserved 1089536K
  class space    used 5449K, committed 5568K, reserved 1048576K
}
Event: 4.356 GC heap after
{Heap after GC invocations=12 (full 0):
 garbage-first heap   total 54272K, used 22538K [0x0000000081a00000, 0x0000000100000000)
  region size 1024K, 3 young (3072K), 3 survivors (3072K)
 Metaspace       used 44647K, committed 44864K, reserved 1089536K
  class space    used 5449K, committed 5568K, reserved 1048576K
}
Event: 4.942 GC heap before
{Heap before GC invocations=13 (full 0):
 garbage-first heap   total 54272K, used 41994K [0x0000000081a00000, 0x0000000100000000)
  region size 1024K, 20 young (20480K), 3 survivors (3072K)
 Metaspace       used 47438K, committed 47680K, reserved 1097728K
  class space    used 5768K, committed 5888K, reserved 1048576K
}
Event: 4.952 GC heap after
{Heap after GC invocations=14 (full 0):
 garbage-first heap   total 54272K, used 27648K [0x0000000081a00000, 0x0000000100000000)
  region size 1024K, 3 young (3072K), 3 survivors (3072K)
 Metaspace       used 47438K, committed 47680K, reserved 1097728K
  class space    used 5768K, committed 5888K, reserved 1048576K
}
Event: 5.207 GC heap before
{Heap before GC invocations=14 (full 0):
 garbage-first heap   total 54272K, used 32768K [0x0000000081a00000, 0x0000000100000000)
  region size 1024K, 10 young (10240K), 3 survivors (3072K)
 Metaspace       used 49433K, committed 49664K, reserved 1097728K
  class space    used 6016K, committed 6144K, reserved 1048576K
}
Event: 5.215 GC heap after
{Heap after GC invocations=15 (full 0):
 garbage-first heap   total 96256K, used 28611K [0x0000000081a00000, 0x0000000100000000)
  region size 1024K, 1 young (1024K), 1 survivors (1024K)
 Metaspace       used 49433K, committed 49664K, reserved 1097728K
  class space    used 6016K, committed 6144K, reserved 1048576K
}
Event: 6.020 GC heap before
{Heap before GC invocations=15 (full 0):
 garbage-first heap   total 96256K, used 69571K [0x0000000081a00000, 0x0000000100000000)
  region size 1024K, 40 young (40960K), 1 survivors (1024K)
 Metaspace       used 52384K, committed 52608K, reserved 1097728K
  class space    used 6307K, committed 6400K, reserved 1048576K
}
Event: 6.034 GC heap after
{Heap after GC invocations=16 (full 0):
 garbage-first heap   total 96256K, used 31744K [0x0000000081a00000, 0x0000000100000000)
  region size 1024K, 4 young (4096K), 4 survivors (4096K)
 Metaspace       used 52384K, committed 52608K, reserved 1097728K
  class space    used 6307K, committed 6400K, reserved 1048576K
}
Event: 7.352 GC heap before
{Heap before GC invocations=16 (full 0):
 garbage-first heap   total 96256K, used 71680K [0x0000000081a00000, 0x0000000100000000)
  region size 1024K, 43 young (44032K), 4 survivors (4096K)
 Metaspace       used 54463K, committed 54720K, reserved 1097728K
  class space    used 6433K, committed 6528K, reserved 1048576K
}
Event: 7.382 GC heap after
{Heap after GC invocations=17 (full 0):
 garbage-first heap   total 96256K, used 38740K [0x0000000081a00000, 0x0000000100000000)
  region size 1024K, 6 young (6144K), 6 survivors (6144K)
 Metaspace       used 54463K, committed 54720K, reserved 1097728K
  class space    used 6433K, committed 6528K, reserved 1048576K
}
Event: 8.178 GC heap before
{Heap before GC invocations=17 (full 0):
 garbage-first heap   total 96256K, used 72532K [0x0000000081a00000, 0x0000000100000000)
  region size 1024K, 39 young (39936K), 6 survivors (6144K)
 Metaspace       used 54884K, committed 55104K, reserved 1097728K
  class space    used 6447K, committed 6528K, reserved 1048576K
}
Event: 8.214 GC heap after
{Heap after GC invocations=18 (full 0):
 garbage-first heap   total 96256K, used 45056K [0x0000000081a00000, 0x0000000100000000)
  region size 1024K, 5 young (5120K), 5 survivors (5120K)
 Metaspace       used 54884K, committed 55104K, reserved 1097728K
  class space    used 6447K, committed 6528K, reserved 1048576K
}
Event: 8.482 GC heap before
{Heap before GC invocations=18 (full 0):
 garbage-first heap   total 96256K, used 73728K [0x0000000081a00000, 0x0000000100000000)
  region size 1024K, 33 young (33792K), 5 survivors (5120K)
 Metaspace       used 55132K, committed 55360K, reserved 1097728K
  class space    used 6468K, committed 6592K, reserved 1048576K
}
Event: 8.504 GC heap after
{Heap after GC invocations=19 (full 0):
 garbage-first heap   total 119808K, used 49152K [0x0000000081a00000, 0x0000000100000000)
  region size 1024K, 4 young (4096K), 4 survivors (4096K)
 Metaspace       used 55132K, committed 55360K, reserved 1097728K
  class space    used 6468K, committed 6592K, reserved 1048576K
}
Event: 8.709 GC heap before
{Heap before GC invocations=19 (full 0):
 garbage-first heap   total 119808K, used 89088K [0x0000000081a00000, 0x0000000100000000)
  region size 1024K, 43 young (44032K), 4 survivors (4096K)
 Metaspace       used 55943K, committed 56128K, reserved 1105920K
  class space    used 6580K, committed 6656K, reserved 1048576K
}
Event: 8.719 GC heap after
{Heap after GC invocations=20 (full 0):
 garbage-first heap   total 119808K, used 49328K [0x0000000081a00000, 0x0000000100000000)
  region size 1024K, 4 young (4096K), 4 survivors (4096K)
 Metaspace       used 55943K, committed 56128K, reserved 1105920K
  class space    used 6580K, committed 6656K, reserved 1048576K
}
Event: 10.109 GC heap before
{Heap before GC invocations=20 (full 0):
 garbage-first heap   total 119808K, used 91312K [0x0000000081a00000, 0x0000000100000000)
  region size 1024K, 45 young (46080K), 4 survivors (4096K)
 Metaspace       used 61525K, committed 61760K, reserved 1105920K
  class space    used 7343K, committed 7424K, reserved 1048576K
}
Event: 10.130 GC heap after
{Heap after GC invocations=21 (full 0):
 garbage-first heap   total 119808K, used 53323K [0x0000000081a00000, 0x0000000100000000)
  region size 1024K, 5 young (5120K), 5 survivors (5120K)
 Metaspace       used 61525K, committed 61760K, reserved 1105920K
  class space    used 7343K, committed 7424K, reserved 1048576K
}

