# JRE version: OpenJDK Runtime Environment (17.0.6) (build 17.0.6+0-b2043.56-10027231)
# Java VM: OpenJDK 64-Bit Server VM (17.0.6+0-b2043.56-10027231, mixed mode, tiered, compressed oops, compressed class ptrs, g1 gc, windows-amd64)
GC Precious Log:
 CPUs: 4 total, 4 available
 Memory: 8083M
 Large Page Support: Disabled
 NUMA Support: Disabled
 Compressed Oops: Enabled (32-bit)
 Heap Region Size: 1M
 Heap Min Capacity: 8M
 Heap Initial Capacity: 128M
 Heap Max Capacity: 1G
 Pre-touch: Disabled
 Parallel Workers: 4
 Concurrent Workers: 1
 Concurrent Refinement Workers: 4
 Periodic GC: Disabled
Heap:
 garbage-first heap   total 411648K, used 322813K [0x00000000c0000000, 0x0000000100000000)
  region size 1024K, 18 young (18432K), 4 survivors (4096K)
 Metaspace       used 173361K, committed 175744K, reserved 1204224K
  class space    used 22256K, committed 23168K, reserved 1048576K
GC Heap History (20 events):
Event: 4588.993 GC heap before
{Heap before GC invocations=92 (full 1):
 garbage-first heap   total 375808K, used 324272K [0x00000000c0000000, 0x0000000100000000)
  region size 1024K, 19 young (19456K), 3 survivors (3072K)
 Metaspace       used 173675K, committed 175168K, reserved 1204224K
  class space    used 22395K, committed 23168K, reserved 1048576K
}
Event: 4589.003 GC heap after
{Heap after GC invocations=93 (full 1):
 garbage-first heap   total 375808K, used 308653K [0x00000000c0000000, 0x0000000100000000)
  region size 1024K, 1 young (1024K), 1 survivors (1024K)
 Metaspace       used 173675K, committed 175168K, reserved 1204224K
  class space    used 22395K, committed 23168K, reserved 1048576K
}
Event: 4589.142 GC heap before
{Heap before GC invocations=93 (full 1):
 garbage-first heap   total 375808K, used 326061K [0x00000000c0000000, 0x0000000100000000)
  region size 1024K, 18 young (18432K), 1 survivors (1024K)
 Metaspace       used 173690K, committed 175232K, reserved 1204224K
  class space    used 22395K, committed 23168K, reserved 1048576K
}
Event: 4589.148 GC heap after
{Heap after GC invocations=94 (full 1):
 garbage-first heap   total 411648K, used 309414K [0x00000000c0000000, 0x0000000100000000)
  region size 1024K, 2 young (2048K), 2 survivors (2048K)
 Metaspace       used 173690K, committed 175232K, reserved 1204224K
  class space    used 22395K, committed 23168K, reserved 1048576K
}
Event: 4589.659 GC heap before
{Heap before GC invocations=94 (full 1):
 garbage-first heap   total 411648K, used 347302K [0x00000000c0000000, 0x0000000100000000)
  region size 1024K, 40 young (40960K), 2 survivors (2048K)
 Metaspace       used 173710K, committed 175232K, reserved 1204224K
  class space    used 22395K, committed 23168K, reserved 1048576K
}
Event: 4589.664 GC heap after
{Heap after GC invocations=95 (full 1):
 garbage-first heap   total 411648K, used 309533K [0x00000000c0000000, 0x0000000100000000)
  region size 1024K, 2 young (2048K), 2 survivors (2048K)
 Metaspace       used 173710K, committed 175232K, reserved 1204224K
  class space    used 22395K, committed 23168K, reserved 1048576K
}
Event: 4590.187 GC heap before
{Heap before GC invocations=95 (full 1):
 garbage-first heap   total 411648K, used 350493K [0x00000000c0000000, 0x0000000100000000)
  region size 1024K, 42 young (43008K), 2 survivors (2048K)
 Metaspace       used 173723K, committed 175232K, reserved 1204224K
  class space    used 22395K, committed 23168K, reserved 1048576K
}
Event: 4590.201 GC heap after
{Heap after GC invocations=96 (full 1):
 garbage-first heap   total 411648K, used 314939K [0x00000000c0000000, 0x0000000100000000)
  region size 1024K, 6 young (6144K), 6 survivors (6144K)
 Metaspace       used 173723K, committed 175232K, reserved 1204224K
  class space    used 22395K, committed 23168K, reserved 1048576K
}
Event: 4592.227 GC heap before
{Heap before GC invocations=96 (full 1):
 garbage-first heap   total 411648K, used 347707K [0x00000000c0000000, 0x0000000100000000)
  region size 1024K, 27 young (27648K), 6 survivors (6144K)
 Metaspace       used 173743K, committed 175232K, reserved 1204224K
  class space    used 22395K, committed 23168K, reserved 1048576K
}
Event: 4592.241 GC heap after
{Heap after GC invocations=97 (full 1):
 garbage-first heap   total 411648K, used 319566K [0x00000000c0000000, 0x0000000100000000)
  region size 1024K, 1 young (1024K), 1 survivors (1024K)
 Metaspace       used 173743K, committed 175232K, reserved 1204224K
  class space    used 22395K, committed 23168K, reserved 1048576K
}
Event: 4592.368 GC heap before
{Heap before GC invocations=97 (full 1):
 garbage-first heap   total 411648K, used 329806K [0x00000000c0000000, 0x0000000100000000)
  region size 1024K, 2 young (2048K), 1 survivors (1024K)
 Metaspace       used 173743K, committed 175232K, reserved 1204224K
  class space    used 22395K, committed 23168K, reserved 1048576K
}
Event: 4592.376 GC heap after
{Heap after GC invocations=98 (full 1):
 garbage-first heap   total 411648K, used 321564K [0x00000000c0000000, 0x0000000100000000)
  region size 1024K, 1 young (1024K), 1 survivors (1024K)
 Metaspace       used 173743K, committed 175232K, reserved 1204224K
  class space    used 22395K, committed 23168K, reserved 1048576K
}
Event: 4812.944 GC heap before
{Heap before GC invocations=98 (full 1):
 garbage-first heap   total 411648K, used 356380K [0x00000000c0000000, 0x0000000100000000)
  region size 1024K, 34 young (34816K), 1 survivors (1024K)
 Metaspace       used 173793K, committed 175296K, reserved 1204224K
  class space    used 22396K, committed 23168K, reserved 1048576K
}
Event: 4812.952 GC heap after
{Heap after GC invocations=99 (full 1):
 garbage-first heap   total 411648K, used 312654K [0x00000000c0000000, 0x0000000100000000)
  region size 1024K, 3 young (3072K), 3 survivors (3072K)
 Metaspace       used 173793K, committed 175296K, reserved 1204224K
  class space    used 22396K, committed 23168K, reserved 1048576K
}
Event: 4815.815 GC heap before
{Heap before GC invocations=99 (full 1):
 garbage-first heap   total 411648K, used 355662K [0x00000000c0000000, 0x0000000100000000)
  region size 1024K, 44 young (45056K), 3 survivors (3072K)
 Metaspace       used 174075K, committed 175616K, reserved 1204224K
  class space    used 22424K, committed 23168K, reserved 1048576K
}
Event: 4815.833 GC heap after
{Heap after GC invocations=100 (full 1):
 garbage-first heap   total 411648K, used 321557K [0x00000000c0000000, 0x0000000100000000)
  region size 1024K, 6 young (6144K), 6 survivors (6144K)
 Metaspace       used 174075K, committed 175616K, reserved 1204224K
  class space    used 22424K, committed 23168K, reserved 1048576K
}
Event: 4816.421 GC heap before
{Heap before GC invocations=100 (full 1):
 garbage-first heap   total 411648K, used 353301K [0x00000000c0000000, 0x0000000100000000)
  region size 1024K, 37 young (37888K), 6 survivors (6144K)
 Metaspace       used 174122K, committed 175680K, reserved 1204224K
  class space    used 22424K, committed 23168K, reserved 1048576K
}
Event: 4816.455 GC heap after
{Heap after GC invocations=101 (full 1):
 garbage-first heap   total 411648K, used 333913K [0x00000000c0000000, 0x0000000100000000)
  region size 1024K, 5 young (5120K), 5 survivors (5120K)
 Metaspace       used 174122K, committed 175680K, reserved 1204224K
  class space    used 22424K, committed 23168K, reserved 1048576K
}
Event: 4816.536 GC heap before
{Heap before GC invocations=101 (full 1):
 garbage-first heap   total 411648K, used 351321K [0x00000000c0000000, 0x0000000100000000)
  region size 1024K, 16 young (16384K), 5 survivors (5120K)
 Metaspace       used 174124K, committed 175680K, reserved 1204224K
  class space    used 22424K, committed 23168K, reserved 1048576K
}
Event: 4816.556 GC heap after
{Heap after GC invocations=102 (full 1):
 garbage-first heap   total 411648K, used 346365K [0x00000000c0000000, 0x0000000100000000)
  region size 1024K, 4 young (4096K), 4 survivors (4096K)
 Metaspace       used 174124K, committed 175680K, reserved 1204224K
  class space    used 22424K, committed 23168K, reserved 1048576K
}

