# JRE version: OpenJDK Runtime Environment (17.0.6) (build 17.0.6+0-b2043.56-10027231)
# Java VM: OpenJDK 64-Bit Server VM (17.0.6+0-b2043.56-10027231, mixed mode, tiered, compressed oops, compressed class ptrs, g1 gc, windows-amd64)
GC Precious Log:
 CPUs: 4 total, 4 available
 Memory: 8083M
 Large Page Support: Disabled
 NUMA Support: Disabled
 Compressed Oops: Enabled (32-bit)
 Heap Region Size: 1M
 Heap Min Capacity: 8M
 Heap Initial Capacity: 128M
 Heap Max Capacity: 2G
 Pre-touch: Disabled
 Parallel Workers: 4
 Concurrent Workers: 1
 Concurrent Refinement Workers: 4
 Periodic GC: Disabled
Heap:
 garbage-first heap   total 132096K, used 67201K [0x0000000080000000, 0x0000000100000000)
  region size 1024K, 1 young (1024K), 1 survivors (1024K)
 Metaspace       used 73328K, committed 73856K, reserved 1114112K
  class space    used 9720K, committed 9920K, reserved 1048576K
GC Heap History (20 events):
Event: 12.164 GC heap after
{Heap after GC invocations=20 (full 0):
 garbage-first heap   total 83968K, used 56171K [0x0000000080000000, 0x0000000100000000)
  region size 1024K, 4 young (4096K), 4 survivors (4096K)
 Metaspace       used 54115K, committed 54592K, reserved 1097728K
  class space    used 7146K, committed 7360K, reserved 1048576K
}
Event: 12.196 GC heap before
{Heap before GC invocations=20 (full 0):
 garbage-first heap   total 83968K, used 57195K [0x0000000080000000, 0x0000000100000000)
  region size 1024K, 5 young (5120K), 4 survivors (4096K)
 Metaspace       used 54235K, committed 54720K, reserved 1097728K
  class space    used 7160K, committed 7360K, reserved 1048576K
}
Event: 12.201 GC heap after
{Heap after GC invocations=21 (full 0):
 garbage-first heap   total 83968K, used 56127K [0x0000000080000000, 0x0000000100000000)
  region size 1024K, 1 young (1024K), 1 survivors (1024K)
 Metaspace       used 54235K, committed 54720K, reserved 1097728K
  class space    used 7160K, committed 7360K, reserved 1048576K
}
Event: 12.544 GC heap before
{Heap before GC invocations=21 (full 0):
 garbage-first heap   total 83968K, used 68415K [0x0000000080000000, 0x0000000100000000)
  region size 1024K, 14 young (14336K), 1 survivors (1024K)
 Metaspace       used 56064K, committed 56512K, reserved 1105920K
  class space    used 7427K, committed 7616K, reserved 1048576K
}
Event: 12.549 GC heap after
{Heap after GC invocations=22 (full 0):
 garbage-first heap   total 121856K, used 56535K [0x0000000080000000, 0x0000000100000000)
  region size 1024K, 1 young (1024K), 1 survivors (1024K)
 Metaspace       used 56064K, committed 56512K, reserved 1105920K
  class space    used 7427K, committed 7616K, reserved 1048576K
}
Event: 13.719 GC heap before
{Heap before GC invocations=23 (full 0):
 garbage-first heap   total 121856K, used 91351K [0x0000000080000000, 0x0000000100000000)
  region size 1024K, 35 young (35840K), 1 survivors (1024K)
 Metaspace       used 62494K, committed 62976K, reserved 1105920K
  class space    used 8249K, committed 8512K, reserved 1048576K
}
Event: 13.727 GC heap after
{Heap after GC invocations=24 (full 0):
 garbage-first heap   total 121856K, used 59011K [0x0000000080000000, 0x0000000100000000)
  region size 1024K, 4 young (4096K), 4 survivors (4096K)
 Metaspace       used 62494K, committed 62976K, reserved 1105920K
  class space    used 8249K, committed 8512K, reserved 1048576K
}
Event: 13.793 GC heap before
{Heap before GC invocations=24 (full 0):
 garbage-first heap   total 121856K, used 59011K [0x0000000080000000, 0x0000000100000000)
  region size 1024K, 5 young (5120K), 4 survivors (4096K)
 Metaspace       used 63050K, committed 63616K, reserved 1105920K
  class space    used 8316K, committed 8576K, reserved 1048576K
}
Event: 13.800 GC heap after
{Heap after GC invocations=25 (full 0):
 garbage-first heap   total 121856K, used 58815K [0x0000000080000000, 0x0000000100000000)
  region size 1024K, 1 young (1024K), 1 survivors (1024K)
 Metaspace       used 63050K, committed 63616K, reserved 1105920K
  class space    used 8316K, committed 8576K, reserved 1048576K
}
Event: 13.846 GC heap before
{Heap before GC invocations=25 (full 0):
 garbage-first heap   total 121856K, used 59839K [0x0000000080000000, 0x0000000100000000)
  region size 1024K, 3 young (3072K), 1 survivors (1024K)
 Metaspace       used 63101K, committed 63680K, reserved 1105920K
  class space    used 8323K, committed 8576K, reserved 1048576K
}
Event: 13.848 GC heap after
{Heap after GC invocations=26 (full 0):
 garbage-first heap   total 121856K, used 59353K [0x0000000080000000, 0x0000000100000000)
  region size 1024K, 2 young (2048K), 2 survivors (2048K)
 Metaspace       used 63101K, committed 63680K, reserved 1105920K
  class space    used 8323K, committed 8576K, reserved 1048576K
}
Event: 14.551 GC heap before
{Heap before GC invocations=27 (full 0):
 garbage-first heap   total 132096K, used 96217K [0x0000000080000000, 0x0000000100000000)
  region size 1024K, 32 young (32768K), 2 survivors (2048K)
 Metaspace       used 65111K, committed 65600K, reserved 1105920K
  class space    used 8588K, committed 8832K, reserved 1048576K
}
Event: 14.557 GC heap after
{Heap after GC invocations=28 (full 0):
 garbage-first heap   total 132096K, used 62083K [0x0000000080000000, 0x0000000100000000)
  region size 1024K, 4 young (4096K), 4 survivors (4096K)
 Metaspace       used 65111K, committed 65600K, reserved 1105920K
  class space    used 8588K, committed 8832K, reserved 1048576K
}
Event: 14.605 GC heap before
{Heap before GC invocations=28 (full 0):
 garbage-first heap   total 132096K, used 64131K [0x0000000080000000, 0x0000000100000000)
  region size 1024K, 6 young (6144K), 4 survivors (4096K)
 Metaspace       used 65271K, committed 65792K, reserved 1105920K
  class space    used 8606K, committed 8832K, reserved 1048576K
}
Event: 14.614 GC heap after
{Heap after GC invocations=29 (full 0):
 garbage-first heap   total 132096K, used 62094K [0x0000000080000000, 0x0000000100000000)
  region size 1024K, 1 young (1024K), 1 survivors (1024K)
 Metaspace       used 65271K, committed 65792K, reserved 1105920K
  class space    used 8606K, committed 8832K, reserved 1048576K
}
Event: 15.449 GC heap before
{Heap before GC invocations=29 (full 0):
 garbage-first heap   total 132096K, used 96910K [0x0000000080000000, 0x0000000100000000)
  region size 1024K, 35 young (35840K), 1 survivors (1024K)
 Metaspace       used 68689K, committed 69184K, reserved 1114112K
  class space    used 9082K, committed 9280K, reserved 1048576K
}
Event: 15.455 GC heap after
{Heap after GC invocations=30 (full 0):
 garbage-first heap   total 132096K, used 64263K [0x0000000080000000, 0x0000000100000000)
  region size 1024K, 3 young (3072K), 3 survivors (3072K)
 Metaspace       used 68689K, committed 69184K, reserved 1114112K
  class space    used 9082K, committed 9280K, reserved 1048576K
}
Event: 16.130 GC heap before
{Heap before GC invocations=31 (full 0):
 garbage-first heap   total 132096K, used 100103K [0x0000000080000000, 0x0000000100000000)
  region size 1024K, 38 young (38912K), 3 survivors (3072K)
 Metaspace       used 73219K, committed 73728K, reserved 1114112K
  class space    used 9702K, committed 9920K, reserved 1048576K
}
Event: 16.142 GC heap after
{Heap after GC invocations=32 (full 0):
 garbage-first heap   total 132096K, used 66921K [0x0000000080000000, 0x0000000100000000)
  region size 1024K, 5 young (5120K), 5 survivors (5120K)
 Metaspace       used 73219K, committed 73728K, reserved 1114112K
  class space    used 9702K, committed 9920K, reserved 1048576K
}
Event: 16.157 GC heap before
{Heap before GC invocations=32 (full 0):
 garbage-first heap   total 132096K, used 67945K [0x0000000080000000, 0x0000000100000000)
  region size 1024K, 6 young (6144K), 5 survivors (5120K)
 Metaspace       used 73328K, committed 73856K, reserved 1114112K
  class space    used 9720K, committed 9920K, reserved 1048576K
}

